TpTrace Verbose: 0 : 60304, 1, 2023/09/22, 15:27:55.449, 6584529246341, vstest.console.dll, Version: 17.6.3-release-20230616-01 Current process architecture: X64
TpTrace Verbose: 0 : 60304, 1, 2023/09/22, 15:27:55.450, 6584529263849, vstest.console.dll, Runtime location: C:\Program Files\dotnet\shared\Microsoft.NETCore.App\7.0.9
TpTrace Verbose: 0 : 60304, 1, 2023/09/22, 15:27:55.454, 6584529299152, vstest.console.dll, ArtifactProcessingPostProcessModeProcessorExecutor.Initialize: ArtifactProcessingMode.Collect
TpTrace Verbose: 0 : 60304, 1, 2023/09/22, 15:27:55.454, 6584529303039, vstest.console.dll, TestSessionCorrelationIdProcessorModeProcessorExecutor.Initialize: TestSessionCorrelationId '33440_9de294f7-5ce5-46ac-9117-f9cd937e7bfb'
TpTrace Information: 0 : 60304, 1, 2023/09/22, 15:27:55.463, 6584529385312, vstest.console.dll, FilePatternParser: The given file C:\Users\eriks\Desktop\repos\Kympu\codelex-exercises\csharp-basics\exercises\UnitTesting\ScooterRental.Tests\bin\Debug\net7.0\fine-code-coverage\build-output\ScooterRental.Tests.dll is a full path.
TpTrace Verbose: 0 : 60304, 1, 2023/09/22, 15:27:55.469, 6584529446550, vstest.console.dll, TestPluginCache.DiscoverTestExtensions: finding test extensions in assemblies ends with: RuntimeProvider.dll TPluginInfo: Microsoft.VisualStudio.TestPlatform.Common.ExtensionFramework.Utilities.TestRuntimePluginInformation TExtension: Microsoft.VisualStudio.TestPlatform.ObjectModel.Host.ITestRuntimeProvider
TpTrace Verbose: 0 : 60304, 1, 2023/09/22, 15:27:55.469, 6584529450503, vstest.console.dll, TestPluginCache.GetExtensionPaths: Filtered extension paths: 
TpTrace Verbose: 0 : 60304, 1, 2023/09/22, 15:27:55.469, 6584529451426, vstest.console.dll, TestPluginCache.GetExtensionPaths: Added default extension paths: C:\Program Files\dotnet\sdk\7.0.306\Extensions\Microsoft.Diagnostics.NETCore.Client.dll
C:\Program Files\dotnet\sdk\7.0.306\Extensions\Microsoft.TestPlatform.Extensions.BlameDataCollector.dll
C:\Program Files\dotnet\sdk\7.0.306\Extensions\Microsoft.TestPlatform.Extensions.EventLogCollector.dll
C:\Program Files\dotnet\sdk\7.0.306\Extensions\Microsoft.TestPlatform.TestHostRuntimeProvider.dll
C:\Program Files\dotnet\sdk\7.0.306\Extensions\Microsoft.VisualStudio.TestPlatform.Extensions.Html.TestLogger.dll
C:\Program Files\dotnet\sdk\7.0.306\Extensions\Microsoft.VisualStudio.TestPlatform.Extensions.Trx.TestLogger.dll
TpTrace Verbose: 0 : 60304, 1, 2023/09/22, 15:27:55.469, 6584529451800, vstest.console.dll, TestPluginCache.GetExtensionPaths: Added unfilterableExtensionPaths: 
TpTrace Information: 0 : 60304, 1, 2023/09/22, 15:27:55.470, 6584529459341, vstest.console.dll, AssemblyResolver.ctor: Creating AssemblyResolver with searchDirectories C:\Program Files\dotnet\sdk\7.0.306\Extensions,C:\Program Files\dotnet\sdk\7.0.306
TpTrace Verbose: 0 : 60304, 1, 2023/09/22, 15:27:55.471, 6584529470133, vstest.console.dll, TestPluginCache.DiscoverTestExtensions: Discovering the extensions using extension path.
TpTrace Verbose: 0 : 60304, 1, 2023/09/22, 15:27:55.471, 6584529472442, vstest.console.dll, TestPluginCache.GetExtensionPaths: Filtered extension paths: 
TpTrace Verbose: 0 : 60304, 1, 2023/09/22, 15:27:55.471, 6584529472881, vstest.console.dll, TestPluginCache.GetExtensionPaths: Added default extension paths: C:\Program Files\dotnet\sdk\7.0.306\Extensions\Microsoft.Diagnostics.NETCore.Client.dll
C:\Program Files\dotnet\sdk\7.0.306\Extensions\Microsoft.TestPlatform.Extensions.BlameDataCollector.dll
C:\Program Files\dotnet\sdk\7.0.306\Extensions\Microsoft.TestPlatform.Extensions.EventLogCollector.dll
C:\Program Files\dotnet\sdk\7.0.306\Extensions\Microsoft.TestPlatform.TestHostRuntimeProvider.dll
C:\Program Files\dotnet\sdk\7.0.306\Extensions\Microsoft.VisualStudio.TestPlatform.Extensions.Html.TestLogger.dll
C:\Program Files\dotnet\sdk\7.0.306\Extensions\Microsoft.VisualStudio.TestPlatform.Extensions.Trx.TestLogger.dll
TpTrace Verbose: 0 : 60304, 1, 2023/09/22, 15:27:55.471, 6584529473148, vstest.console.dll, TestPluginCache.GetExtensionPaths: Added unfilterableExtensionPaths: 
TpTrace Verbose: 0 : 60304, 1, 2023/09/22, 15:27:55.472, 6584529474768, vstest.console.dll, TestPluginCache.DiscoverTestExtensions: Discovering the extensions using allExtensionPaths: C:\Program Files\dotnet\sdk\7.0.306\Extensions\Microsoft.Diagnostics.NETCore.Client.dll
C:\Program Files\dotnet\sdk\7.0.306\Extensions\Microsoft.TestPlatform.Extensions.BlameDataCollector.dll
C:\Program Files\dotnet\sdk\7.0.306\Extensions\Microsoft.TestPlatform.Extensions.EventLogCollector.dll
C:\Program Files\dotnet\sdk\7.0.306\Extensions\Microsoft.TestPlatform.TestHostRuntimeProvider.dll
C:\Program Files\dotnet\sdk\7.0.306\Extensions\Microsoft.VisualStudio.TestPlatform.Extensions.Html.TestLogger.dll
C:\Program Files\dotnet\sdk\7.0.306\Extensions\Microsoft.VisualStudio.TestPlatform.Extensions.Trx.TestLogger.dll
TpTrace Information: 0 : 60304, 1, 2023/09/22, 15:27:55.472, 6584529476049, vstest.console.dll, AssemblyResolver.AddSearchDirectories: Adding more searchDirectories C:\Program Files\dotnet\sdk\7.0.306\Extensions,C:\Program Files\dotnet\sdk\7.0.306
TpTrace Information: 0 : 60304, 1, 2023/09/22, 15:27:55.472, 6584529476711, vstest.console.dll, AssemblyResolver.AddSearchDirectories: Adding more searchDirectories C:\Program Files\dotnet\sdk\7.0.306\Extensions,C:\Program Files\dotnet\sdk\7.0.306
TpTrace Information: 0 : 60304, 1, 2023/09/22, 15:27:55.472, 6584529477036, vstest.console.dll, AssemblyResolver.AddSearchDirectories: Adding more searchDirectories C:\Program Files\dotnet\sdk\7.0.306\Extensions,C:\Program Files\dotnet\sdk\7.0.306
TpTrace Information: 0 : 60304, 1, 2023/09/22, 15:27:55.472, 6584529477297, vstest.console.dll, AssemblyResolver.AddSearchDirectories: Adding more searchDirectories C:\Program Files\dotnet\sdk\7.0.306\Extensions,C:\Program Files\dotnet\sdk\7.0.306
TpTrace Information: 0 : 60304, 1, 2023/09/22, 15:27:55.472, 6584529477601, vstest.console.dll, AssemblyResolver.AddSearchDirectories: Adding more searchDirectories C:\Program Files\dotnet\sdk\7.0.306\Extensions,C:\Program Files\dotnet\sdk\7.0.306
TpTrace Information: 0 : 60304, 1, 2023/09/22, 15:27:55.472, 6584529477858, vstest.console.dll, AssemblyResolver.AddSearchDirectories: Adding more searchDirectories C:\Program Files\dotnet\sdk\7.0.306\Extensions,C:\Program Files\dotnet\sdk\7.0.306
TpTrace Information: 0 : 60304, 1, 2023/09/22, 15:27:55.472, 6584529481705, vstest.console.dll, AssemblyResolver.OnResolve: Microsoft.Diagnostics.NETCore.Client: Resolving assembly.
TpTrace Information: 0 : 60304, 1, 2023/09/22, 15:27:55.472, 6584529482571, vstest.console.dll, AssemblyResolver.OnResolve: Microsoft.Diagnostics.NETCore.Client: Searching in: 'C:\Program Files\dotnet\sdk\7.0.306\Extensions'.
TpTrace Information: 0 : 60304, 1, 2023/09/22, 15:27:55.480, 6584529558823, vstest.console.dll, AssemblyResolver.OnResolve: Microsoft.Diagnostics.NETCore.Client: Loading assembly 'C:\Program Files\dotnet\sdk\7.0.306\Extensions\Microsoft.Diagnostics.NETCore.Client.dll'.
TpTrace Information: 0 : 60304, 1, 2023/09/22, 15:27:55.481, 6584529565996, vstest.console.dll, AssemblyResolver.OnResolve: Resolved assembly: Microsoft.Diagnostics.NETCore.Client, from path: C:\Program Files\dotnet\sdk\7.0.306\Extensions\Microsoft.Diagnostics.NETCore.Client.dll
TpTrace Verbose: 0 : 60304, 1, 2023/09/22, 15:27:55.482, 6584529577218, vstest.console.dll, MetadataReaderExtensionsHelper: Discovering extensions inside assembly 'Microsoft.Diagnostics.NETCore.Client, Version=0.2.6.42401, Culture=neutral, PublicKeyToken=31bf3856ad364e35' file path 'C:\Program Files\dotnet\sdk\7.0.306\Extensions\Microsoft.Diagnostics.NETCore.Client.dll'
TpTrace Information: 0 : 60304, 1, 2023/09/22, 15:27:55.486, 6584529615471, vstest.console.dll, AssemblyResolver.OnResolve: Microsoft.Bcl.AsyncInterfaces: Resolving assembly.
TpTrace Information: 0 : 60304, 1, 2023/09/22, 15:27:55.486, 6584529616631, vstest.console.dll, AssemblyResolver.OnResolve: Microsoft.Bcl.AsyncInterfaces: Searching in: 'C:\Program Files\dotnet\sdk\7.0.306\Extensions'.
TpTrace Information: 0 : 60304, 1, 2023/09/22, 15:27:55.486, 6584529617452, vstest.console.dll, AssemblyResolver.OnResolve: Microsoft.Bcl.AsyncInterfaces: Assembly path does not exist: 'C:\Program Files\dotnet\sdk\7.0.306\Extensions\Microsoft.Bcl.AsyncInterfaces.dll', returning.
TpTrace Information: 0 : 60304, 1, 2023/09/22, 15:27:55.486, 6584529618683, vstest.console.dll, AssemblyResolver.OnResolve: Microsoft.Bcl.AsyncInterfaces: Assembly path does not exist: 'C:\Program Files\dotnet\sdk\7.0.306\Extensions\Microsoft.Bcl.AsyncInterfaces.exe', returning.
TpTrace Information: 0 : 60304, 1, 2023/09/22, 15:27:55.486, 6584529619038, vstest.console.dll, AssemblyResolver.OnResolve: Microsoft.Bcl.AsyncInterfaces: Searching in: 'C:\Program Files\dotnet\sdk\7.0.306'.
TpTrace Information: 0 : 60304, 1, 2023/09/22, 15:27:55.486, 6584529623290, vstest.console.dll, AssemblyResolver.OnResolve: Microsoft.Bcl.AsyncInterfaces: Assembly path does not exist: 'C:\Program Files\dotnet\sdk\7.0.306\Microsoft.Bcl.AsyncInterfaces.dll', returning.
TpTrace Information: 0 : 60304, 1, 2023/09/22, 15:27:55.487, 6584529624964, vstest.console.dll, AssemblyResolver.OnResolve: Microsoft.Bcl.AsyncInterfaces: Assembly path does not exist: 'C:\Program Files\dotnet\sdk\7.0.306\Microsoft.Bcl.AsyncInterfaces.exe', returning.
TpTrace Information: 0 : 60304, 1, 2023/09/22, 15:27:55.487, 6584529625632, vstest.console.dll, AssemblyResolver.OnResolve: Microsoft.Bcl.AsyncInterfaces: Failed to load assembly.
TpTrace Verbose: 0 : 60304, 1, 2023/09/22, 15:27:55.487, 6584529626065, vstest.console.dll, CurrentDomainAssemblyResolve: Resolving assembly 'Microsoft.Bcl.AsyncInterfaces'.
TpTrace Information: 0 : 60304, 1, 2023/09/22, 15:27:55.487, 6584529626823, vstest.console.dll, AssemblyResolver.OnResolve: Microsoft.Bcl.AsyncInterfaces: Resolving assembly.
TpTrace Information: 0 : 60304, 1, 2023/09/22, 15:27:55.487, 6584529627321, vstest.console.dll, AssemblyResolver.OnResolve: Microsoft.Bcl.AsyncInterfaces: Resolved from cache.
TpTrace Verbose: 0 : 60304, 1, 2023/09/22, 15:27:55.487, 6584529627597, vstest.console.dll, CurrentDomainAssemblyResolve: Resolving assembly 'Microsoft.Bcl.AsyncInterfaces'.
TpTrace Verbose: 0 : 60304, 1, 2023/09/22, 15:27:55.487, 6584529627932, vstest.console.dll, CurrentDomainAssemblyResolve: Failed to resolve assembly 'Microsoft.Bcl.AsyncInterfaces'.
TpTrace Verbose: 0 : 60304, 1, 2023/09/22, 15:27:55.488, 6584529634676, vstest.console.dll, CurrentDomainAssemblyResolve: Failed to resolve assembly 'Microsoft.Bcl.AsyncInterfaces'.
TpTrace Warning: 0 : 60304, 1, 2023/09/22, 15:27:55.494, 6584529698216, vstest.console.dll, TestPluginDiscoverer: Failed to get types from assembly 'Microsoft.Diagnostics.NETCore.Client, Version=0.2.6.42401, Culture=neutral, PublicKeyToken=31bf3856ad364e35'. Error: System.Reflection.ReflectionTypeLoadException: Unable to load one or more of the requested types.
Could not load file or assembly 'Microsoft.Bcl.AsyncInterfaces, Version=1.0.0.0, Culture=neutral, PublicKeyToken=cc7b13ffcd2ddd51'. The system cannot find the file specified.
   at System.Reflection.RuntimeModule.GetTypes(RuntimeModule module)
   at System.Reflection.Assembly.GetTypes()
   at Microsoft.VisualStudio.TestPlatform.Common.ExtensionFramework.TestPluginDiscoverer.GetTestExtensionsFromAssembly[TPluginInfo,TExtension](Assembly assembly, Dictionary`2 pluginInfos, String filePath)
System.IO.FileNotFoundException: Could not load file or assembly 'Microsoft.Bcl.AsyncInterfaces, Version=1.0.0.0, Culture=neutral, PublicKeyToken=cc7b13ffcd2ddd51'. The system cannot find the file specified.
File name: 'Microsoft.Bcl.AsyncInterfaces, Version=1.0.0.0, Culture=neutral, PublicKeyToken=cc7b13ffcd2ddd51'
 ---> System.IO.FileNotFoundException: Could not load file or assembly 'Microsoft.Bcl.AsyncInterfaces, Culture=neutral, PublicKeyToken=null'. The system cannot find the file specified.
File name: 'Microsoft.Bcl.AsyncInterfaces, Culture=neutral, PublicKeyToken=null'
   at System.Reflection.RuntimeAssembly.InternalLoad(AssemblyName assemblyName, StackCrawlMark& stackMark, AssemblyLoadContext assemblyLoadContext, RuntimeAssembly requestingAssembly, Boolean throwOnFileNotFound)
   at System.Reflection.Assembly.Load(AssemblyName assemblyRef)
   at Microsoft.VisualStudio.TestPlatform.Common.ExtensionFramework.TestPluginCache.CurrentDomainAssemblyResolve(Object sender, AssemblyResolveEventArgs args)
   at System.Runtime.Loader.AssemblyLoadContext.GetFirstResolvedAssemblyFromResolvingEvent(AssemblyName assemblyName)
   at System.Runtime.Loader.AssemblyLoadContext.ResolveUsingEvent(AssemblyName assemblyName)
   at System.Runtime.Loader.AssemblyLoadContext.ResolveUsingResolvingEvent(IntPtr gchManagedAssemblyLoadContext, AssemblyName assemblyName)
TpTrace Warning: 0 : 60304, 1, 2023/09/22, 15:27:55.494, 6584529702386, vstest.console.dll, LoaderExceptions: System.IO.FileNotFoundException: Could not load file or assembly 'Microsoft.Bcl.AsyncInterfaces, Version=1.0.0.0, Culture=neutral, PublicKeyToken=cc7b13ffcd2ddd51'. The system cannot find the file specified.
File name: 'Microsoft.Bcl.AsyncInterfaces, Version=1.0.0.0, Culture=neutral, PublicKeyToken=cc7b13ffcd2ddd51'
 ---> System.IO.FileNotFoundException: Could not load file or assembly 'Microsoft.Bcl.AsyncInterfaces, Culture=neutral, PublicKeyToken=null'. The system cannot find the file specified.
File name: 'Microsoft.Bcl.AsyncInterfaces, Culture=neutral, PublicKeyToken=null'
   at System.Reflection.RuntimeAssembly.InternalLoad(AssemblyName assemblyName, StackCrawlMark& stackMark, AssemblyLoadContext assemblyLoadContext, RuntimeAssembly requestingAssembly, Boolean throwOnFileNotFound)
   at System.Reflection.Assembly.Load(AssemblyName assemblyRef)
   at Microsoft.VisualStudio.TestPlatform.Common.ExtensionFramework.TestPluginCache.CurrentDomainAssemblyResolve(Object sender, AssemblyResolveEventArgs args)
   at System.Runtime.Loader.AssemblyLoadContext.GetFirstResolvedAssemblyFromResolvingEvent(AssemblyName assemblyName)
   at System.Runtime.Loader.AssemblyLoadContext.ResolveUsingEvent(AssemblyName assemblyName)
   at System.Runtime.Loader.AssemblyLoadContext.ResolveUsingResolvingEvent(IntPtr gchManagedAssemblyLoadContext, AssemblyName assemblyName)
TpTrace Information: 0 : 60304, 1, 2023/09/22, 15:27:55.495, 6584529704423, vstest.console.dll, AssemblyResolver.OnResolve: Microsoft.TestPlatform.Extensions.BlameDataCollector: Resolving assembly.
TpTrace Information: 0 : 60304, 1, 2023/09/22, 15:27:55.495, 6584529704992, vstest.console.dll, AssemblyResolver.OnResolve: Microsoft.TestPlatform.Extensions.BlameDataCollector: Searching in: 'C:\Program Files\dotnet\sdk\7.0.306\Extensions'.
TpTrace Information: 0 : 60304, 1, 2023/09/22, 15:27:55.495, 6584529710712, vstest.console.dll, AssemblyResolver.OnResolve: Microsoft.TestPlatform.Extensions.BlameDataCollector: Loading assembly 'C:\Program Files\dotnet\sdk\7.0.306\Extensions\Microsoft.TestPlatform.Extensions.BlameDataCollector.dll'.
TpTrace Information: 0 : 60304, 1, 2023/09/22, 15:27:55.496, 6584529716791, vstest.console.dll, AssemblyResolver.OnResolve: Resolved assembly: Microsoft.TestPlatform.Extensions.BlameDataCollector, from path: C:\Program Files\dotnet\sdk\7.0.306\Extensions\Microsoft.TestPlatform.Extensions.BlameDataCollector.dll
TpTrace Verbose: 0 : 60304, 1, 2023/09/22, 15:27:55.496, 6584529717723, vstest.console.dll, MetadataReaderExtensionsHelper: Discovering extensions inside assembly 'Microsoft.TestPlatform.Extensions.BlameDataCollector, Version=15.0.0.0, Culture=neutral, PublicKeyToken=b03f5f7f11d50a3a' file path 'C:\Program Files\dotnet\sdk\7.0.306\Extensions\Microsoft.TestPlatform.Extensions.BlameDataCollector.dll'
TpTrace Information: 0 : 60304, 1, 2023/09/22, 15:27:55.498, 6584529736311, vstest.console.dll, AssemblyResolver.OnResolve: Microsoft.TestPlatform.Extensions.EventLogCollector: Resolving assembly.
TpTrace Information: 0 : 60304, 1, 2023/09/22, 15:27:55.498, 6584529737820, vstest.console.dll, AssemblyResolver.OnResolve: Microsoft.TestPlatform.Extensions.EventLogCollector: Searching in: 'C:\Program Files\dotnet\sdk\7.0.306\Extensions'.
TpTrace Information: 0 : 60304, 1, 2023/09/22, 15:27:55.498, 6584529743053, vstest.console.dll, AssemblyResolver.OnResolve: Microsoft.TestPlatform.Extensions.EventLogCollector: Loading assembly 'C:\Program Files\dotnet\sdk\7.0.306\Extensions\Microsoft.TestPlatform.Extensions.EventLogCollector.dll'.
TpTrace Information: 0 : 60304, 1, 2023/09/22, 15:27:55.499, 6584529747838, vstest.console.dll, AssemblyResolver.OnResolve: Resolved assembly: Microsoft.TestPlatform.Extensions.EventLogCollector, from path: C:\Program Files\dotnet\sdk\7.0.306\Extensions\Microsoft.TestPlatform.Extensions.EventLogCollector.dll
TpTrace Verbose: 0 : 60304, 1, 2023/09/22, 15:27:55.499, 6584529748622, vstest.console.dll, MetadataReaderExtensionsHelper: Discovering extensions inside assembly 'Microsoft.TestPlatform.Extensions.EventLogCollector, Version=15.0.0.0, Culture=neutral, PublicKeyToken=b03f5f7f11d50a3a' file path 'C:\Program Files\dotnet\sdk\7.0.306\Extensions\Microsoft.TestPlatform.Extensions.EventLogCollector.dll'
TpTrace Information: 0 : 60304, 1, 2023/09/22, 15:27:55.501, 6584529770811, vstest.console.dll, AssemblyResolver.OnResolve: Microsoft.TestPlatform.TestHostRuntimeProvider: Resolving assembly.
TpTrace Information: 0 : 60304, 1, 2023/09/22, 15:27:55.501, 6584529771858, vstest.console.dll, AssemblyResolver.OnResolve: Microsoft.TestPlatform.TestHostRuntimeProvider: Searching in: 'C:\Program Files\dotnet\sdk\7.0.306\Extensions'.
TpTrace Information: 0 : 60304, 1, 2023/09/22, 15:27:55.502, 6584529776187, vstest.console.dll, AssemblyResolver.OnResolve: Microsoft.TestPlatform.TestHostRuntimeProvider: Loading assembly 'C:\Program Files\dotnet\sdk\7.0.306\Extensions\Microsoft.TestPlatform.TestHostRuntimeProvider.dll'.
TpTrace Information: 0 : 60304, 1, 2023/09/22, 15:27:55.502, 6584529780712, vstest.console.dll, AssemblyResolver.OnResolve: Resolved assembly: Microsoft.TestPlatform.TestHostRuntimeProvider, from path: C:\Program Files\dotnet\sdk\7.0.306\Extensions\Microsoft.TestPlatform.TestHostRuntimeProvider.dll
TpTrace Verbose: 0 : 60304, 1, 2023/09/22, 15:27:55.502, 6584529781534, vstest.console.dll, MetadataReaderExtensionsHelper: Discovering extensions inside assembly 'Microsoft.TestPlatform.TestHostRuntimeProvider, Version=15.0.0.0, Culture=neutral, PublicKeyToken=b03f5f7f11d50a3a' file path 'C:\Program Files\dotnet\sdk\7.0.306\Extensions\Microsoft.TestPlatform.TestHostRuntimeProvider.dll'
TpTrace Information: 0 : 60304, 1, 2023/09/22, 15:27:55.504, 6584529799241, vstest.console.dll, GetTestExtensionFromType: Register extension with identifier data 'HostProvider://DefaultTestHost' and type 'Microsoft.VisualStudio.TestPlatform.CrossPlatEngine.Hosting.DefaultTestHostManager, Microsoft.TestPlatform.TestHostRuntimeProvider, Version=15.0.0.0, Culture=neutral, PublicKeyToken=b03f5f7f11d50a3a' inside file 'C:\Program Files\dotnet\sdk\7.0.306\Extensions\Microsoft.TestPlatform.TestHostRuntimeProvider.dll'
TpTrace Information: 0 : 60304, 1, 2023/09/22, 15:27:55.504, 6584529801973, vstest.console.dll, GetTestExtensionFromType: Register extension with identifier data 'HostProvider://DotnetTestHost' and type 'Microsoft.VisualStudio.TestPlatform.CrossPlatEngine.Hosting.DotnetTestHostManager, Microsoft.TestPlatform.TestHostRuntimeProvider, Version=15.0.0.0, Culture=neutral, PublicKeyToken=b03f5f7f11d50a3a' inside file 'C:\Program Files\dotnet\sdk\7.0.306\Extensions\Microsoft.TestPlatform.TestHostRuntimeProvider.dll'
TpTrace Information: 0 : 60304, 1, 2023/09/22, 15:27:55.504, 6584529802760, vstest.console.dll, AssemblyResolver.OnResolve: Microsoft.VisualStudio.TestPlatform.Extensions.Html.TestLogger: Resolving assembly.
TpTrace Information: 0 : 60304, 1, 2023/09/22, 15:27:55.504, 6584529803206, vstest.console.dll, AssemblyResolver.OnResolve: Microsoft.VisualStudio.TestPlatform.Extensions.Html.TestLogger: Searching in: 'C:\Program Files\dotnet\sdk\7.0.306\Extensions'.
TpTrace Information: 0 : 60304, 1, 2023/09/22, 15:27:55.505, 6584529808390, vstest.console.dll, AssemblyResolver.OnResolve: Microsoft.VisualStudio.TestPlatform.Extensions.Html.TestLogger: Loading assembly 'C:\Program Files\dotnet\sdk\7.0.306\Extensions\Microsoft.VisualStudio.TestPlatform.Extensions.Html.TestLogger.dll'.
TpTrace Information: 0 : 60304, 1, 2023/09/22, 15:27:55.505, 6584529812696, vstest.console.dll, AssemblyResolver.OnResolve: Resolved assembly: Microsoft.VisualStudio.TestPlatform.Extensions.Html.TestLogger, from path: C:\Program Files\dotnet\sdk\7.0.306\Extensions\Microsoft.VisualStudio.TestPlatform.Extensions.Html.TestLogger.dll
TpTrace Verbose: 0 : 60304, 1, 2023/09/22, 15:27:55.505, 6584529813452, vstest.console.dll, MetadataReaderExtensionsHelper: Discovering extensions inside assembly 'Microsoft.VisualStudio.TestPlatform.Extensions.Html.TestLogger, Version=15.0.0.0, Culture=neutral, PublicKeyToken=b03f5f7f11d50a3a' file path 'C:\Program Files\dotnet\sdk\7.0.306\Extensions\Microsoft.VisualStudio.TestPlatform.Extensions.Html.TestLogger.dll'
TpTrace Information: 0 : 60304, 1, 2023/09/22, 15:27:55.506, 6584529823627, vstest.console.dll, AssemblyResolver.OnResolve: Microsoft.VisualStudio.TestPlatform.Extensions.Trx.TestLogger: Resolving assembly.
TpTrace Information: 0 : 60304, 1, 2023/09/22, 15:27:55.507, 6584529824637, vstest.console.dll, AssemblyResolver.OnResolve: Microsoft.VisualStudio.TestPlatform.Extensions.Trx.TestLogger: Searching in: 'C:\Program Files\dotnet\sdk\7.0.306\Extensions'.
TpTrace Information: 0 : 60304, 1, 2023/09/22, 15:27:55.507, 6584529829125, vstest.console.dll, AssemblyResolver.OnResolve: Microsoft.VisualStudio.TestPlatform.Extensions.Trx.TestLogger: Loading assembly 'C:\Program Files\dotnet\sdk\7.0.306\Extensions\Microsoft.VisualStudio.TestPlatform.Extensions.Trx.TestLogger.dll'.
TpTrace Information: 0 : 60304, 1, 2023/09/22, 15:27:55.507, 6584529834045, vstest.console.dll, AssemblyResolver.OnResolve: Resolved assembly: Microsoft.VisualStudio.TestPlatform.Extensions.Trx.TestLogger, from path: C:\Program Files\dotnet\sdk\7.0.306\Extensions\Microsoft.VisualStudio.TestPlatform.Extensions.Trx.TestLogger.dll
TpTrace Verbose: 0 : 60304, 1, 2023/09/22, 15:27:55.508, 6584529834932, vstest.console.dll, MetadataReaderExtensionsHelper: Discovering extensions inside assembly 'Microsoft.VisualStudio.TestPlatform.Extensions.Trx.TestLogger, Version=15.0.0.0, Culture=neutral, PublicKeyToken=b03f5f7f11d50a3a' file path 'C:\Program Files\dotnet\sdk\7.0.306\Extensions\Microsoft.VisualStudio.TestPlatform.Extensions.Trx.TestLogger.dll'
TpTrace Verbose: 0 : 60304, 1, 2023/09/22, 15:27:55.509, 6584529847997, vstest.console.dll, TestPluginCache: Discovered the extensions using extension path ''.
TpTrace Verbose: 0 : 60304, 1, 2023/09/22, 15:27:55.509, 6584529848876, vstest.console.dll, TestPluginCache: Discoverers are ''.
TpTrace Verbose: 0 : 60304, 1, 2023/09/22, 15:27:55.509, 6584529849151, vstest.console.dll, TestPluginCache: Executors are ''.
TpTrace Verbose: 0 : 60304, 1, 2023/09/22, 15:27:55.509, 6584529849440, vstest.console.dll, TestPluginCache: Executors2 are ''.
TpTrace Verbose: 0 : 60304, 1, 2023/09/22, 15:27:55.509, 6584529849658, vstest.console.dll, TestPluginCache: Setting providers are ''.
TpTrace Verbose: 0 : 60304, 1, 2023/09/22, 15:27:55.509, 6584529849875, vstest.console.dll, TestPluginCache: Loggers are ''.
TpTrace Verbose: 0 : 60304, 1, 2023/09/22, 15:27:55.509, 6584529851089, vstest.console.dll, TestPluginCache: TestHosts are 'HostProvider://DefaultTestHost,HostProvider://DotnetTestHost'.
TpTrace Verbose: 0 : 60304, 1, 2023/09/22, 15:27:55.509, 6584529851424, vstest.console.dll, TestPluginCache: DataCollectors are ''.
TpTrace Information: 0 : 60304, 1, 2023/09/22, 15:27:55.517, 6584529933611, vstest.console.dll, RunTestsArgumentProcessor:Execute: Test run is starting.
TpTrace Verbose: 0 : 60304, 1, 2023/09/22, 15:27:55.518, 6584529934423, vstest.console.dll, RunTestsArgumentProcessor:Execute: Queuing Test run.
TpTrace Information: 0 : 60304, 1, 2023/09/22, 15:27:55.518, 6584529936312, vstest.console.dll, TestRequestManager.RunTests: run tests started.
TpTrace Information: 0 : 60304, 1, 2023/09/22, 15:27:55.519, 6584529947086, vstest.console.dll, AssemblyMetadataProvider.GetFrameworkName: Determined framework:'.NETCoreApp,Version=v7.0' for source: 'C:\Users\eriks\Desktop\repos\Kympu\codelex-exercises\csharp-basics\exercises\UnitTesting\ScooterRental.Tests\bin\Debug\net7.0\fine-code-coverage\build-output\ScooterRental.Tests.dll'
TpTrace Information: 0 : 60304, 1, 2023/09/22, 15:27:55.519, 6584529948889, vstest.console.dll, Determined framework for all sources: .NETCoreApp,Version=v7.0
TpTrace Verbose: 0 : 60304, 1, 2023/09/22, 15:27:55.519, 6584529952438, vstest.console.dll, TestRequestManager.UpdateRunSettingsIfRequired: Default architecture: X64 IsDefaultTargetArchitecture: True, Current process architecture: X64 OperatingSystem: Windows.
TpTrace Information: 0 : 60304, 1, 2023/09/22, 15:27:55.521, 6584529969016, vstest.console.dll, AssemblyMetadataProvider.GetArchitecture: Determined architecture:AnyCPU info for assembly: C:\Users\eriks\Desktop\repos\Kympu\codelex-exercises\csharp-basics\exercises\UnitTesting\ScooterRental.Tests\bin\Debug\net7.0\fine-code-coverage\build-output\ScooterRental.Tests.dll
TpTrace Information: 0 : 60304, 1, 2023/09/22, 15:27:55.521, 6584529969745, vstest.console.dll, Determined platform for source 'C:\Users\eriks\Desktop\repos\Kympu\codelex-exercises\csharp-basics\exercises\UnitTesting\ScooterRental.Tests\bin\Debug\net7.0\fine-code-coverage\build-output\ScooterRental.Tests.dll' was AnyCPU and it will use the default plaform X64.
TpTrace Information: 0 : 60304, 1, 2023/09/22, 15:27:55.521, 6584529970028, vstest.console.dll, None of the sources provided any runnable platform, using the default platform: X64
TpTrace Information: 0 : 60304, 1, 2023/09/22, 15:27:55.521, 6584529970934, vstest.console.dll, Platform was updated to 'X64'.
TpTrace Information: 0 : 60304, 1, 2023/09/22, 15:27:55.524, 6584530002879, vstest.console.dll, InferRunSettingsHelper.IsTestSettingsEnabled: Unable to navigate to RunSettings/MSTest. Current node: RunSettings
TpTrace Information: 0 : 60304, 1, 2023/09/22, 15:27:55.525, 6584530009135, vstest.console.dll, AssemblyResolver.OnResolve: Microsoft.VisualStudio.TestPlatform.Fakes: Resolving assembly.
TpTrace Information: 0 : 60304, 1, 2023/09/22, 15:27:55.525, 6584530010022, vstest.console.dll, AssemblyResolver.OnResolve: Microsoft.VisualStudio.TestPlatform.Fakes: Searching in: 'C:\Program Files\dotnet\sdk\7.0.306\Extensions'.
TpTrace Information: 0 : 60304, 1, 2023/09/22, 15:27:55.525, 6584530011110, vstest.console.dll, AssemblyResolver.OnResolve: Microsoft.VisualStudio.TestPlatform.Fakes: Assembly path does not exist: 'C:\Program Files\dotnet\sdk\7.0.306\Extensions\Microsoft.VisualStudio.TestPlatform.Fakes.dll', returning.
TpTrace Information: 0 : 60304, 1, 2023/09/22, 15:27:55.525, 6584530011744, vstest.console.dll, AssemblyResolver.OnResolve: Microsoft.VisualStudio.TestPlatform.Fakes: Assembly path does not exist: 'C:\Program Files\dotnet\sdk\7.0.306\Extensions\Microsoft.VisualStudio.TestPlatform.Fakes.exe', returning.
TpTrace Information: 0 : 60304, 1, 2023/09/22, 15:27:55.525, 6584530012024, vstest.console.dll, AssemblyResolver.OnResolve: Microsoft.VisualStudio.TestPlatform.Fakes: Searching in: 'C:\Program Files\dotnet\sdk\7.0.306'.
TpTrace Information: 0 : 60304, 1, 2023/09/22, 15:27:55.525, 6584530012591, vstest.console.dll, AssemblyResolver.OnResolve: Microsoft.VisualStudio.TestPlatform.Fakes: Assembly path does not exist: 'C:\Program Files\dotnet\sdk\7.0.306\Microsoft.VisualStudio.TestPlatform.Fakes.dll', returning.
TpTrace Information: 0 : 60304, 1, 2023/09/22, 15:27:55.525, 6584530013747, vstest.console.dll, AssemblyResolver.OnResolve: Microsoft.VisualStudio.TestPlatform.Fakes: Assembly path does not exist: 'C:\Program Files\dotnet\sdk\7.0.306\Microsoft.VisualStudio.TestPlatform.Fakes.exe', returning.
TpTrace Information: 0 : 60304, 1, 2023/09/22, 15:27:55.525, 6584530014245, vstest.console.dll, AssemblyResolver.OnResolve: Microsoft.VisualStudio.TestPlatform.Fakes: Failed to load assembly.
TpTrace Information: 0 : 60304, 1, 2023/09/22, 15:27:55.526, 6584530016677, vstest.console.dll, Failed to load assembly Microsoft.VisualStudio.TestPlatform.Fakes, Version=17.0.0.0, Culture=neutral. Reason:System.IO.FileNotFoundException: Could not load file or assembly 'Microsoft.VisualStudio.TestPlatform.Fakes, Version=17.0.0.0, Culture=neutral, PublicKeyToken=null'. The system cannot find the file specified.
File name: 'Microsoft.VisualStudio.TestPlatform.Fakes, Version=17.0.0.0, Culture=neutral, PublicKeyToken=null'
   at System.Reflection.RuntimeAssembly.InternalLoad(AssemblyName assemblyName, StackCrawlMark& stackMark, AssemblyLoadContext assemblyLoadContext, RuntimeAssembly requestingAssembly, Boolean throwOnFileNotFound)
   at System.Reflection.Assembly.Load(AssemblyName assemblyRef)
   at Microsoft.VisualStudio.TestPlatform.Common.Utilities.FakesUtilities.LoadTestPlatformAssembly()
TpTrace Verbose: 0 : 60304, 1, 2023/09/22, 15:27:55.529, 6584530048509, vstest.console.dll, TestPluginCache.DiscoverTestExtensions: finding test extensions in assemblies ends with: TestLogger.dll TPluginInfo: Microsoft.VisualStudio.TestPlatform.Common.ExtensionFramework.Utilities.TestLoggerPluginInformation TExtension: Microsoft.VisualStudio.TestPlatform.ObjectModel.Client.ITestLogger
TpTrace Verbose: 0 : 60304, 1, 2023/09/22, 15:27:55.529, 6584530049680, vstest.console.dll, TestPluginCache.GetExtensionPaths: Filtered extension paths: 
TpTrace Verbose: 0 : 60304, 1, 2023/09/22, 15:27:55.529, 6584530050040, vstest.console.dll, TestPluginCache.GetExtensionPaths: Added default extension paths: C:\Program Files\dotnet\sdk\7.0.306\Extensions\Microsoft.Diagnostics.NETCore.Client.dll
C:\Program Files\dotnet\sdk\7.0.306\Extensions\Microsoft.TestPlatform.Extensions.BlameDataCollector.dll
C:\Program Files\dotnet\sdk\7.0.306\Extensions\Microsoft.TestPlatform.Extensions.EventLogCollector.dll
C:\Program Files\dotnet\sdk\7.0.306\Extensions\Microsoft.TestPlatform.TestHostRuntimeProvider.dll
C:\Program Files\dotnet\sdk\7.0.306\Extensions\Microsoft.VisualStudio.TestPlatform.Extensions.Html.TestLogger.dll
C:\Program Files\dotnet\sdk\7.0.306\Extensions\Microsoft.VisualStudio.TestPlatform.Extensions.Trx.TestLogger.dll
TpTrace Verbose: 0 : 60304, 1, 2023/09/22, 15:27:55.529, 6584530050363, vstest.console.dll, TestPluginCache.GetExtensionPaths: Added unfilterableExtensionPaths: 
TpTrace Information: 0 : 60304, 1, 2023/09/22, 15:27:55.529, 6584530051689, vstest.console.dll, AssemblyResolver.AddSearchDirectories: Adding more searchDirectories C:\Program Files\dotnet\sdk\7.0.306\Extensions,C:\Program Files\dotnet\sdk\7.0.306
TpTrace Verbose: 0 : 60304, 1, 2023/09/22, 15:27:55.529, 6584530052101, vstest.console.dll, TestPluginCache.DiscoverTestExtensions: Discovering the extensions using extension path.
TpTrace Verbose: 0 : 60304, 1, 2023/09/22, 15:27:55.529, 6584530052468, vstest.console.dll, TestPluginCache.GetExtensionPaths: Filtered extension paths: 
TpTrace Verbose: 0 : 60304, 1, 2023/09/22, 15:27:55.529, 6584530052729, vstest.console.dll, TestPluginCache.GetExtensionPaths: Added default extension paths: C:\Program Files\dotnet\sdk\7.0.306\Extensions\Microsoft.Diagnostics.NETCore.Client.dll
C:\Program Files\dotnet\sdk\7.0.306\Extensions\Microsoft.TestPlatform.Extensions.BlameDataCollector.dll
C:\Program Files\dotnet\sdk\7.0.306\Extensions\Microsoft.TestPlatform.Extensions.EventLogCollector.dll
C:\Program Files\dotnet\sdk\7.0.306\Extensions\Microsoft.TestPlatform.TestHostRuntimeProvider.dll
C:\Program Files\dotnet\sdk\7.0.306\Extensions\Microsoft.VisualStudio.TestPlatform.Extensions.Html.TestLogger.dll
C:\Program Files\dotnet\sdk\7.0.306\Extensions\Microsoft.VisualStudio.TestPlatform.Extensions.Trx.TestLogger.dll
TpTrace Verbose: 0 : 60304, 1, 2023/09/22, 15:27:55.529, 6584530052994, vstest.console.dll, TestPluginCache.GetExtensionPaths: Added unfilterableExtensionPaths: 
TpTrace Verbose: 0 : 60304, 1, 2023/09/22, 15:27:55.529, 6584530053290, vstest.console.dll, TestPluginCache.DiscoverTestExtensions: Discovering the extensions using allExtensionPaths: C:\Program Files\dotnet\sdk\7.0.306\Extensions\Microsoft.Diagnostics.NETCore.Client.dll
C:\Program Files\dotnet\sdk\7.0.306\Extensions\Microsoft.TestPlatform.Extensions.BlameDataCollector.dll
C:\Program Files\dotnet\sdk\7.0.306\Extensions\Microsoft.TestPlatform.Extensions.EventLogCollector.dll
C:\Program Files\dotnet\sdk\7.0.306\Extensions\Microsoft.TestPlatform.TestHostRuntimeProvider.dll
C:\Program Files\dotnet\sdk\7.0.306\Extensions\Microsoft.VisualStudio.TestPlatform.Extensions.Html.TestLogger.dll
C:\Program Files\dotnet\sdk\7.0.306\Extensions\Microsoft.VisualStudio.TestPlatform.Extensions.Trx.TestLogger.dll
TpTrace Information: 0 : 60304, 1, 2023/09/22, 15:27:55.529, 6584530054239, vstest.console.dll, AssemblyResolver.AddSearchDirectories: Adding more searchDirectories C:\Program Files\dotnet\sdk\7.0.306\Extensions,C:\Program Files\dotnet\sdk\7.0.306
TpTrace Information: 0 : 60304, 1, 2023/09/22, 15:27:55.530, 6584530054656, vstest.console.dll, AssemblyResolver.AddSearchDirectories: Adding more searchDirectories C:\Program Files\dotnet\sdk\7.0.306\Extensions,C:\Program Files\dotnet\sdk\7.0.306
TpTrace Information: 0 : 60304, 1, 2023/09/22, 15:27:55.530, 6584530054926, vstest.console.dll, AssemblyResolver.AddSearchDirectories: Adding more searchDirectories C:\Program Files\dotnet\sdk\7.0.306\Extensions,C:\Program Files\dotnet\sdk\7.0.306
TpTrace Information: 0 : 60304, 1, 2023/09/22, 15:27:55.530, 6584530055180, vstest.console.dll, AssemblyResolver.AddSearchDirectories: Adding more searchDirectories C:\Program Files\dotnet\sdk\7.0.306\Extensions,C:\Program Files\dotnet\sdk\7.0.306
TpTrace Information: 0 : 60304, 1, 2023/09/22, 15:27:55.530, 6584530055478, vstest.console.dll, AssemblyResolver.AddSearchDirectories: Adding more searchDirectories C:\Program Files\dotnet\sdk\7.0.306\Extensions,C:\Program Files\dotnet\sdk\7.0.306
TpTrace Information: 0 : 60304, 1, 2023/09/22, 15:27:55.530, 6584530055733, vstest.console.dll, AssemblyResolver.AddSearchDirectories: Adding more searchDirectories C:\Program Files\dotnet\sdk\7.0.306\Extensions,C:\Program Files\dotnet\sdk\7.0.306
TpTrace Verbose: 0 : 60304, 1, 2023/09/22, 15:27:55.530, 6584530056834, vstest.console.dll, MetadataReaderExtensionsHelper: Discovering extensions inside assembly 'Microsoft.Diagnostics.NETCore.Client, Version=0.2.6.42401, Culture=neutral, PublicKeyToken=31bf3856ad364e35' file path 'C:\Program Files\dotnet\sdk\7.0.306\Extensions\Microsoft.Diagnostics.NETCore.Client.dll'
TpTrace Information: 0 : 60304, 1, 2023/09/22, 15:27:55.531, 6584530065096, vstest.console.dll, AssemblyResolver.OnResolve: Microsoft.Bcl.AsyncInterfaces: Resolving assembly.
TpTrace Information: 0 : 60304, 1, 2023/09/22, 15:27:55.531, 6584530065933, vstest.console.dll, AssemblyResolver.OnResolve: Microsoft.Bcl.AsyncInterfaces: Resolved from cache.
TpTrace Verbose: 0 : 60304, 1, 2023/09/22, 15:27:55.531, 6584530066233, vstest.console.dll, CurrentDomainAssemblyResolve: Resolving assembly 'Microsoft.Bcl.AsyncInterfaces'.
TpTrace Information: 0 : 60304, 1, 2023/09/22, 15:27:55.531, 6584530066683, vstest.console.dll, AssemblyResolver.OnResolve: Microsoft.Bcl.AsyncInterfaces: Resolving assembly.
TpTrace Information: 0 : 60304, 1, 2023/09/22, 15:27:55.531, 6584530066945, vstest.console.dll, AssemblyResolver.OnResolve: Microsoft.Bcl.AsyncInterfaces: Resolved from cache.
TpTrace Verbose: 0 : 60304, 1, 2023/09/22, 15:27:55.531, 6584530067275, vstest.console.dll, CurrentDomainAssemblyResolve: Resolving assembly 'Microsoft.Bcl.AsyncInterfaces'.
TpTrace Verbose: 0 : 60304, 1, 2023/09/22, 15:27:55.531, 6584530067507, vstest.console.dll, CurrentDomainAssemblyResolve: Failed to resolve assembly 'Microsoft.Bcl.AsyncInterfaces'.
TpTrace Verbose: 0 : 60304, 1, 2023/09/22, 15:27:55.531, 6584530068783, vstest.console.dll, CurrentDomainAssemblyResolve: Failed to resolve assembly 'Microsoft.Bcl.AsyncInterfaces'.
TpTrace Warning: 0 : 60304, 1, 2023/09/22, 15:27:55.531, 6584530071565, vstest.console.dll, TestPluginDiscoverer: Failed to get types from assembly 'Microsoft.Diagnostics.NETCore.Client, Version=0.2.6.42401, Culture=neutral, PublicKeyToken=31bf3856ad364e35'. Error: System.Reflection.ReflectionTypeLoadException: Unable to load one or more of the requested types.
Could not load file or assembly 'Microsoft.Bcl.AsyncInterfaces, Version=1.0.0.0, Culture=neutral, PublicKeyToken=cc7b13ffcd2ddd51'. The system cannot find the file specified.
   at System.Reflection.RuntimeModule.GetTypes(RuntimeModule module)
   at System.Reflection.Assembly.GetTypes()
   at Microsoft.VisualStudio.TestPlatform.Common.ExtensionFramework.TestPluginDiscoverer.GetTestExtensionsFromAssembly[TPluginInfo,TExtension](Assembly assembly, Dictionary`2 pluginInfos, String filePath)
System.IO.FileNotFoundException: Could not load file or assembly 'Microsoft.Bcl.AsyncInterfaces, Version=1.0.0.0, Culture=neutral, PublicKeyToken=cc7b13ffcd2ddd51'. The system cannot find the file specified.
File name: 'Microsoft.Bcl.AsyncInterfaces, Version=1.0.0.0, Culture=neutral, PublicKeyToken=cc7b13ffcd2ddd51'
 ---> System.IO.FileNotFoundException: Could not load file or assembly 'Microsoft.Bcl.AsyncInterfaces, Culture=neutral, PublicKeyToken=null'. The system cannot find the file specified.
File name: 'Microsoft.Bcl.AsyncInterfaces, Culture=neutral, PublicKeyToken=null'
   at System.Reflection.RuntimeAssembly.InternalLoad(AssemblyName assemblyName, StackCrawlMark& stackMark, AssemblyLoadContext assemblyLoadContext, RuntimeAssembly requestingAssembly, Boolean throwOnFileNotFound)
   at System.Reflection.Assembly.Load(AssemblyName assemblyRef)
   at Microsoft.VisualStudio.TestPlatform.Common.ExtensionFramework.TestPluginCache.CurrentDomainAssemblyResolve(Object sender, AssemblyResolveEventArgs args)
   at System.Runtime.Loader.AssemblyLoadContext.GetFirstResolvedAssemblyFromResolvingEvent(AssemblyName assemblyName)
   at System.Runtime.Loader.AssemblyLoadContext.ResolveUsingEvent(AssemblyName assemblyName)
   at System.Runtime.Loader.AssemblyLoadContext.ResolveUsingResolvingEvent(IntPtr gchManagedAssemblyLoadContext, AssemblyName assemblyName)
TpTrace Warning: 0 : 60304, 1, 2023/09/22, 15:27:55.531, 6584530072929, vstest.console.dll, LoaderExceptions: System.IO.FileNotFoundException: Could not load file or assembly 'Microsoft.Bcl.AsyncInterfaces, Version=1.0.0.0, Culture=neutral, PublicKeyToken=cc7b13ffcd2ddd51'. The system cannot find the file specified.
File name: 'Microsoft.Bcl.AsyncInterfaces, Version=1.0.0.0, Culture=neutral, PublicKeyToken=cc7b13ffcd2ddd51'
 ---> System.IO.FileNotFoundException: Could not load file or assembly 'Microsoft.Bcl.AsyncInterfaces, Culture=neutral, PublicKeyToken=null'. The system cannot find the file specified.
File name: 'Microsoft.Bcl.AsyncInterfaces, Culture=neutral, PublicKeyToken=null'
   at System.Reflection.RuntimeAssembly.InternalLoad(AssemblyName assemblyName, StackCrawlMark& stackMark, AssemblyLoadContext assemblyLoadContext, RuntimeAssembly requestingAssembly, Boolean throwOnFileNotFound)
   at System.Reflection.Assembly.Load(AssemblyName assemblyRef)
   at Microsoft.VisualStudio.TestPlatform.Common.ExtensionFramework.TestPluginCache.CurrentDomainAssemblyResolve(Object sender, AssemblyResolveEventArgs args)
   at System.Runtime.Loader.AssemblyLoadContext.GetFirstResolvedAssemblyFromResolvingEvent(AssemblyName assemblyName)
   at System.Runtime.Loader.AssemblyLoadContext.ResolveUsingEvent(AssemblyName assemblyName)
   at System.Runtime.Loader.AssemblyLoadContext.ResolveUsingResolvingEvent(IntPtr gchManagedAssemblyLoadContext, AssemblyName assemblyName)
TpTrace Verbose: 0 : 60304, 1, 2023/09/22, 15:27:55.531, 6584530073734, vstest.console.dll, MetadataReaderExtensionsHelper: Discovering extensions inside assembly 'Microsoft.TestPlatform.Extensions.BlameDataCollector, Version=15.0.0.0, Culture=neutral, PublicKeyToken=b03f5f7f11d50a3a' file path 'C:\Program Files\dotnet\sdk\7.0.306\Extensions\Microsoft.TestPlatform.Extensions.BlameDataCollector.dll'
TpTrace Information: 0 : 60304, 1, 2023/09/22, 15:27:55.532, 6584530080401, vstest.console.dll, GetTestExtensionFromType: Register extension with identifier data 'logger://Microsoft/TestPlatform/Extensions/Blame/v1' and type 'Microsoft.TestPlatform.Extensions.BlameDataCollector.BlameLogger, Microsoft.TestPlatform.Extensions.BlameDataCollector, Version=15.0.0.0, Culture=neutral, PublicKeyToken=b03f5f7f11d50a3a' inside file 'C:\Program Files\dotnet\sdk\7.0.306\Extensions\Microsoft.TestPlatform.Extensions.BlameDataCollector.dll'
TpTrace Verbose: 0 : 60304, 1, 2023/09/22, 15:27:55.532, 6584530081197, vstest.console.dll, MetadataReaderExtensionsHelper: Discovering extensions inside assembly 'Microsoft.TestPlatform.Extensions.EventLogCollector, Version=15.0.0.0, Culture=neutral, PublicKeyToken=b03f5f7f11d50a3a' file path 'C:\Program Files\dotnet\sdk\7.0.306\Extensions\Microsoft.TestPlatform.Extensions.EventLogCollector.dll'
TpTrace Verbose: 0 : 60304, 1, 2023/09/22, 15:27:55.533, 6584530085161, vstest.console.dll, MetadataReaderExtensionsHelper: Discovering extensions inside assembly 'Microsoft.TestPlatform.TestHostRuntimeProvider, Version=15.0.0.0, Culture=neutral, PublicKeyToken=b03f5f7f11d50a3a' file path 'C:\Program Files\dotnet\sdk\7.0.306\Extensions\Microsoft.TestPlatform.TestHostRuntimeProvider.dll'
TpTrace Verbose: 0 : 60304, 1, 2023/09/22, 15:27:55.533, 6584530088401, vstest.console.dll, MetadataReaderExtensionsHelper: Discovering extensions inside assembly 'Microsoft.VisualStudio.TestPlatform.Extensions.Html.TestLogger, Version=15.0.0.0, Culture=neutral, PublicKeyToken=b03f5f7f11d50a3a' file path 'C:\Program Files\dotnet\sdk\7.0.306\Extensions\Microsoft.VisualStudio.TestPlatform.Extensions.Html.TestLogger.dll'
TpTrace Information: 0 : 60304, 1, 2023/09/22, 15:27:55.533, 6584530094085, vstest.console.dll, GetTestExtensionFromType: Register extension with identifier data 'logger://Microsoft/TestPlatform/HtmlLogger/v1' and type 'Microsoft.VisualStudio.TestPlatform.Extensions.HtmlLogger.HtmlLogger, Microsoft.VisualStudio.TestPlatform.Extensions.Html.TestLogger, Version=15.0.0.0, Culture=neutral, PublicKeyToken=b03f5f7f11d50a3a' inside file 'C:\Program Files\dotnet\sdk\7.0.306\Extensions\Microsoft.VisualStudio.TestPlatform.Extensions.Html.TestLogger.dll'
TpTrace Verbose: 0 : 60304, 1, 2023/09/22, 15:27:55.534, 6584530095023, vstest.console.dll, MetadataReaderExtensionsHelper: Discovering extensions inside assembly 'Microsoft.VisualStudio.TestPlatform.Extensions.Trx.TestLogger, Version=15.0.0.0, Culture=neutral, PublicKeyToken=b03f5f7f11d50a3a' file path 'C:\Program Files\dotnet\sdk\7.0.306\Extensions\Microsoft.VisualStudio.TestPlatform.Extensions.Trx.TestLogger.dll'
TpTrace Information: 0 : 60304, 1, 2023/09/22, 15:27:55.534, 6584530100301, vstest.console.dll, GetTestExtensionFromType: Register extension with identifier data 'logger://Microsoft/TestPlatform/TrxLogger/v1' and type 'Microsoft.VisualStudio.TestPlatform.Extensions.TrxLogger.TrxLogger, Microsoft.VisualStudio.TestPlatform.Extensions.Trx.TestLogger, Version=15.0.0.0, Culture=neutral, PublicKeyToken=b03f5f7f11d50a3a' inside file 'C:\Program Files\dotnet\sdk\7.0.306\Extensions\Microsoft.VisualStudio.TestPlatform.Extensions.Trx.TestLogger.dll'
TpTrace Verbose: 0 : 60304, 1, 2023/09/22, 15:27:55.534, 6584530101377, vstest.console.dll, TestPluginCache: Discovered the extensions using extension path ''.
TpTrace Verbose: 0 : 60304, 1, 2023/09/22, 15:27:55.534, 6584530101706, vstest.console.dll, TestPluginCache: Discoverers are ''.
TpTrace Verbose: 0 : 60304, 1, 2023/09/22, 15:27:55.534, 6584530101949, vstest.console.dll, TestPluginCache: Executors are ''.
TpTrace Verbose: 0 : 60304, 1, 2023/09/22, 15:27:55.534, 6584530102173, vstest.console.dll, TestPluginCache: Executors2 are ''.
TpTrace Verbose: 0 : 60304, 1, 2023/09/22, 15:27:55.534, 6584530102386, vstest.console.dll, TestPluginCache: Setting providers are ''.
TpTrace Verbose: 0 : 60304, 1, 2023/09/22, 15:27:55.534, 6584530103050, vstest.console.dll, TestPluginCache: Loggers are 'logger://Microsoft/TestPlatform/Extensions/Blame/v1,logger://Microsoft/TestPlatform/HtmlLogger/v1,logger://Microsoft/TestPlatform/TrxLogger/v1'.
TpTrace Verbose: 0 : 60304, 1, 2023/09/22, 15:27:55.534, 6584530103451, vstest.console.dll, TestPluginCache: TestHosts are 'HostProvider://DefaultTestHost,HostProvider://DotnetTestHost'.
TpTrace Verbose: 0 : 60304, 1, 2023/09/22, 15:27:55.534, 6584530103733, vstest.console.dll, TestPluginCache: DataCollectors are ''.
TpTrace Information: 0 : 60304, 1, 2023/09/22, 15:27:55.535, 6584530111729, vstest.console.dll, TestPluginManager.CreateTestExtension: Attempting to load test extension: Microsoft.TestPlatform.Extensions.BlameDataCollector.BlameLogger
TpTrace Verbose: 0 : 60304, 1, 2023/09/22, 15:27:55.542, 6584530175518, vstest.console.dll, TestEngine: Initializing Parallel Execution as MaxCpuCount is set to: 1
TpTrace Information: 0 : 60304, 1, 2023/09/22, 15:27:55.543, 6584530191544, vstest.console.dll, TestPluginManager.CreateTestExtension: Attempting to load test extension: Microsoft.VisualStudio.TestPlatform.CrossPlatEngine.Hosting.DefaultTestHostManager
TpTrace Information: 0 : 60304, 1, 2023/09/22, 15:27:55.544, 6584530201179, vstest.console.dll, TestPluginManager.CreateTestExtension: Attempting to load test extension: Microsoft.VisualStudio.TestPlatform.CrossPlatEngine.Hosting.DotnetTestHostManager
TpTrace Information: 0 : 60304, 1, 2023/09/22, 15:27:55.545, 6584530208812, vstest.console.dll, InferRunSettingsHelper.IsTestSettingsEnabled: Unable to navigate to RunSettings/MSTest. Current node: RunSettings
TpTrace Verbose: 0 : 60304, 1, 2023/09/22, 15:27:55.549, 6584530251873, vstest.console.dll, TestEngine.GetExecutionManager: Chosen execution manager 'Microsoft.VisualStudio.TestPlatform.CrossPlatEngine.Client.Parallel.ParallelProxyExecutionManager, Microsoft.TestPlatform.CrossPlatEngine, Version=15.0.0.0, Culture=neutral, PublicKeyToken=b03f5f7f11d50a3a' ParallelLevel '1'.
TpTrace Verbose: 0 : 60304, 1, 2023/09/22, 15:27:55.549, 6584530253826, vstest.console.dll, TestRunRequest.ExecuteAsync: Creating test run request.
TpTrace Verbose: 0 : 60304, 1, 2023/09/22, 15:27:55.550, 6584530255914, vstest.console.dll, TestRunRequest.ExecuteAsync: Starting.
TpTrace Information: 0 : 60304, 1, 2023/09/22, 15:27:55.550, 6584530258579, vstest.console.dll, TestRunRequest.ExecuteAsync: Starting run with settings:TestRunCriteria:
   KeepAlive=False,FrequencyOfRunStatsChangeEvent=10,RunStatsChangeEventTimeout=00:00:01.5000000,TestCaseFilter=,TestExecutorLauncher=
   Settingsxml=<RunSettings>
  <RunConfiguration>
    <ResultsDirectory>C:\Users\eriks\Desktop\repos\Kympu\codelex-exercises\csharp-basics\exercises\UnitTesting\ScooterRental.Tests\bin\Debug\net7.0\fine-code-coverage\coverage-tool-output</ResultsDirectory>
    <TargetPlatform>X64</TargetPlatform>
    <TargetFrameworkVersion>.NETCoreApp,Version=v7.0</TargetFrameworkVersion>
    <DesignMode>False</DesignMode>
    <CollectSourceInformation>False</CollectSourceInformation>
  </RunConfiguration>
  <LoggerRunSettings>
    <Loggers>
      <Logger friendlyName="blame" enabled="True" />
      <Logger friendlyName="Console" uri="logger://microsoft/TestPlatform/ConsoleLogger/v1" assemblyQualifiedName="Microsoft.VisualStudio.TestPlatform.CommandLine.Internal.ConsoleLogger, vstest.console, Version=15.0.0.0, Culture=neutral, PublicKeyToken=b03f5f7f11d50a3a" codeBase="C:\Program Files\dotnet\sdk\7.0.306\vstest.console.dll" enabled="True" />
    </Loggers>
  </LoggerRunSettings>
  <DataCollectionRunSettings>
    <DataCollectors>
      <DataCollector friendlyName="blame" enabled="True">
        <Configuration>
          <ResultsDirectory>C:\Users\eriks\Desktop\repos\Kympu\codelex-exercises\csharp-basics\exercises\UnitTesting\ScooterRental.Tests\bin\Debug\net7.0\fine-code-coverage\coverage-tool-output</ResultsDirectory>
        </Configuration>
      </DataCollector>
    </DataCollectors>
  </DataCollectionRunSettings>
</RunSettings>

TpTrace Verbose: 0 : 60304, 1, 2023/09/22, 15:27:55.550, 6584530259177, vstest.console.dll, TestRunRequest.ExecuteAsync: Wait for the first run request is over.
TpTrace Verbose: 0 : 60304, 1, 2023/09/22, 15:27:55.550, 6584530261694, vstest.console.dll, MulticastDelegateUtilities.SafeInvoke: TestRun.TestRunStart: Invoking callbacks was skipped because there are no subscribers.
TpTrace Verbose: 0 : 60304, 4, 2023/09/22, 15:27:55.550, 6584530264124, vstest.console.dll, MulticastDelegateUtilities.SafeInvoke: InternalTestLoggerEvents.SendTestRunStart: Invoking callback 1/1 for Microsoft.VisualStudio.TestPlatform.CommandLine.Internal.ConsoleLogger., took 0 ms.
TpTrace Verbose: 0 : 60304, 1, 2023/09/22, 15:27:55.552, 6584530276042, vstest.console.dll, ParallelProxyExecutionManager: Start execution. Total sources: 1
TpTrace Verbose: 0 : 60304, 1, 2023/09/22, 15:27:55.553, 6584530294270, vstest.console.dll, TestRequestSender is acting as server.
TpTrace Verbose: 0 : 60304, 1, 2023/09/22, 15:27:55.556, 6584530323536, vstest.console.dll, ParallelOperationManager.RunWorkInParallel: Started work on a host.
TpTrace Verbose: 0 : 60304, 1, 2023/09/22, 15:27:55.557, 6584530329988, vstest.console.dll, ProxyParallelExecutionManager: No sources available for execution.
TpTrace Information: 0 : 60304, 1, 2023/09/22, 15:27:55.557, 6584530330644, vstest.console.dll, TestRunRequest.ExecuteAsync: Started.
TpTrace Verbose: 0 : 60304, 1, 2023/09/22, 15:27:55.557, 6584530332282, vstest.console.dll, TestRunRequest.WaitForCompletion: Waiting with timeout -1.
TpTrace Verbose: 0 : 60304, 5, 2023/09/22, 15:27:55.557, 6584530332530, vstest.console.dll, DataCollectionRequestSender.InitializeCommunication : Initialize communication. 
TpTrace Information: 0 : 60304, 5, 2023/09/22, 15:27:55.561, 6584530367197, vstest.console.dll, Listening on Endpoint : 127.0.0.1:56654
TpTrace Verbose: 0 : 60304, 5, 2023/09/22, 15:27:55.569, 6584530445880, vstest.console.dll, DotnetDataCollectionLauncher: Adding  --runtimeconfig "C:\Program Files\dotnet\sdk\7.0.306\datacollector.runtimeconfig.json" in args
TpTrace Verbose: 0 : 60304, 5, 2023/09/22, 15:27:55.569, 6584530447418, vstest.console.dll, DotnetDataCollectionLauncher: Adding  --depsfile "C:\Program Files\dotnet\sdk\7.0.306\datacollector.deps.json" in args
TpTrace Verbose: 0 : 60304, 5, 2023/09/22, 15:27:55.569, 6584530450854, vstest.console.dll, DotnetDataCollectionLauncher: Full path of dotnet.exe is C:\Program Files\dotnet\dotnet.exe
TpTrace Information: 0 : 60304, 5, 2023/09/22, 15:27:55.577, 6584530528320, vstest.console.dll, ProxyDataCollectionManager.Initialize: Launched datacollector processId: 52364 port: 56654
TpTrace Information: 0 : 60304, 5, 2023/09/22, 15:27:55.578, 6584530534465, vstest.console.dll, ProxyDataCollectionManager.Initialize: waiting for connection with timeout: 90 seconds
TpTrace Verbose: 0 : 60304, 5, 2023/09/22, 15:27:55.578, 6584530535145, vstest.console.dll, DataCollectionRequestSender.WaitForRequestHandlerConnection : Waiting for connection with timeout: 90000
TpTrace Information: 0 : 60304, 11, 2023/09/22, 15:27:55.693, 6584531686809, vstest.console.dll, Using the buffer size of 16384 bytes
TpTrace Verbose: 0 : 60304, 5, 2023/09/22, 15:27:55.693, 6584531686971, vstest.console.dll, SocketCommunicationManager.WaitForClientConnection took: 115 ms, with 90000 ms timeout, and finished with True.
TpTrace Information: 0 : 60304, 11, 2023/09/22, 15:27:55.693, 6584531687686, vstest.console.dll, Accepted Client request and set the flag
TpTrace Verbose: 0 : 60304, 5, 2023/09/22, 15:27:55.693, 6584531688574, vstest.console.dll, ProxyDataCollectionManager.InvokeDataCollectionServiceAction: Starting.
TpTrace Information: 0 : 60304, 5, 2023/09/22, 15:27:55.693, 6584531689155, vstest.console.dll, ProxyDataCollectionManager.BeforeTestRunStart: Get environment variable and port for datacollector processId: 52364 port: 56654
TpTrace Verbose: 0 : 60304, 5, 2023/09/22, 15:27:55.693, 6584531690017, vstest.console.dll, DataCollectionRequestSender.SendBeforeTestRunStartAndGetResult: Send BeforeTestRunStart message with settingsXml <RunSettings><RunConfiguration><ResultsDirectory>C:\Users\eriks\Desktop\repos\Kympu\codelex-exercises\csharp-basics\exercises\UnitTesting\ScooterRental.Tests\bin\Debug\net7.0\fine-code-coverage\coverage-tool-output</ResultsDirectory><TargetPlatform>X64</TargetPlatform><TargetFrameworkVersion>.NETCoreApp,Version=v7.0</TargetFrameworkVersion><DesignMode>False</DesignMode><CollectSourceInformation>False</CollectSourceInformation><TestAdaptersPaths>C:\Program Files\dotnet\sdk\7.0.306\Extensions</TestAdaptersPaths></RunConfiguration><LoggerRunSettings><Loggers><Logger friendlyName="blame" enabled="True" /><Logger friendlyName="Console" uri="logger://microsoft/TestPlatform/ConsoleLogger/v1" assemblyQualifiedName="Microsoft.VisualStudio.TestPlatform.CommandLine.Internal.ConsoleLogger, vstest.console, Version=15.0.0.0, Culture=neutral, PublicKeyToken=b03f5f7f11d50a3a" codeBase="C:\Program Files\dotnet\sdk\7.0.306\vstest.console.dll" enabled="True" /></Loggers></LoggerRunSettings><DataCollectionRunSettings><DataCollectors><DataCollector friendlyName="blame" enabled="True"><Configuration><ResultsDirectory>C:\Users\eriks\Desktop\repos\Kympu\codelex-exercises\csharp-basics\exercises\UnitTesting\ScooterRental.Tests\bin\Debug\net7.0\fine-code-coverage\coverage-tool-output</ResultsDirectory></Configuration></DataCollector></DataCollectors></DataCollectionRunSettings></RunSettings> and sources System.Collections.Generic.List`1[System.String]: 
TpTrace Verbose: 0 : 60304, 5, 2023/09/22, 15:27:55.763, 6584532389003, vstest.console.dll, DataCollectionRequestSender.SendBeforeTestRunStartAndGetResult: Received message: (DataCollection.SendMessage) -> {"MessageType":"DataCollection.SendMessage","Payload":{"FriendlyName":null,"Uri":null,"TestCaseId":"00000000-0000-0000-0000-000000000000","Message":"Logging DataCollector Diagnostics in file: C:\\Users\\eriks\\Desktop\\repos\\Kympu\\codelex-exercises\\csharp-basics\\exercises\\UnitTesting\\ScooterRental.Tests\\bin\\Debug\\net7.0\\fine-code-coverage\\coverage-tool-output\\diagnostics.datacollector.23-09-22_15-27-55_56896_5.log","Level":0}}
TpTrace Verbose: 0 : 60304, 5, 2023/09/22, 15:27:55.837, 6584533126419, vstest.console.dll, DataCollectionRequestSender.SendBeforeTestRunStartAndGetResult: Received message: (DataCollection.BeforeTestRunStartResult) -> {"MessageType":"DataCollection.BeforeTestRunStartResult","Payload":{"EnvironmentVariables":{},"DataCollectionEventsPort":56656}}
TpTrace Information: 0 : 60304, 5, 2023/09/22, 15:27:55.841, 6584533172127, vstest.console.dll, ProxyDataCollectionManager.BeforeTestRunStart: SendBeforeTestRunStartAndGetResult successful, env variable from datacollector:   and testhost port: 56656
TpTrace Information: 0 : 60304, 5, 2023/09/22, 15:27:55.841, 6584533173164, vstest.console.dll, ProxyDataCollectionManager.InvokeDataCollectionServiceAction: Completed.
TpTrace Verbose: 0 : 60304, 5, 2023/09/22, 15:27:55.841, 6584533174076, vstest.console.dll, ProxyExecutionManager: Test host is always Lazy initialize.
TpTrace Verbose: 0 : 60304, 5, 2023/09/22, 15:27:55.842, 6584533176655, vstest.console.dll, TestRequestSender.InitializeCommunication: initialize communication. 
TpTrace Information: 0 : 60304, 5, 2023/09/22, 15:27:55.842, 6584533180923, vstest.console.dll, SocketServer.Start: Listening on endpoint : 127.0.0.1:56657
TpTrace Verbose: 0 : 60304, 5, 2023/09/22, 15:27:55.843, 6584533188808, vstest.console.dll, DotnetTestHostmanager.GetTestHostProcessStartInfo: Platform environment 'X64' target architecture 'X64' framework '.NETCoreApp,Version=v7.0' OS 'Windows'
TpTrace Verbose: 0 : 60304, 5, 2023/09/22, 15:27:55.843, 6584533192193, vstest.console.dll, DotnetTestHostmanager: Adding  --runtimeconfig "C:\Users\eriks\Desktop\repos\Kympu\codelex-exercises\csharp-basics\exercises\UnitTesting\ScooterRental.Tests\bin\Debug\net7.0\fine-code-coverage\build-output\ScooterRental.Tests.runtimeconfig.json" in args
TpTrace Verbose: 0 : 60304, 5, 2023/09/22, 15:27:55.843, 6584533193783, vstest.console.dll, DotnetTestHostmanager: Adding  --depsfile "C:\Users\eriks\Desktop\repos\Kympu\codelex-exercises\csharp-basics\exercises\UnitTesting\ScooterRental.Tests\bin\Debug\net7.0\fine-code-coverage\build-output\ScooterRental.Tests.deps.json" in args
TpTrace Verbose: 0 : 60304, 5, 2023/09/22, 15:27:55.844, 6584533195348, vstest.console.dll, DotnetTestHostmanager.IsWinOnArm: Current PROCESSOR_ARCHITECTURE from environment variable 'AMD64'
TpTrace Verbose: 0 : 60304, 5, 2023/09/22, 15:27:55.844, 6584533195925, vstest.console.dll, DotnetTestHostmanager.IsWinOnArm: Is Windows on ARM 'False'
TpTrace Verbose: 0 : 60304, 5, 2023/09/22, 15:27:55.844, 6584533196818, vstest.console.dll, DotnetTestHostManager: testhost.exe found at path: C:\Users\eriks\Desktop\repos\Kympu\codelex-exercises\csharp-basics\exercises\UnitTesting\ScooterRental.Tests\bin\Debug\net7.0\fine-code-coverage\build-output\testhost.exe
TpTrace Verbose: 0 : 60304, 5, 2023/09/22, 15:27:55.844, 6584533197366, vstest.console.dll, DotnetTestHostmanager: Full path of host exe is C:\Users\eriks\Desktop\repos\Kympu\codelex-exercises\csharp-basics\exercises\UnitTesting\ScooterRental.Tests\bin\Debug\net7.0\fine-code-coverage\build-output\testhost.exe
TpTrace Verbose: 0 : 60304, 5, 2023/09/22, 15:27:55.844, 6584533198647, vstest.console.dll, DotnetTestHostmanager.LaunchTestHostAsync: Found 'VSTEST_WINAPPHOST_DOTNET_ROOT' in env variables, value 'C:\Program Files\dotnet', forwarding to 'DOTNET_ROOT'
TpTrace Verbose: 0 : 60304, 5, 2023/09/22, 15:27:55.844, 6584533200228, vstest.console.dll, DotnetTestHostManager: Starting process 'C:\Users\eriks\Desktop\repos\Kympu\codelex-exercises\csharp-basics\exercises\UnitTesting\ScooterRental.Tests\bin\Debug\net7.0\fine-code-coverage\build-output\testhost.exe' with command line ' --runtimeconfig "C:\Users\eriks\Desktop\repos\Kympu\codelex-exercises\csharp-basics\exercises\UnitTesting\ScooterRental.Tests\bin\Debug\net7.0\fine-code-coverage\build-output\ScooterRental.Tests.runtimeconfig.json" --depsfile "C:\Users\eriks\Desktop\repos\Kympu\codelex-exercises\csharp-basics\exercises\UnitTesting\ScooterRental.Tests\bin\Debug\net7.0\fine-code-coverage\build-output\ScooterRental.Tests.deps.json" --port 56657 --endpoint 127.0.0.1:056657 --role client --parentprocessid 60304 --diag "C:\Users\eriks\Desktop\repos\Kympu\codelex-exercises\csharp-basics\exercises\UnitTesting\ScooterRental.Tests\bin\Debug\net7.0\fine-code-coverage\coverage-tool-output\diagnostics.host.23-09-22_15-27-55_84304_5.log" --tracelevel 4 --datacollectionport 56656 --telemetryoptedin false'
TpTrace Verbose: 0 : 60304, 5, 2023/09/22, 15:27:55.851, 6584533271459, vstest.console.dll, MulticastDelegateUtilities.SafeInvoke: HostProviderEvents.OnHostLaunched: Invoking callback 1/2 for Microsoft.VisualStudio.TestPlatform.CrossPlatEngine.Client.ProxyExecutionManagerWithDataCollection., took 1 ms.
TpTrace Verbose: 0 : 60304, 5, 2023/09/22, 15:27:55.851, 6584533274090, vstest.console.dll, Test Runtime launched
TpTrace Verbose: 0 : 60304, 5, 2023/09/22, 15:27:55.852, 6584533274700, vstest.console.dll, MulticastDelegateUtilities.SafeInvoke: HostProviderEvents.OnHostLaunched: Invoking callback 2/2 for Microsoft.VisualStudio.TestPlatform.CrossPlatEngine.Client.ProxyOperationManager., took 0 ms.
TpTrace Verbose: 0 : 60304, 5, 2023/09/22, 15:27:55.852, 6584533275962, vstest.console.dll, TestRequestSender.WaitForRequestHandlerConnection: waiting for connection with timeout: 90000.
TpTrace Verbose: 0 : 60304, 5, 2023/09/22, 15:27:55.980, 6584534555890, vstest.console.dll, TestRequestSender.WaitForRequestHandlerConnection: waiting took 127 ms, with timeout 90000 ms, and result 0, which is success.
TpTrace Verbose: 0 : 60304, 7, 2023/09/22, 15:27:55.980, 6584534555891, vstest.console.dll, MulticastDelegateUtilities.SafeInvoke: SocketServer: ClientConnected: Invoking callback 1/1 for Microsoft.VisualStudio.TestPlatform.CommunicationUtilities.TestRequestSender., took 0 ms.
TpTrace Verbose: 0 : 60304, 7, 2023/09/22, 15:27:55.980, 6584534557195, vstest.console.dll, SocketServer.OnClientConnected: Client connected for endPoint: 127.0.0.1:56657, starting MessageLoopAsync:
TpTrace Verbose: 0 : 60304, 7, 2023/09/22, 15:27:55.980, 6584534558812, vstest.console.dll, TcpClientExtensions.MessageLoopAsync: Polling on remoteEndPoint: 127.0.0.1:56658 localEndPoint: 127.0.0.1:56657
TpTrace Verbose: 0 : 60304, 5, 2023/09/22, 15:27:55.980, 6584534562782, vstest.console.dll, TestRequestSender.CheckVersionWithTestHost: Sending check version message: {"MessageType":"ProtocolVersion","Payload":7}
TpTrace Verbose: 0 : 60304, 7, 2023/09/22, 15:27:56.081, 6584535564650, vstest.console.dll, TcpClientExtensions.MessageLoopAsync: NotifyDataAvailable remoteEndPoint: 127.0.0.1:56658 localEndPoint: 127.0.0.1:56657
TpTrace Verbose: 0 : 60304, 7, 2023/09/22, 15:27:56.081, 6584535567706, vstest.console.dll, TestRequestSender.CheckVersionWithTestHost: onMessageReceived received message: (ProtocolVersion) -> {"MessageType":"ProtocolVersion","Payload":7}
TpTrace Verbose: 0 : 60304, 7, 2023/09/22, 15:27:56.081, 6584535572588, vstest.console.dll, MulticastDelegateUtilities.SafeInvoke: LengthPrefixCommunicationChannel: MessageReceived: Invoking callback 1/1 for Microsoft.VisualStudio.TestPlatform.CommunicationUtilities.TestRequestSender+<>c__DisplayClass29_0., took 0 ms.
TpTrace Verbose: 0 : 60304, 5, 2023/09/22, 15:27:56.081, 6584535573357, vstest.console.dll, TestPluginCache.GetExtensionPaths: Filtered extension paths: 
TpTrace Verbose: 0 : 60304, 5, 2023/09/22, 15:27:56.081, 6584535573918, vstest.console.dll, TestPluginCache.GetExtensionPaths: Added default extension paths: C:\Program Files\dotnet\sdk\7.0.306\Extensions\Microsoft.Diagnostics.NETCore.Client.dll
C:\Program Files\dotnet\sdk\7.0.306\Extensions\Microsoft.TestPlatform.Extensions.BlameDataCollector.dll
C:\Program Files\dotnet\sdk\7.0.306\Extensions\Microsoft.TestPlatform.Extensions.EventLogCollector.dll
C:\Program Files\dotnet\sdk\7.0.306\Extensions\Microsoft.TestPlatform.TestHostRuntimeProvider.dll
C:\Program Files\dotnet\sdk\7.0.306\Extensions\Microsoft.VisualStudio.TestPlatform.Extensions.Html.TestLogger.dll
C:\Program Files\dotnet\sdk\7.0.306\Extensions\Microsoft.VisualStudio.TestPlatform.Extensions.Trx.TestLogger.dll
TpTrace Verbose: 0 : 60304, 7, 2023/09/22, 15:27:56.081, 6584535573423, vstest.console.dll, TcpClientExtensions.MessageLoopAsync: Polling on remoteEndPoint: 127.0.0.1:56658 localEndPoint: 127.0.0.1:56657
TpTrace Verbose: 0 : 60304, 5, 2023/09/22, 15:27:56.081, 6584535574221, vstest.console.dll, TestPluginCache.GetExtensionPaths: Added unfilterableExtensionPaths: 
TpTrace Verbose: 0 : 60304, 5, 2023/09/22, 15:27:56.084, 6584535598391, vstest.console.dll, TestRequestSender.InitializeExecution: Sending initialize execution with message: {"Version":7,"MessageType":"TestExecution.Initialize","Payload":["C:\\Users\\eriks\\Desktop\\repos\\Kympu\\codelex-exercises\\csharp-basics\\exercises\\UnitTesting\\ScooterRental.Tests\\bin\\Debug\\net7.0\\fine-code-coverage\\build-output\\Microsoft.VisualStudio.TestPlatform.MSTest.TestAdapter.dll"]}
TpTrace Verbose: 0 : 60304, 5, 2023/09/22, 15:27:56.084, 6584535599881, vstest.console.dll, ParallelProxyExecutionManager: Execution started. Started clients: 1
TpTrace Verbose: 0 : 60304, 5, 2023/09/22, 15:27:56.084, 6584535602200, vstest.console.dll, TestRunRequest:SendTestRunMessage: Starting.
TpTrace Verbose: 0 : 60304, 5, 2023/09/22, 15:27:56.084, 6584535603839, vstest.console.dll, MulticastDelegateUtilities.SafeInvoke: TestRun.LogMessages: Invoking callback 1/1 for Microsoft.VisualStudio.TestPlatform.CommandLine.TestRunResultAggregator., took 0 ms.
TpTrace Information: 0 : 60304, 5, 2023/09/22, 15:27:56.084, 6584535604167, vstest.console.dll, TestRunRequest:SendTestRunMessage: Completed.
TpTrace Verbose: 0 : 60304, 4, 2023/09/22, 15:27:56.085, 6584535604921, vstest.console.dll, MulticastDelegateUtilities.SafeInvoke: InternalTestLoggerEvents.SendTestRunMessage: Invoking callback 1/1 for Microsoft.VisualStudio.TestPlatform.CommandLine.Internal.ConsoleLogger., took 0 ms.
TpTrace Warning: 0 : 60304, 5, 2023/09/22, 15:27:56.085, 6584535606798, vstest.console.dll, InferRunSettingsHelper.MakeRunsettingsCompatible: Removing the following settings: TargetPlatform from RunSettings file. To use those settings please move to latest version of Microsoft.NET.Test.Sdk
TpTrace Verbose: 0 : 60304, 7, 2023/09/22, 15:27:56.086, 6584535617263, vstest.console.dll, TcpClientExtensions.MessageLoopAsync: NotifyDataAvailable remoteEndPoint: 127.0.0.1:56658 localEndPoint: 127.0.0.1:56657
TpTrace Verbose: 0 : 60304, 7, 2023/09/22, 15:27:56.086, 6584535619941, vstest.console.dll, TestRequestSender.OnExecutionMessageReceived: Received message: {"Version":7,"MessageType":"TestSession.Message","Payload":{"MessageLevel":0,"Message":"Logging TestHost Diagnostics in file: C:\\Users\\eriks\\Desktop\\repos\\Kympu\\codelex-exercises\\csharp-basics\\exercises\\UnitTesting\\ScooterRental.Tests\\bin\\Debug\\net7.0\\fine-code-coverage\\coverage-tool-output\\diagnostics.host.23-09-22_15-27-55_84304_5.log"}}
TpTrace Verbose: 0 : 60304, 7, 2023/09/22, 15:27:56.088, 6584535639315, vstest.console.dll, TestRunRequest:SendTestRunMessage: Starting.
TpTrace Verbose: 0 : 60304, 7, 2023/09/22, 15:27:56.088, 6584535640568, vstest.console.dll, MulticastDelegateUtilities.SafeInvoke: TestRun.LogMessages: Invoking callback 1/1 for Microsoft.VisualStudio.TestPlatform.CommandLine.TestRunResultAggregator., took 0 ms.
TpTrace Information: 0 : 60304, 7, 2023/09/22, 15:27:56.088, 6584535640886, vstest.console.dll, TestRunRequest:SendTestRunMessage: Completed.
TpTrace Verbose: 0 : 60304, 4, 2023/09/22, 15:27:56.088, 6584535640990, vstest.console.dll, MulticastDelegateUtilities.SafeInvoke: InternalTestLoggerEvents.SendTestRunMessage: Invoking callback 1/1 for Microsoft.VisualStudio.TestPlatform.CommandLine.Internal.ConsoleLogger., took 0 ms.
TpTrace Verbose: 0 : 60304, 7, 2023/09/22, 15:27:56.088, 6584535641293, vstest.console.dll, MulticastDelegateUtilities.SafeInvoke: LengthPrefixCommunicationChannel: MessageReceived: Invoking callback 1/1 for Microsoft.VisualStudio.TestPlatform.CommunicationUtilities.TestRequestSender+<>c__DisplayClass34_0., took 2 ms.
TpTrace Verbose: 0 : 60304, 7, 2023/09/22, 15:27:56.088, 6584535642313, vstest.console.dll, TcpClientExtensions.MessageLoopAsync: Polling on remoteEndPoint: 127.0.0.1:56658 localEndPoint: 127.0.0.1:56657
TpTrace Verbose: 0 : 60304, 5, 2023/09/22, 15:27:56.090, 6584535661881, vstest.console.dll, TestRequestSender.StartTestRun: Sending test run with message: {"Version":7,"MessageType":"TestExecution.StartWithSources","Payload":{"AdapterSourceMap":{"_none_":["C:\\Users\\eriks\\Desktop\\repos\\Kympu\\codelex-exercises\\csharp-basics\\exercises\\UnitTesting\\ScooterRental.Tests\\bin\\Debug\\net7.0\\fine-code-coverage\\build-output\\ScooterRental.Tests.dll"]},"RunSettings":"<RunSettings>\r\n  <RunConfiguration>\r\n    <ResultsDirectory>C:\\Users\\eriks\\Desktop\\repos\\Kympu\\codelex-exercises\\csharp-basics\\exercises\\UnitTesting\\ScooterRental.Tests\\bin\\Debug\\net7.0\\fine-code-coverage\\coverage-tool-output</ResultsDirectory>\r\n    <TargetFrameworkVersion>.NETCoreApp,Version=v7.0</TargetFrameworkVersion>\r\n    <DesignMode>False</DesignMode>\r\n    <CollectSourceInformation>False</CollectSourceInformation>\r\n  </RunConfiguration>\r\n  <LoggerRunSettings>\r\n    <Loggers>\r\n      <Logger friendlyName=\"blame\" enabled=\"True\" />\r\n      <Logger friendlyName=\"Console\" uri=\"logger://microsoft/TestPlatform/ConsoleLogger/v1\" assemblyQualifiedName=\"Microsoft.VisualStudio.TestPlatform.CommandLine.Internal.ConsoleLogger, vstest.console, Version=15.0.0.0, Culture=neutral, PublicKeyToken=b03f5f7f11d50a3a\" codeBase=\"C:\\Program Files\\dotnet\\sdk\\7.0.306\\vstest.console.dll\" enabled=\"True\" />\r\n    </Loggers>\r\n  </LoggerRunSettings>\r\n  <DataCollectionRunSettings>\r\n    <DataCollectors>\r\n      <DataCollector friendlyName=\"blame\" enabled=\"True\">\r\n        <Configuration>\r\n          <ResultsDirectory>C:\\Users\\eriks\\Desktop\\repos\\Kympu\\codelex-exercises\\csharp-basics\\exercises\\UnitTesting\\ScooterRental.Tests\\bin\\Debug\\net7.0\\fine-code-coverage\\coverage-tool-output</ResultsDirectory>\r\n        </Configuration>\r\n      </DataCollector>\r\n    </DataCollectors>\r\n  </DataCollectionRunSettings>\r\n</RunSettings>","TestExecutionContext":{"FrequencyOfRunStatsChangeEvent":10,"RunStatsChangeEventTimeout":"00:00:01.5000000","InIsolation":false,"KeepAlive":false,"AreTestCaseLevelEventsRequired":false,"IsDebug":false,"TestCaseFilter":null,"FilterOptions":null},"Package":null}}
TpTrace Verbose: 0 : 60304, 7, 2023/09/22, 15:27:56.426, 6584539015179, vstest.console.dll, TcpClientExtensions.MessageLoopAsync: NotifyDataAvailable remoteEndPoint: 127.0.0.1:56658 localEndPoint: 127.0.0.1:56657
TpTrace Verbose: 0 : 60304, 7, 2023/09/22, 15:27:56.430, 6584539056407, vstest.console.dll, TestRequestSender.OnExecutionMessageReceived: Received message: {"Version":7,"MessageType":"TestExecution.StatsChange","Payload":{"NewTestResults":[{"TestCase":{"Id":"a70da0f9-c281-7404-bccd-58c95eaab8c0","FullyQualifiedName":"ScooterRental.Tests.AccountingTests.CalculateIncome_ScootersRentedin2021_CorrectProfit43_2","DisplayName":"CalculateIncome_ScootersRentedin2021_CorrectProfit43_2","ExecutorUri":"executor://MSTestAdapter/v2","Source":"C:\\Users\\eriks\\Desktop\\repos\\Kympu\\codelex-exercises\\csharp-basics\\exercises\\UnitTesting\\ScooterRental.Tests\\bin\\Debug\\net7.0\\fine-code-coverage\\build-output\\ScooterRental.Tests.dll","CodeFilePath":null,"LineNumber":-1,"Properties":[{"Key":{"Id":"TestCase.ManagedType","Label":"ManagedType","Category":"","Description":"","Attributes":1,"ValueType":"System.String"},"Value":"ScooterRental.Tests.AccountingTests"},{"Key":{"Id":"TestCase.ManagedMethod","Label":"ManagedMethod","Category":"","Description":"","Attributes":1,"ValueType":"System.String"},"Value":"CalculateIncome_ScootersRentedin2021_CorrectProfit43_2"},{"Key":{"Id":"MSTestDiscoverer.TestClassName","Label":"ClassName","Category":"","Description":"","Attributes":1,"ValueType":"System.String"},"Value":"ScooterRental.Tests.AccountingTests"},{"Key":{"Id":"TestCase.Hierarchy","Label":"Hierarchy","Category":"","Description":"","Attributes":2,"ValueType":"System.String[]"},"Value":["ScooterRental.Tests","AccountingTests"]},{"Key":{"Id":"TestObject.Traits","Label":"Traits","Category":"","Description":"","Attributes":5,"ValueType":"System.Collections.Generic.KeyValuePair`2[[System.String],[System.String]][]"},"Value":[]}]},"Attachments":[],"Outcome":1,"ErrorMessage":null,"ErrorStackTrace":null,"DisplayName":"CalculateIncome_ScootersRentedin2021_CorrectProfit43_2","Messages":[],"ComputerName":null,"Duration":"00:00:00.0200765","StartTime":"2023-09-22T15:27:56.3103737+03:00","EndTime":"2023-09-22T15:27:56.3417509+03:00","Properties":[{"Key":{"Id":"ExecutionId","Label":"ExecutionId","Category":"","Description":"","Attributes":1,"ValueType":"System.Guid"},"Value":"00000000-0000-0000-0000-000000000000"},{"Key":{"Id":"ParentExecId","Label":"ParentExecId","Category":"","Description":"","Attributes":1,"ValueType":"System.Guid"},"Value":"00000000-0000-0000-0000-000000000000"},{"Key":{"Id":"InnerResultsCount","Label":"InnerResultsCount","Category":"","Description":"","Attributes":1,"ValueType":"System.Int32"},"Value":0}]},{"TestCase":{"Id":"443f9890-4ddf-901b-df2d-52832ff1cead","FullyQualifiedName":"ScooterRental.Tests.AccountingTests.CalculateIncome_NoScootersFoundInYear_ThrowsNoScooterFoundThisYearException","DisplayName":"CalculateIncome_NoScootersFoundInYear_ThrowsNoScooterFoundThisYearException","ExecutorUri":"executor://MSTestAdapter/v2","Source":"C:\\Users\\eriks\\Desktop\\repos\\Kympu\\codelex-exercises\\csharp-basics\\exercises\\UnitTesting\\ScooterRental.Tests\\bin\\Debug\\net7.0\\fine-code-coverage\\build-output\\ScooterRental.Tests.dll","CodeFilePath":null,"LineNumber":-1,"Properties":[{"Key":{"Id":"TestCase.ManagedType","Label":"ManagedType","Category":"","Description":"","Attributes":1,"ValueType":"System.String"},"Value":"ScooterRental.Tests.AccountingTests"},{"Key":{"Id":"TestCase.ManagedMethod","Label":"ManagedMethod","Category":"","Description":"","Attributes":1,"ValueType":"System.String"},"Value":"CalculateIncome_NoScootersFoundInYear_ThrowsNoScooterFoundThisYearException"},{"Key":{"Id":"MSTestDiscoverer.TestClassName","Label":"ClassName","Category":"","Description":"","Attributes":1,"ValueType":"System.String"},"Value":"ScooterRental.Tests.AccountingTests"},{"Key":{"Id":"TestCase.Hierarchy","Label":"Hierarchy","Category":"","Description":"","Attributes":2,"ValueType":"System.String[]"},"Value":["ScooterRental.Tests","AccountingTests"]},{"Key":{"Id":"TestObject.Traits","Label":"Traits","Category":"","Description":"","Attributes":5,"ValueType":"System.Collections.Generic.KeyValuePair`2[[System.String],[System.String]][]"},"Value":[]}]},"Attachments":[],"Outcome":1,"ErrorMessage":null,"ErrorStackTrace":null,"DisplayName":"CalculateIncome_NoScootersFoundInYear_ThrowsNoScooterFoundThisYearException","Messages":[],"ComputerName":null,"Duration":"00:00:00.0078159","StartTime":"2023-09-22T15:27:56.3602763+03:00","EndTime":"2023-09-22T15:27:56.3685012+03:00","Properties":[{"Key":{"Id":"ExecutionId","Label":"ExecutionId","Category":"","Description":"","Attributes":1,"ValueType":"System.Guid"},"Value":"00000000-0000-0000-0000-000000000000"},{"Key":{"Id":"ParentExecId","Label":"ParentExecId","Category":"","Description":"","Attributes":1,"ValueType":"System.Guid"},"Value":"00000000-0000-0000-0000-000000000000"},{"Key":{"Id":"InnerResultsCount","Label":"InnerResultsCount","Category":"","Description":"","Attributes":1,"ValueType":"System.Int32"},"Value":0}]},{"TestCase":{"Id":"a35cde4c-e498-4d78-db96-e95f20f2e74b","FullyQualifiedName":"ScooterRental.Tests.AccountingTests.CalculateIncome_NoScootersFound_ThrowsScooterListIsEmtpyException","DisplayName":"CalculateIncome_NoScootersFound_ThrowsScooterListIsEmtpyException","ExecutorUri":"executor://MSTestAdapter/v2","Source":"C:\\Users\\eriks\\Desktop\\repos\\Kympu\\codelex-exercises\\csharp-basics\\exercises\\UnitTesting\\ScooterRental.Tests\\bin\\Debug\\net7.0\\fine-code-coverage\\build-output\\ScooterRental.Tests.dll","CodeFilePath":null,"LineNumber":-1,"Properties":[{"Key":{"Id":"TestCase.ManagedType","Label":"ManagedType","Category":"","Description":"","Attributes":1,"ValueType":"System.String"},"Value":"ScooterRental.Tests.AccountingTests"},{"Key":{"Id":"TestCase.ManagedMethod","Label":"ManagedMethod","Category":"","Description":"","Attributes":1,"ValueType":"System.String"},"Value":"CalculateIncome_NoScootersFound_ThrowsScooterListIsEmtpyException"},{"Key":{"Id":"MSTestDiscoverer.TestClassName","Label":"ClassName","Category":"","Description":"","Attributes":1,"ValueType":"System.String"},"Value":"ScooterRental.Tests.AccountingTests"},{"Key":{"Id":"TestCase.Hierarchy","Label":"Hierarchy","Category":"","Description":"","Attributes":2,"ValueType":"System.String[]"},"Value":["ScooterRental.Tests","AccountingTests"]},{"Key":{"Id":"TestObject.Traits","Label":"Traits","Category":"","Description":"","Attributes":5,"ValueType":"System.Collections.Generic.KeyValuePair`2[[System.String],[System.String]][]"},"Value":[]}]},"Attachments":[],"Outcome":1,"ErrorMessage":null,"ErrorStackTrace":null,"DisplayName":"CalculateIncome_NoScootersFound_ThrowsScooterListIsEmtpyException","Messages":[],"ComputerName":null,"Duration":"00:00:00.0009512","StartTime":"2023-09-22T15:27:56.3762671+03:00","EndTime":"2023-09-22T15:27:56.377524+03:00","Properties":[{"Key":{"Id":"ExecutionId","Label":"ExecutionId","Category":"","Description":"","Attributes":1,"ValueType":"System.Guid"},"Value":"00000000-0000-0000-0000-000000000000"},{"Key":{"Id":"ParentExecId","Label":"ParentExecId","Category":"","Description":"","Attributes":1,"ValueType":"System.Guid"},"Value":"00000000-0000-0000-0000-000000000000"},{"Key":{"Id":"InnerResultsCount","Label":"InnerResultsCount","Category":"","Description":"","Attributes":1,"ValueType":"System.Int32"},"Value":0}]},{"TestCase":{"Id":"604ceaee-1b60-0464-d45b-eb0e9f717166","FullyQualifiedName":"ScooterRental.Tests.AccountingTests.CalculateIncome_includeNotCompletedRentalsIsTrue_ValueOfAllScooters","DisplayName":"CalculateIncome_includeNotCompletedRentalsIsTrue_ValueOfAllScooters","ExecutorUri":"executor://MSTestAdapter/v2","Source":"C:\\Users\\eriks\\Desktop\\repos\\Kympu\\codelex-exercises\\csharp-basics\\exercises\\UnitTesting\\ScooterRental.Tests\\bin\\Debug\\net7.0\\fine-code-coverage\\build-output\\ScooterRental.Tests.dll","CodeFilePath":null,"LineNumber":-1,"Properties":[{"Key":{"Id":"TestCase.ManagedType","Label":"ManagedType","Category":"","Description":"","Attributes":1,"ValueType":"System.String"},"Value":"ScooterRental.Tests.AccountingTests"},{"Key":{"Id":"TestCase.ManagedMethod","Label":"ManagedMethod","Category":"","Description":"","Attributes":1,"ValueType":"System.String"},"Value":"CalculateIncome_includeNotCompletedRentalsIsTrue_ValueOfAllScooters"},{"Key":{"Id":"MSTestDiscoverer.TestClassName","Label":"ClassName","Category":"","Description":"","Attributes":1,"ValueType":"System.String"},"Value":"ScooterRental.Tests.AccountingTests"},{"Key":{"Id":"TestCase.Hierarchy","Label":"Hierarchy","Category":"","Description":"","Attributes":2,"ValueType":"System.String[]"},"Value":["ScooterRental.Tests","AccountingTests"]},{"Key":{"Id":"TestObject.Traits","Label":"Traits","Category":"","Description":"","Attributes":5,"ValueType":"System.Collections.Generic.KeyValuePair`2[[System.String],[System.String]][]"},"Value":[]}]},"Attachments":[],"Outcome":1,"ErrorMessage":null,"ErrorStackTrace":null,"DisplayName":"CalculateIncome_includeNotCompletedRentalsIsTrue_ValueOfAllScooters","Messages":[],"ComputerName":null,"Duration":"00:00:00.0010019","StartTime":"2023-09-22T15:27:56.3802464+03:00","EndTime":"2023-09-22T15:27:56.3815994+03:00","Properties":[{"Key":{"Id":"ExecutionId","Label":"ExecutionId","Category":"","Description":"","Attributes":1,"ValueType":"System.Guid"},"Value":"00000000-0000-0000-0000-000000000000"},{"Key":{"Id":"ParentExecId","Label":"ParentExecId","Category":"","Description":"","Attributes":1,"ValueType":"System.Guid"},"Value":"00000000-0000-0000-0000-000000000000"},{"Key":{"Id":"InnerResultsCount","Label":"InnerResultsCount","Category":"","Description":"","Attributes":1,"ValueType":"System.Int32"},"Value":0}]},{"TestCase":{"Id":"7bc45ff8-2dd0-a1df-7eb4-c96d1e3b6570","FullyQualifiedName":"ScooterRental.Tests.AccountingTests.CalculateIncome_RentAScooterAgain_ProfitFromAllScooters","DisplayName":"CalculateIncome_RentAScooterAgain_ProfitFromAllScooters","ExecutorUri":"executor://MSTestAdapter/v2","Source":"C:\\Users\\eriks\\Desktop\\repos\\Kympu\\codelex-exercises\\csharp-basics\\exercises\\UnitTesting\\ScooterRental.Tests\\bin\\Debug\\net7.0\\fine-code-coverage\\build-output\\ScooterRental.Tests.dll","CodeFilePath":null,"LineNumber":-1,"Properties":[{"Key":{"Id":"TestCase.ManagedType","Label":"ManagedType","Category":"","Description":"","Attributes":1,"ValueType":"System.String"},"Value":"ScooterRental.Tests.AccountingTests"},{"Key":{"Id":"TestCase.ManagedMethod","Label":"ManagedMethod","Category":"","Description":"","Attributes":1,"ValueType":"System.String"},"Value":"CalculateIncome_RentAScooterAgain_ProfitFromAllScooters"},{"Key":{"Id":"MSTestDiscoverer.TestClassName","Label":"ClassName","Category":"","Description":"","Attributes":1,"ValueType":"System.String"},"Value":"ScooterRental.Tests.AccountingTests"},{"Key":{"Id":"TestCase.Hierarchy","Label":"Hierarchy","Category":"","Description":"","Attributes":2,"ValueType":"System.String[]"},"Value":["ScooterRental.Tests","AccountingTests"]},{"Key":{"Id":"TestObject.Traits","Label":"Traits","Category":"","Description":"","Attributes":5,"ValueType":"System.Collections.Generic.KeyValuePair`2[[System.String],[System.String]][]"},"Value":[]}]},"Attachments":[],"Outcome":1,"ErrorMessage":null,"ErrorStackTrace":null,"DisplayName":"CalculateIncome_RentAScooterAgain_ProfitFromAllScooters","Messages":[],"ComputerName":null,"Duration":"00:00:00.0003952","StartTime":"2023-09-22T15:27:56.3840781+03:00","EndTime":"2023-09-22T15:27:56.3848702+03:00","Properties":[{"Key":{"Id":"ExecutionId","Label":"ExecutionId","Category":"","Description":"","Attributes":1,"ValueType":"System.Guid"},"Value":"00000000-0000-0000-0000-000000000000"},{"Key":{"Id":"ParentExecId","Label":"ParentExecId","Category":"","Description":"","Attributes":1,"ValueType":"System.Guid"},"Value":"00000000-0000-0000-0000-000000000000"},{"Key":{"Id":"InnerResultsCount","Label":"InnerResultsCount","Category":"","Description":"","Attributes":1,"ValueType":"System.Int32"},"Value":0}]},{"TestCase":{"Id":"8198478c-44c9-2701-e59d-ca6ef5980fca","FullyQualifiedName":"ScooterRental.Tests.RentalCompanyTests.Name_GetCompanyName_SetToBeDefault","DisplayName":"Name_GetCompanyName_SetToBeDefault","ExecutorUri":"executor://MSTestAdapter/v2","Source":"C:\\Users\\eriks\\Desktop\\repos\\Kympu\\codelex-exercises\\csharp-basics\\exercises\\UnitTesting\\ScooterRental.Tests\\bin\\Debug\\net7.0\\fine-code-coverage\\build-output\\ScooterRental.Tests.dll","CodeFilePath":null,"LineNumber":-1,"Properties":[{"Key":{"Id":"TestCase.ManagedType","Label":"ManagedType","Category":"","Description":"","Attributes":1,"ValueType":"System.String"},"Value":"ScooterRental.Tests.RentalCompanyTests"},{"Key":{"Id":"TestCase.ManagedMethod","Label":"ManagedMethod","Category":"","Description":"","Attributes":1,"ValueType":"System.String"},"Value":"Name_GetCompanyName_SetToBeDefault"},{"Key":{"Id":"MSTestDiscoverer.TestClassName","Label":"ClassName","Category":"","Description":"","Attributes":1,"ValueType":"System.String"},"Value":"ScooterRental.Tests.RentalCompanyTests"},{"Key":{"Id":"TestCase.Hierarchy","Label":"Hierarchy","Category":"","Description":"","Attributes":2,"ValueType":"System.String[]"},"Value":["ScooterRental.Tests","RentalCompanyTests"]},{"Key":{"Id":"TestObject.Traits","Label":"Traits","Category":"","Description":"","Attributes":5,"ValueType":"System.Collections.Generic.KeyValuePair`2[[System.String],[System.String]][]"},"Value":[]}]},"Attachments":[],"Outcome":1,"ErrorMessage":null,"ErrorStackTrace":null,"DisplayName":"Name_GetCompanyName_SetToBeDefault","Messages":[],"ComputerName":null,"Duration":"00:00:00.0021454","StartTime":"2023-09-22T15:27:56.3871367+03:00","EndTime":"2023-09-22T15:27:56.3896528+03:00","Properties":[{"Key":{"Id":"ExecutionId","Label":"ExecutionId","Category":"","Description":"","Attributes":1,"ValueType":"System.Guid"},"Value":"00000000-0000-0000-0000-000000000000"},{"Key":{"Id":"ParentExecId","Label":"ParentExecId","Category":"","Description":"","Attributes":1,"ValueType":"System.Guid"},"Value":"00000000-0000-0000-0000-000000000000"},{"Key":{"Id":"InnerResultsCount","Label":"InnerResultsCount","Category":"","Description":"","Attributes":1,"ValueType":"System.Int32"},"Value":0}]},{"TestCase":{"Id":"3d8680a7-85a7-82df-77b0-76694ec66f62","FullyQualifiedName":"ScooterRental.Tests.RentalCompanyTests.StartRent_ScooterId_RentedIsTrue","DisplayName":"StartRent_ScooterId_RentedIsTrue","ExecutorUri":"executor://MSTestAdapter/v2","Source":"C:\\Users\\eriks\\Desktop\\repos\\Kympu\\codelex-exercises\\csharp-basics\\exercises\\UnitTesting\\ScooterRental.Tests\\bin\\Debug\\net7.0\\fine-code-coverage\\build-output\\ScooterRental.Tests.dll","CodeFilePath":null,"LineNumber":-1,"Properties":[{"Key":{"Id":"TestCase.ManagedType","Label":"ManagedType","Category":"","Description":"","Attributes":1,"ValueType":"System.String"},"Value":"ScooterRental.Tests.RentalCompanyTests"},{"Key":{"Id":"TestCase.ManagedMethod","Label":"ManagedMethod","Category":"","Description":"","Attributes":1,"ValueType":"System.String"},"Value":"StartRent_ScooterId_RentedIsTrue"},{"Key":{"Id":"MSTestDiscoverer.TestClassName","Label":"ClassName","Category":"","Description":"","Attributes":1,"ValueType":"System.String"},"Value":"ScooterRental.Tests.RentalCompanyTests"},{"Key":{"Id":"TestCase.Hierarchy","Label":"Hierarchy","Category":"","Description":"","Attributes":2,"ValueType":"System.String[]"},"Value":["ScooterRental.Tests","RentalCompanyTests"]},{"Key":{"Id":"TestObject.Traits","Label":"Traits","Category":"","Description":"","Attributes":5,"ValueType":"System.Collections.Generic.KeyValuePair`2[[System.String],[System.String]][]"},"Value":[]}]},"Attachments":[],"Outcome":1,"ErrorMessage":null,"ErrorStackTrace":null,"DisplayName":"StartRent_ScooterId_RentedIsTrue","Messages":[],"ComputerName":null,"Duration":"00:00:00.0009290","StartTime":"2023-09-22T15:27:56.3921517+03:00","EndTime":"2023-09-22T15:27:56.393306+03:00","Properties":[{"Key":{"Id":"ExecutionId","Label":"ExecutionId","Category":"","Description":"","Attributes":1,"ValueType":"System.Guid"},"Value":"00000000-0000-0000-0000-000000000000"},{"Key":{"Id":"ParentExecId","Label":"ParentExecId","Category":"","Description":"","Attributes":1,"ValueType":"System.Guid"},"Value":"00000000-0000-0000-0000-000000000000"},{"Key":{"Id":"InnerResultsCount","Label":"InnerResultsCount","Category":"","Description":"","Attributes":1,"ValueType":"System.Int32"},"Value":0}]},{"TestCase":{"Id":"ad9174de-e37a-b732-ebc3-5391e2868cef","FullyQualifiedName":"ScooterRental.Tests.RentalCompanyTests.StartRent_WrongScooterId_ThrowsInvalidScooterIdException","DisplayName":"StartRent_WrongScooterId_ThrowsInvalidScooterIdException","ExecutorUri":"executor://MSTestAdapter/v2","Source":"C:\\Users\\eriks\\Desktop\\repos\\Kympu\\codelex-exercises\\csharp-basics\\exercises\\UnitTesting\\ScooterRental.Tests\\bin\\Debug\\net7.0\\fine-code-coverage\\build-output\\ScooterRental.Tests.dll","CodeFilePath":null,"LineNumber":-1,"Properties":[{"Key":{"Id":"TestCase.ManagedType","Label":"ManagedType","Category":"","Description":"","Attributes":1,"ValueType":"System.String"},"Value":"ScooterRental.Tests.RentalCompanyTests"},{"Key":{"Id":"TestCase.ManagedMethod","Label":"ManagedMethod","Category":"","Description":"","Attributes":1,"ValueType":"System.String"},"Value":"StartRent_WrongScooterId_ThrowsInvalidScooterIdException"},{"Key":{"Id":"MSTestDiscoverer.TestClassName","Label":"ClassName","Category":"","Description":"","Attributes":1,"ValueType":"System.String"},"Value":"ScooterRental.Tests.RentalCompanyTests"},{"Key":{"Id":"TestCase.Hierarchy","Label":"Hierarchy","Category":"","Description":"","Attributes":2,"ValueType":"System.String[]"},"Value":["ScooterRental.Tests","RentalCompanyTests"]},{"Key":{"Id":"TestObject.Traits","Label":"Traits","Category":"","Description":"","Attributes":5,"ValueType":"System.Collections.Generic.KeyValuePair`2[[System.String],[System.String]][]"},"Value":[]}]},"Attachments":[],"Outcome":1,"ErrorMessage":null,"ErrorStackTrace":null,"DisplayName":"StartRent_WrongScooterId_ThrowsInvalidScooterIdException","Messages":[],"ComputerName":null,"Duration":"00:00:00.0007246","StartTime":"2023-09-22T15:27:56.3960239+03:00","EndTime":"2023-09-22T15:27:56.3969869+03:00","Properties":[{"Key":{"Id":"ExecutionId","Label":"ExecutionId","Category":"","Description":"","Attributes":1,"ValueType":"System.Guid"},"Value":"00000000-0000-0000-0000-000000000000"},{"Key":{"Id":"ParentExecId","Label":"ParentExecId","Category":"","Description":"","Attributes":1,"ValueType":"System.Guid"},"Value":"00000000-0000-0000-0000-000000000000"},{"Key":{"Id":"InnerResultsCount","Label":"InnerResultsCount","Category":"","Description":"","Attributes":1,"ValueType":"System.Int32"},"Value":0}]},{"TestCase":{"Id":"621e2d66-5299-6726-217f-b32d3a0d6411","FullyQualifiedName":"ScooterRental.Tests.RentalCompanyTests.StartRent_RentARentedScooter_ThorwsScooterAlreadyRentedExcetpion","DisplayName":"StartRent_RentARentedScooter_ThorwsScooterAlreadyRentedExcetpion","ExecutorUri":"executor://MSTestAdapter/v2","Source":"C:\\Users\\eriks\\Desktop\\repos\\Kympu\\codelex-exercises\\csharp-basics\\exercises\\UnitTesting\\ScooterRental.Tests\\bin\\Debug\\net7.0\\fine-code-coverage\\build-output\\ScooterRental.Tests.dll","CodeFilePath":null,"LineNumber":-1,"Properties":[{"Key":{"Id":"TestCase.ManagedType","Label":"ManagedType","Category":"","Description":"","Attributes":1,"ValueType":"System.String"},"Value":"ScooterRental.Tests.RentalCompanyTests"},{"Key":{"Id":"TestCase.ManagedMethod","Label":"ManagedMethod","Category":"","Description":"","Attributes":1,"ValueType":"System.String"},"Value":"StartRent_RentARentedScooter_ThorwsScooterAlreadyRentedExcetpion"},{"Key":{"Id":"MSTestDiscoverer.TestClassName","Label":"ClassName","Category":"","Description":"","Attributes":1,"ValueType":"System.String"},"Value":"ScooterRental.Tests.RentalCompanyTests"},{"Key":{"Id":"TestCase.Hierarchy","Label":"Hierarchy","Category":"","Description":"","Attributes":2,"ValueType":"System.String[]"},"Value":["ScooterRental.Tests","RentalCompanyTests"]},{"Key":{"Id":"TestObject.Traits","Label":"Traits","Category":"","Description":"","Attributes":5,"ValueType":"System.Collections.Generic.KeyValuePair`2[[System.String],[System.String]][]"},"Value":[]}]},"Attachments":[],"Outcome":1,"ErrorMessage":null,"ErrorStackTrace":null,"DisplayName":"StartRent_RentARentedScooter_ThorwsScooterAlreadyRentedExcetpion","Messages":[],"ComputerName":null,"Duration":"00:00:00.0006600","StartTime":"2023-09-22T15:27:56.3995566+03:00","EndTime":"2023-09-22T15:27:56.4004163+03:00","Properties":[{"Key":{"Id":"ExecutionId","Label":"ExecutionId","Category":"","Description":"","Attributes":1,"ValueType":"System.Guid"},"Value":"00000000-0000-0000-0000-000000000000"},{"Key":{"Id":"ParentExecId","Label":"ParentExecId","Category":"","Description":"","Attributes":1,"ValueType":"System.Guid"},"Value":"00000000-0000-0000-0000-000000000000"},{"Key":{"Id":"InnerResultsCount","Label":"InnerResultsCount","Category":"","Description":"","Attributes":1,"ValueType":"System.Int32"},"Value":0}]}],"TestRunStatistics":{"ExecutedTests":9,"Stats":{"Passed":9}},"ActiveTests":[{"Id":"25587648-c967-fbbe-2f63-dcaf0821835e","FullyQualifiedName":"ScooterRental.Tests.RentalCompanyTests.EndRent_ScooterId_RentedIsFalse","DisplayName":"EndRent_ScooterId_RentedIsFalse","ExecutorUri":"executor://MSTestAdapter/v2","Source":"C:\\Users\\eriks\\Desktop\\repos\\Kympu\\codelex-exercises\\csharp-basics\\exercises\\UnitTesting\\ScooterRental.Tests\\bin\\Debug\\net7.0\\fine-code-coverage\\build-output\\ScooterRental.Tests.dll","CodeFilePath":null,"LineNumber":-1,"Properties":[{"Key":{"Id":"TestCase.ManagedType","Label":"ManagedType","Category":"","Description":"","Attributes":1,"ValueType":"System.String"},"Value":"ScooterRental.Tests.RentalCompanyTests"},{"Key":{"Id":"TestCase.ManagedMethod","Label":"ManagedMethod","Category":"","Description":"","Attributes":1,"ValueType":"System.String"},"Value":"EndRent_ScooterId_RentedIsFalse"},{"Key":{"Id":"MSTestDiscoverer.TestClassName","Label":"ClassName","Category":"","Description":"","Attributes":1,"ValueType":"System.String"},"Value":"ScooterRental.Tests.RentalCompanyTests"},{"Key":{"Id":"TestCase.Hierarchy","Label":"Hierarchy","Category":"","Description":"","Attributes":2,"ValueType":"System.String[]"},"Value":["ScooterRental.Tests","RentalCompanyTests"]},{"Key":{"Id":"TestObject.Traits","Label":"Traits","Category":"","Description":"","Attributes":5,"ValueType":"System.Collections.Generic.KeyValuePair`2[[System.String],[System.String]][]"},"Value":[]}]}]}}
TpTrace Verbose: 0 : 60304, 7, 2023/09/22, 15:27:56.474, 6584539496810, vstest.console.dll, TestRunRequest:SendTestRunStatsChange: Starting.
TpTrace Verbose: 0 : 60304, 7, 2023/09/22, 15:27:56.474, 6584539498940, vstest.console.dll, InProgress is EndRent_ScooterId_RentedIsFalse
TpTrace Verbose: 0 : 60304, 7, 2023/09/22, 15:27:56.476, 6584539517322, vstest.console.dll, MulticastDelegateUtilities.SafeInvoke: TestRun.RunStatsChanged: Invoking callbacks was skipped because there are no subscribers.
TpTrace Information: 0 : 60304, 7, 2023/09/22, 15:27:56.476, 6584539518114, vstest.console.dll, TestRunRequest:SendTestRunStatsChange: Completed.
TpTrace Verbose: 0 : 60304, 7, 2023/09/22, 15:27:56.476, 6584539518559, vstest.console.dll, MulticastDelegateUtilities.SafeInvoke: LengthPrefixCommunicationChannel: MessageReceived: Invoking callback 1/1 for Microsoft.VisualStudio.TestPlatform.CommunicationUtilities.TestRequestSender+<>c__DisplayClass34_0., took 49 ms.
TpTrace Verbose: 0 : 60304, 7, 2023/09/22, 15:27:56.476, 6584539518918, vstest.console.dll, TcpClientExtensions.MessageLoopAsync: Polling on remoteEndPoint: 127.0.0.1:56658 localEndPoint: 127.0.0.1:56657
TpTrace Verbose: 0 : 60304, 7, 2023/09/22, 15:27:56.476, 6584539519377, vstest.console.dll, TcpClientExtensions.MessageLoopAsync: NotifyDataAvailable remoteEndPoint: 127.0.0.1:56658 localEndPoint: 127.0.0.1:56657
TpTrace Verbose: 0 : 60304, 7, 2023/09/22, 15:27:56.476, 6584539523051, vstest.console.dll, TestRequestSender.OnExecutionMessageReceived: Received message: {"Version":7,"MessageType":"TestExecution.StatsChange","Payload":{"NewTestResults":[{"TestCase":{"Id":"25587648-c967-fbbe-2f63-dcaf0821835e","FullyQualifiedName":"ScooterRental.Tests.RentalCompanyTests.EndRent_ScooterId_RentedIsFalse","DisplayName":"EndRent_ScooterId_RentedIsFalse","ExecutorUri":"executor://MSTestAdapter/v2","Source":"C:\\Users\\eriks\\Desktop\\repos\\Kympu\\codelex-exercises\\csharp-basics\\exercises\\UnitTesting\\ScooterRental.Tests\\bin\\Debug\\net7.0\\fine-code-coverage\\build-output\\ScooterRental.Tests.dll","CodeFilePath":null,"LineNumber":-1,"Properties":[{"Key":{"Id":"TestCase.ManagedType","Label":"ManagedType","Category":"","Description":"","Attributes":1,"ValueType":"System.String"},"Value":"ScooterRental.Tests.RentalCompanyTests"},{"Key":{"Id":"TestCase.ManagedMethod","Label":"ManagedMethod","Category":"","Description":"","Attributes":1,"ValueType":"System.String"},"Value":"EndRent_ScooterId_RentedIsFalse"},{"Key":{"Id":"MSTestDiscoverer.TestClassName","Label":"ClassName","Category":"","Description":"","Attributes":1,"ValueType":"System.String"},"Value":"ScooterRental.Tests.RentalCompanyTests"},{"Key":{"Id":"TestCase.Hierarchy","Label":"Hierarchy","Category":"","Description":"","Attributes":2,"ValueType":"System.String[]"},"Value":["ScooterRental.Tests","RentalCompanyTests"]},{"Key":{"Id":"TestObject.Traits","Label":"Traits","Category":"","Description":"","Attributes":5,"ValueType":"System.Collections.Generic.KeyValuePair`2[[System.String],[System.String]][]"},"Value":[]}]},"Attachments":[],"Outcome":1,"ErrorMessage":null,"ErrorStackTrace":null,"DisplayName":"EndRent_ScooterId_RentedIsFalse","Messages":[],"ComputerName":null,"Duration":"00:00:00.0005249","StartTime":"2023-09-22T15:27:56.4273276+03:00","EndTime":"2023-09-22T15:27:56.4280867+03:00","Properties":[{"Key":{"Id":"ExecutionId","Label":"ExecutionId","Category":"","Description":"","Attributes":1,"ValueType":"System.Guid"},"Value":"00000000-0000-0000-0000-000000000000"},{"Key":{"Id":"ParentExecId","Label":"ParentExecId","Category":"","Description":"","Attributes":1,"ValueType":"System.Guid"},"Value":"00000000-0000-0000-0000-000000000000"},{"Key":{"Id":"InnerResultsCount","Label":"InnerResultsCount","Category":"","Description":"","Attributes":1,"ValueType":"System.Int32"},"Value":0}]},{"TestCase":{"Id":"f7439710-26b4-24b8-b49f-9236d2214bf8","FullyQualifiedName":"ScooterRental.Tests.RentalCompanyTests.EndRent_WrongScooterId_ThrowsInvalidScooterIdException","DisplayName":"EndRent_WrongScooterId_ThrowsInvalidScooterIdException","ExecutorUri":"executor://MSTestAdapter/v2","Source":"C:\\Users\\eriks\\Desktop\\repos\\Kympu\\codelex-exercises\\csharp-basics\\exercises\\UnitTesting\\ScooterRental.Tests\\bin\\Debug\\net7.0\\fine-code-coverage\\build-output\\ScooterRental.Tests.dll","CodeFilePath":null,"LineNumber":-1,"Properties":[{"Key":{"Id":"TestCase.ManagedType","Label":"ManagedType","Category":"","Description":"","Attributes":1,"ValueType":"System.String"},"Value":"ScooterRental.Tests.RentalCompanyTests"},{"Key":{"Id":"TestCase.ManagedMethod","Label":"ManagedMethod","Category":"","Description":"","Attributes":1,"ValueType":"System.String"},"Value":"EndRent_WrongScooterId_ThrowsInvalidScooterIdException"},{"Key":{"Id":"MSTestDiscoverer.TestClassName","Label":"ClassName","Category":"","Description":"","Attributes":1,"ValueType":"System.String"},"Value":"ScooterRental.Tests.RentalCompanyTests"},{"Key":{"Id":"TestCase.Hierarchy","Label":"Hierarchy","Category":"","Description":"","Attributes":2,"ValueType":"System.String[]"},"Value":["ScooterRental.Tests","RentalCompanyTests"]},{"Key":{"Id":"TestObject.Traits","Label":"Traits","Category":"","Description":"","Attributes":5,"ValueType":"System.Collections.Generic.KeyValuePair`2[[System.String],[System.String]][]"},"Value":[]}]},"Attachments":[],"Outcome":1,"ErrorMessage":null,"ErrorStackTrace":null,"DisplayName":"EndRent_WrongScooterId_ThrowsInvalidScooterIdException","Messages":[],"ComputerName":null,"Duration":"00:00:00.0004258","StartTime":"2023-09-22T15:27:56.4307773+03:00","EndTime":"2023-09-22T15:27:56.4314191+03:00","Properties":[{"Key":{"Id":"ExecutionId","Label":"ExecutionId","Category":"","Description":"","Attributes":1,"ValueType":"System.Guid"},"Value":"00000000-0000-0000-0000-000000000000"},{"Key":{"Id":"ParentExecId","Label":"ParentExecId","Category":"","Description":"","Attributes":1,"ValueType":"System.Guid"},"Value":"00000000-0000-0000-0000-000000000000"},{"Key":{"Id":"InnerResultsCount","Label":"InnerResultsCount","Category":"","Description":"","Attributes":1,"ValueType":"System.Int32"},"Value":0}]},{"TestCase":{"Id":"322e0e40-ab44-300b-916d-45123b32d751","FullyQualifiedName":"ScooterRental.Tests.RentalCompanyTests.EndRent_RentFor2Hours_Returns20","DisplayName":"EndRent_RentFor2Hours_Returns20","ExecutorUri":"executor://MSTestAdapter/v2","Source":"C:\\Users\\eriks\\Desktop\\repos\\Kympu\\codelex-exercises\\csharp-basics\\exercises\\UnitTesting\\ScooterRental.Tests\\bin\\Debug\\net7.0\\fine-code-coverage\\build-output\\ScooterRental.Tests.dll","CodeFilePath":null,"LineNumber":-1,"Properties":[{"Key":{"Id":"TestCase.ManagedType","Label":"ManagedType","Category":"","Description":"","Attributes":1,"ValueType":"System.String"},"Value":"ScooterRental.Tests.RentalCompanyTests"},{"Key":{"Id":"TestCase.ManagedMethod","Label":"ManagedMethod","Category":"","Description":"","Attributes":1,"ValueType":"System.String"},"Value":"EndRent_RentFor2Hours_Returns20"},{"Key":{"Id":"MSTestDiscoverer.TestClassName","Label":"ClassName","Category":"","Description":"","Attributes":1,"ValueType":"System.String"},"Value":"ScooterRental.Tests.RentalCompanyTests"},{"Key":{"Id":"TestCase.Hierarchy","Label":"Hierarchy","Category":"","Description":"","Attributes":2,"ValueType":"System.String[]"},"Value":["ScooterRental.Tests","RentalCompanyTests"]},{"Key":{"Id":"TestObject.Traits","Label":"Traits","Category":"","Description":"","Attributes":5,"ValueType":"System.Collections.Generic.KeyValuePair`2[[System.String],[System.String]][]"},"Value":[]}]},"Attachments":[],"Outcome":1,"ErrorMessage":null,"ErrorStackTrace":null,"DisplayName":"EndRent_RentFor2Hours_Returns20","Messages":[],"ComputerName":null,"Duration":"00:00:00.0002876","StartTime":"2023-09-22T15:27:56.4342531+03:00","EndTime":"2023-09-22T15:27:56.4347784+03:00","Properties":[{"Key":{"Id":"ExecutionId","Label":"ExecutionId","Category":"","Description":"","Attributes":1,"ValueType":"System.Guid"},"Value":"00000000-0000-0000-0000-000000000000"},{"Key":{"Id":"ParentExecId","Label":"ParentExecId","Category":"","Description":"","Attributes":1,"ValueType":"System.Guid"},"Value":"00000000-0000-0000-0000-000000000000"},{"Key":{"Id":"InnerResultsCount","Label":"InnerResultsCount","Category":"","Description":"","Attributes":1,"ValueType":"System.Int32"},"Value":0}]},{"TestCase":{"Id":"486a8621-25ab-1e6e-c562-42da17b6ea7a","FullyQualifiedName":"ScooterRental.Tests.RentalCompanyTests.EndRent_RentFor26HoursAnd12MinutesBetween3Days_Returns42point3","DisplayName":"EndRent_RentFor26HoursAnd12MinutesBetween3Days_Returns42point3","ExecutorUri":"executor://MSTestAdapter/v2","Source":"C:\\Users\\eriks\\Desktop\\repos\\Kympu\\codelex-exercises\\csharp-basics\\exercises\\UnitTesting\\ScooterRental.Tests\\bin\\Debug\\net7.0\\fine-code-coverage\\build-output\\ScooterRental.Tests.dll","CodeFilePath":null,"LineNumber":-1,"Properties":[{"Key":{"Id":"TestCase.ManagedType","Label":"ManagedType","Category":"","Description":"","Attributes":1,"ValueType":"System.String"},"Value":"ScooterRental.Tests.RentalCompanyTests"},{"Key":{"Id":"TestCase.ManagedMethod","Label":"ManagedMethod","Category":"","Description":"","Attributes":1,"ValueType":"System.String"},"Value":"EndRent_RentFor26HoursAnd12MinutesBetween3Days_Returns42point3"},{"Key":{"Id":"MSTestDiscoverer.TestClassName","Label":"ClassName","Category":"","Description":"","Attributes":1,"ValueType":"System.String"},"Value":"ScooterRental.Tests.RentalCompanyTests"},{"Key":{"Id":"TestCase.Hierarchy","Label":"Hierarchy","Category":"","Description":"","Attributes":2,"ValueType":"System.String[]"},"Value":["ScooterRental.Tests","RentalCompanyTests"]},{"Key":{"Id":"TestObject.Traits","Label":"Traits","Category":"","Description":"","Attributes":5,"ValueType":"System.Collections.Generic.KeyValuePair`2[[System.String],[System.String]][]"},"Value":[]}]},"Attachments":[],"Outcome":1,"ErrorMessage":null,"ErrorStackTrace":null,"DisplayName":"EndRent_RentFor26HoursAnd12MinutesBetween3Days_Returns42point3","Messages":[],"ComputerName":null,"Duration":"00:00:00.0002708","StartTime":"2023-09-22T15:27:56.4373318+03:00","EndTime":"2023-09-22T15:27:56.4378303+03:00","Properties":[{"Key":{"Id":"ExecutionId","Label":"ExecutionId","Category":"","Description":"","Attributes":1,"ValueType":"System.Guid"},"Value":"00000000-0000-0000-0000-000000000000"},{"Key":{"Id":"ParentExecId","Label":"ParentExecId","Category":"","Description":"","Attributes":1,"ValueType":"System.Guid"},"Value":"00000000-0000-0000-0000-000000000000"},{"Key":{"Id":"InnerResultsCount","Label":"InnerResultsCount","Category":"","Description":"","Attributes":1,"ValueType":"System.Int32"},"Value":0}]},{"TestCase":{"Id":"2eb6d1fa-184e-ee9d-8957-2e10c55cb6d2","FullyQualifiedName":"ScooterRental.Tests.RentalCompanyTests.EndRent_RentFor74HoursAnd36Minutes_Returns79point2","DisplayName":"EndRent_RentFor74HoursAnd36Minutes_Returns79point2","ExecutorUri":"executor://MSTestAdapter/v2","Source":"C:\\Users\\eriks\\Desktop\\repos\\Kympu\\codelex-exercises\\csharp-basics\\exercises\\UnitTesting\\ScooterRental.Tests\\bin\\Debug\\net7.0\\fine-code-coverage\\build-output\\ScooterRental.Tests.dll","CodeFilePath":null,"LineNumber":-1,"Properties":[{"Key":{"Id":"TestCase.ManagedType","Label":"ManagedType","Category":"","Description":"","Attributes":1,"ValueType":"System.String"},"Value":"ScooterRental.Tests.RentalCompanyTests"},{"Key":{"Id":"TestCase.ManagedMethod","Label":"ManagedMethod","Category":"","Description":"","Attributes":1,"ValueType":"System.String"},"Value":"EndRent_RentFor74HoursAnd36Minutes_Returns79point2"},{"Key":{"Id":"MSTestDiscoverer.TestClassName","Label":"ClassName","Category":"","Description":"","Attributes":1,"ValueType":"System.String"},"Value":"ScooterRental.Tests.RentalCompanyTests"},{"Key":{"Id":"TestCase.Hierarchy","Label":"Hierarchy","Category":"","Description":"","Attributes":2,"ValueType":"System.String[]"},"Value":["ScooterRental.Tests","RentalCompanyTests"]},{"Key":{"Id":"TestObject.Traits","Label":"Traits","Category":"","Description":"","Attributes":5,"ValueType":"System.Collections.Generic.KeyValuePair`2[[System.String],[System.String]][]"},"Value":[]}]},"Attachments":[],"Outcome":1,"ErrorMessage":null,"ErrorStackTrace":null,"DisplayName":"EndRent_RentFor74HoursAnd36Minutes_Returns79point2","Messages":[],"ComputerName":null,"Duration":"00:00:00.0002790","StartTime":"2023-09-22T15:27:56.4405667+03:00","EndTime":"2023-09-22T15:27:56.4410925+03:00","Properties":[{"Key":{"Id":"ExecutionId","Label":"ExecutionId","Category":"","Description":"","Attributes":1,"ValueType":"System.Guid"},"Value":"00000000-0000-0000-0000-000000000000"},{"Key":{"Id":"ParentExecId","Label":"ParentExecId","Category":"","Description":"","Attributes":1,"ValueType":"System.Guid"},"Value":"00000000-0000-0000-0000-000000000000"},{"Key":{"Id":"InnerResultsCount","Label":"InnerResultsCount","Category":"","Description":"","Attributes":1,"ValueType":"System.Int32"},"Value":0}]},{"TestCase":{"Id":"c5d78e92-6474-9021-783f-96c543fc6721","FullyQualifiedName":"ScooterRental.Tests.ScooterServiceTests.AddScooter_WithIdAndPricePerMinute_ScooterAdded","DisplayName":"AddScooter_WithIdAndPricePerMinute_ScooterAdded","ExecutorUri":"executor://MSTestAdapter/v2","Source":"C:\\Users\\eriks\\Desktop\\repos\\Kympu\\codelex-exercises\\csharp-basics\\exercises\\UnitTesting\\ScooterRental.Tests\\bin\\Debug\\net7.0\\fine-code-coverage\\build-output\\ScooterRental.Tests.dll","CodeFilePath":null,"LineNumber":-1,"Properties":[{"Key":{"Id":"TestCase.ManagedType","Label":"ManagedType","Category":"","Description":"","Attributes":1,"ValueType":"System.String"},"Value":"ScooterRental.Tests.ScooterServiceTests"},{"Key":{"Id":"TestCase.ManagedMethod","Label":"ManagedMethod","Category":"","Description":"","Attributes":1,"ValueType":"System.String"},"Value":"AddScooter_WithIdAndPricePerMinute_ScooterAdded"},{"Key":{"Id":"MSTestDiscoverer.TestClassName","Label":"ClassName","Category":"","Description":"","Attributes":1,"ValueType":"System.String"},"Value":"ScooterRental.Tests.ScooterServiceTests"},{"Key":{"Id":"TestCase.Hierarchy","Label":"Hierarchy","Category":"","Description":"","Attributes":2,"ValueType":"System.String[]"},"Value":["ScooterRental.Tests","ScooterServiceTests"]},{"Key":{"Id":"TestObject.Traits","Label":"Traits","Category":"","Description":"","Attributes":5,"ValueType":"System.Collections.Generic.KeyValuePair`2[[System.String],[System.String]][]"},"Value":[]}]},"Attachments":[],"Outcome":1,"ErrorMessage":null,"ErrorStackTrace":null,"DisplayName":"AddScooter_WithIdAndPricePerMinute_ScooterAdded","Messages":[],"ComputerName":null,"Duration":"00:00:00.0012895","StartTime":"2023-09-22T15:27:56.4439364+03:00","EndTime":"2023-09-22T15:27:56.4456737+03:00","Properties":[{"Key":{"Id":"ExecutionId","Label":"ExecutionId","Category":"","Description":"","Attributes":1,"ValueType":"System.Guid"},"Value":"00000000-0000-0000-0000-000000000000"},{"Key":{"Id":"ParentExecId","Label":"ParentExecId","Category":"","Description":"","Attributes":1,"ValueType":"System.Guid"},"Value":"00000000-0000-0000-0000-000000000000"},{"Key":{"Id":"InnerResultsCount","Label":"InnerResultsCount","Category":"","Description":"","Attributes":1,"ValueType":"System.Int32"},"Value":0}]},{"TestCase":{"Id":"f38dd1ca-2b6c-87e9-aa66-ce402c48bcfa","FullyQualifiedName":"ScooterRental.Tests.ScooterServiceTests.AddScooter_WithId1AndPricePerMinute1_ScooterAddedWithId1andPricePerMinute1","DisplayName":"AddScooter_WithId1AndPricePerMinute1_ScooterAddedWithId1andPricePerMinute1","ExecutorUri":"executor://MSTestAdapter/v2","Source":"C:\\Users\\eriks\\Desktop\\repos\\Kympu\\codelex-exercises\\csharp-basics\\exercises\\UnitTesting\\ScooterRental.Tests\\bin\\Debug\\net7.0\\fine-code-coverage\\build-output\\ScooterRental.Tests.dll","CodeFilePath":null,"LineNumber":-1,"Properties":[{"Key":{"Id":"TestCase.ManagedType","Label":"ManagedType","Category":"","Description":"","Attributes":1,"ValueType":"System.String"},"Value":"ScooterRental.Tests.ScooterServiceTests"},{"Key":{"Id":"TestCase.ManagedMethod","Label":"ManagedMethod","Category":"","Description":"","Attributes":1,"ValueType":"System.String"},"Value":"AddScooter_WithId1AndPricePerMinute1_ScooterAddedWithId1andPricePerMinute1"},{"Key":{"Id":"MSTestDiscoverer.TestClassName","Label":"ClassName","Category":"","Description":"","Attributes":1,"ValueType":"System.String"},"Value":"ScooterRental.Tests.ScooterServiceTests"},{"Key":{"Id":"TestCase.Hierarchy","Label":"Hierarchy","Category":"","Description":"","Attributes":2,"ValueType":"System.String[]"},"Value":["ScooterRental.Tests","ScooterServiceTests"]},{"Key":{"Id":"TestObject.Traits","Label":"Traits","Category":"","Description":"","Attributes":5,"ValueType":"System.Collections.Generic.KeyValuePair`2[[System.String],[System.String]][]"},"Value":[]}]},"Attachments":[],"Outcome":1,"ErrorMessage":null,"ErrorStackTrace":null,"DisplayName":"AddScooter_WithId1AndPricePerMinute1_ScooterAddedWithId1andPricePerMinute1","Messages":[],"ComputerName":null,"Duration":"00:00:00.0006389","StartTime":"2023-09-22T15:27:56.4486482+03:00","EndTime":"2023-09-22T15:27:56.4495811+03:00","Properties":[{"Key":{"Id":"ExecutionId","Label":"ExecutionId","Category":"","Description":"","Attributes":1,"ValueType":"System.Guid"},"Value":"00000000-0000-0000-0000-000000000000"},{"Key":{"Id":"ParentExecId","Label":"ParentExecId","Category":"","Description":"","Attributes":1,"ValueType":"System.Guid"},"Value":"00000000-0000-0000-0000-000000000000"},{"Key":{"Id":"InnerResultsCount","Label":"InnerResultsCount","Category":"","Description":"","Attributes":1,"ValueType":"System.Int32"},"Value":0}]},{"TestCase":{"Id":"6fee6d97-4e00-9b5e-0a33-4f3df189eb7d","FullyQualifiedName":"ScooterRental.Tests.ScooterServiceTests.AddScooter_AddDuplicateScooter_ThrowsDuplicateScooterExcetpion","DisplayName":"AddScooter_AddDuplicateScooter_ThrowsDuplicateScooterExcetpion","ExecutorUri":"executor://MSTestAdapter/v2","Source":"C:\\Users\\eriks\\Desktop\\repos\\Kympu\\codelex-exercises\\csharp-basics\\exercises\\UnitTesting\\ScooterRental.Tests\\bin\\Debug\\net7.0\\fine-code-coverage\\build-output\\ScooterRental.Tests.dll","CodeFilePath":null,"LineNumber":-1,"Properties":[{"Key":{"Id":"TestCase.ManagedType","Label":"ManagedType","Category":"","Description":"","Attributes":1,"ValueType":"System.String"},"Value":"ScooterRental.Tests.ScooterServiceTests"},{"Key":{"Id":"TestCase.ManagedMethod","Label":"ManagedMethod","Category":"","Description":"","Attributes":1,"ValueType":"System.String"},"Value":"AddScooter_AddDuplicateScooter_ThrowsDuplicateScooterExcetpion"},{"Key":{"Id":"MSTestDiscoverer.TestClassName","Label":"ClassName","Category":"","Description":"","Attributes":1,"ValueType":"System.String"},"Value":"ScooterRental.Tests.ScooterServiceTests"},{"Key":{"Id":"TestCase.Hierarchy","Label":"Hierarchy","Category":"","Description":"","Attributes":2,"ValueType":"System.String[]"},"Value":["ScooterRental.Tests","ScooterServiceTests"]},{"Key":{"Id":"TestObject.Traits","Label":"Traits","Category":"","Description":"","Attributes":5,"ValueType":"System.Collections.Generic.KeyValuePair`2[[System.String],[System.String]][]"},"Value":[]}]},"Attachments":[],"Outcome":1,"ErrorMessage":null,"ErrorStackTrace":null,"DisplayName":"AddScooter_AddDuplicateScooter_ThrowsDuplicateScooterExcetpion","Messages":[],"ComputerName":null,"Duration":"00:00:00.0008935","StartTime":"2023-09-22T15:27:56.4521309+03:00","EndTime":"2023-09-22T15:27:56.4532731+03:00","Properties":[{"Key":{"Id":"ExecutionId","Label":"ExecutionId","Category":"","Description":"","Attributes":1,"ValueType":"System.Guid"},"Value":"00000000-0000-0000-0000-000000000000"},{"Key":{"Id":"ParentExecId","Label":"ParentExecId","Category":"","Description":"","Attributes":1,"ValueType":"System.Guid"},"Value":"00000000-0000-0000-0000-000000000000"},{"Key":{"Id":"InnerResultsCount","Label":"InnerResultsCount","Category":"","Description":"","Attributes":1,"ValueType":"System.Int32"},"Value":0}]},{"TestCase":{"Id":"ce60dcee-64bb-774c-8e68-19fb21edf74a","FullyQualifiedName":"ScooterRental.Tests.ScooterServiceTests.AddScooter_AddScooterWithNegativePrice_ThrowsNegativeScooterPriceExcetpion","DisplayName":"AddScooter_AddScooterWithNegativePrice_ThrowsNegativeScooterPriceExcetpion","ExecutorUri":"executor://MSTestAdapter/v2","Source":"C:\\Users\\eriks\\Desktop\\repos\\Kympu\\codelex-exercises\\csharp-basics\\exercises\\UnitTesting\\ScooterRental.Tests\\bin\\Debug\\net7.0\\fine-code-coverage\\build-output\\ScooterRental.Tests.dll","CodeFilePath":null,"LineNumber":-1,"Properties":[{"Key":{"Id":"TestCase.ManagedType","Label":"ManagedType","Category":"","Description":"","Attributes":1,"ValueType":"System.String"},"Value":"ScooterRental.Tests.ScooterServiceTests"},{"Key":{"Id":"TestCase.ManagedMethod","Label":"ManagedMethod","Category":"","Description":"","Attributes":1,"ValueType":"System.String"},"Value":"AddScooter_AddScooterWithNegativePrice_ThrowsNegativeScooterPriceExcetpion"},{"Key":{"Id":"MSTestDiscoverer.TestClassName","Label":"ClassName","Category":"","Description":"","Attributes":1,"ValueType":"System.String"},"Value":"ScooterRental.Tests.ScooterServiceTests"},{"Key":{"Id":"TestCase.Hierarchy","Label":"Hierarchy","Category":"","Description":"","Attributes":2,"ValueType":"System.String[]"},"Value":["ScooterRental.Tests","ScooterServiceTests"]},{"Key":{"Id":"TestObject.Traits","Label":"Traits","Category":"","Description":"","Attributes":5,"ValueType":"System.Collections.Generic.KeyValuePair`2[[System.String],[System.String]][]"},"Value":[]}]},"Attachments":[],"Outcome":1,"ErrorMessage":null,"ErrorStackTrace":null,"DisplayName":"AddScooter_AddScooterWithNegativePrice_ThrowsNegativeScooterPriceExcetpion","Messages":[],"ComputerName":null,"Duration":"00:00:00.0007590","StartTime":"2023-09-22T15:27:56.4560999+03:00","EndTime":"2023-09-22T15:27:56.4571659+03:00","Properties":[{"Key":{"Id":"ExecutionId","Label":"ExecutionId","Category":"","Description":"","Attributes":1,"ValueType":"System.Guid"},"Value":"00000000-0000-0000-0000-000000000000"},{"Key":{"Id":"ParentExecId","Label":"ParentExecId","Category":"","Description":"","Attributes":1,"ValueType":"System.Guid"},"Value":"00000000-0000-0000-0000-000000000000"},{"Key":{"Id":"InnerResultsCount","Label":"InnerResultsCount","Category":"","Description":"","Attributes":1,"ValueType":"System.Int32"},"Value":0}]}],"TestRunStatistics":{"ExecutedTests":18,"Stats":{"Passed":18}},"ActiveTests":[{"Id":"b7017631-dfaa-fc65-69ad-b8dbf06a8a37","FullyQualifiedName":"ScooterRental.Tests.ScooterServiceTests.AddScooter_AddScooterWithBlankId_ThrowsBlankScooterIdExcetpion","DisplayName":"AddScooter_AddScooterWithBlankId_ThrowsBlankScooterIdExcetpion","ExecutorUri":"executor://MSTestAdapter/v2","Source":"C:\\Users\\eriks\\Desktop\\repos\\Kympu\\codelex-exercises\\csharp-basics\\exercises\\UnitTesting\\ScooterRental.Tests\\bin\\Debug\\net7.0\\fine-code-coverage\\build-output\\ScooterRental.Tests.dll","CodeFilePath":null,"LineNumber":-1,"Properties":[{"Key":{"Id":"TestCase.ManagedType","Label":"ManagedType","Category":"","Description":"","Attributes":1,"ValueType":"System.String"},"Value":"ScooterRental.Tests.ScooterServiceTests"},{"Key":{"Id":"TestCase.ManagedMethod","Label":"ManagedMethod","Category":"","Description":"","Attributes":1,"ValueType":"System.String"},"Value":"AddScooter_AddScooterWithBlankId_ThrowsBlankScooterIdExcetpion"},{"Key":{"Id":"MSTestDiscoverer.TestClassName","Label":"ClassName","Category":"","Description":"","Attributes":1,"ValueType":"System.String"},"Value":"ScooterRental.Tests.ScooterServiceTests"},{"Key":{"Id":"TestCase.Hierarchy","Label":"Hierarchy","Category":"","Description":"","Attributes":2,"ValueType":"System.String[]"},"Value":["ScooterRental.Tests","ScooterServiceTests"]},{"Key":{"Id":"TestObject.Traits","Label":"Traits","Category":"","Description":"","Attributes":5,"ValueType":"System.Collections.Generic.KeyValuePair`2[[System.String],[System.String]][]"},"Value":[]}]}]}}
TpTrace Verbose: 0 : 60304, 4, 2023/09/22, 15:27:56.480, 6584539559823, vstest.console.dll, MulticastDelegateUtilities.SafeInvoke: InternalTestLoggerEvents.SendTestResult: Invoking callback 1/1 for Microsoft.VisualStudio.TestPlatform.CommandLine.Internal.ConsoleLogger., took 2 ms.
TpTrace Verbose: 0 : 60304, 4, 2023/09/22, 15:27:56.480, 6584539563898, vstest.console.dll, MulticastDelegateUtilities.SafeInvoke: InternalTestLoggerEvents.SendTestResult: Invoking callback 1/1 for Microsoft.VisualStudio.TestPlatform.CommandLine.Internal.ConsoleLogger., took 0 ms.
TpTrace Verbose: 0 : 60304, 7, 2023/09/22, 15:27:56.481, 6584539564807, vstest.console.dll, TestRunRequest:SendTestRunStatsChange: Starting.
TpTrace Verbose: 0 : 60304, 4, 2023/09/22, 15:27:56.481, 6584539564934, vstest.console.dll, MulticastDelegateUtilities.SafeInvoke: InternalTestLoggerEvents.SendTestResult: Invoking callback 1/1 for Microsoft.VisualStudio.TestPlatform.CommandLine.Internal.ConsoleLogger., took 0 ms.
TpTrace Verbose: 0 : 60304, 4, 2023/09/22, 15:27:56.481, 6584539565966, vstest.console.dll, MulticastDelegateUtilities.SafeInvoke: InternalTestLoggerEvents.SendTestResult: Invoking callback 1/1 for Microsoft.VisualStudio.TestPlatform.CommandLine.Internal.ConsoleLogger., took 0 ms.
TpTrace Verbose: 0 : 60304, 7, 2023/09/22, 15:27:56.481, 6584539565372, vstest.console.dll, InProgress is AddScooter_AddScooterWithBlankId_ThrowsBlankScooterIdExcetpion
TpTrace Verbose: 0 : 60304, 4, 2023/09/22, 15:27:56.481, 6584539566777, vstest.console.dll, MulticastDelegateUtilities.SafeInvoke: InternalTestLoggerEvents.SendTestResult: Invoking callback 1/1 for Microsoft.VisualStudio.TestPlatform.CommandLine.Internal.ConsoleLogger., took 0 ms.
TpTrace Verbose: 0 : 60304, 7, 2023/09/22, 15:27:56.481, 6584539567823, vstest.console.dll, MulticastDelegateUtilities.SafeInvoke: TestRun.RunStatsChanged: Invoking callbacks was skipped because there are no subscribers.
TpTrace Verbose: 0 : 60304, 4, 2023/09/22, 15:27:56.481, 6584539567812, vstest.console.dll, MulticastDelegateUtilities.SafeInvoke: InternalTestLoggerEvents.SendTestResult: Invoking callback 1/1 for Microsoft.VisualStudio.TestPlatform.CommandLine.Internal.ConsoleLogger., took 0 ms.
TpTrace Information: 0 : 60304, 7, 2023/09/22, 15:27:56.481, 6584539568178, vstest.console.dll, TestRunRequest:SendTestRunStatsChange: Completed.
TpTrace Verbose: 0 : 60304, 4, 2023/09/22, 15:27:56.481, 6584539568871, vstest.console.dll, MulticastDelegateUtilities.SafeInvoke: InternalTestLoggerEvents.SendTestResult: Invoking callback 1/1 for Microsoft.VisualStudio.TestPlatform.CommandLine.Internal.ConsoleLogger., took 0 ms.
TpTrace Verbose: 0 : 60304, 7, 2023/09/22, 15:27:56.481, 6584539569133, vstest.console.dll, MulticastDelegateUtilities.SafeInvoke: LengthPrefixCommunicationChannel: MessageReceived: Invoking callback 1/1 for Microsoft.VisualStudio.TestPlatform.CommunicationUtilities.TestRequestSender+<>c__DisplayClass34_0., took 4 ms.
TpTrace Verbose: 0 : 60304, 4, 2023/09/22, 15:27:56.481, 6584539569680, vstest.console.dll, MulticastDelegateUtilities.SafeInvoke: InternalTestLoggerEvents.SendTestResult: Invoking callback 1/1 for Microsoft.VisualStudio.TestPlatform.CommandLine.Internal.ConsoleLogger., took 0 ms.
TpTrace Verbose: 0 : 60304, 7, 2023/09/22, 15:27:56.481, 6584539569874, vstest.console.dll, TcpClientExtensions.MessageLoopAsync: Polling on remoteEndPoint: 127.0.0.1:56658 localEndPoint: 127.0.0.1:56657
TpTrace Verbose: 0 : 60304, 4, 2023/09/22, 15:27:56.481, 6584539570226, vstest.console.dll, MulticastDelegateUtilities.SafeInvoke: InternalTestLoggerEvents.SendTestResult: Invoking callback 1/1 for Microsoft.VisualStudio.TestPlatform.CommandLine.Internal.ConsoleLogger., took 0 ms.
TpTrace Verbose: 0 : 60304, 4, 2023/09/22, 15:27:56.481, 6584539570777, vstest.console.dll, MulticastDelegateUtilities.SafeInvoke: InternalTestLoggerEvents.SendTestResult: Invoking callback 1/1 for Microsoft.VisualStudio.TestPlatform.CommandLine.Internal.ConsoleLogger., took 0 ms.
TpTrace Verbose: 0 : 60304, 4, 2023/09/22, 15:27:56.481, 6584539571446, vstest.console.dll, MulticastDelegateUtilities.SafeInvoke: InternalTestLoggerEvents.SendTestResult: Invoking callback 1/1 for Microsoft.VisualStudio.TestPlatform.CommandLine.Internal.ConsoleLogger., took 0 ms.
TpTrace Verbose: 0 : 60304, 4, 2023/09/22, 15:27:56.481, 6584539571925, vstest.console.dll, MulticastDelegateUtilities.SafeInvoke: InternalTestLoggerEvents.SendTestResult: Invoking callback 1/1 for Microsoft.VisualStudio.TestPlatform.CommandLine.Internal.ConsoleLogger., took 0 ms.
TpTrace Verbose: 0 : 60304, 4, 2023/09/22, 15:27:56.481, 6584539572565, vstest.console.dll, MulticastDelegateUtilities.SafeInvoke: InternalTestLoggerEvents.SendTestResult: Invoking callback 1/1 for Microsoft.VisualStudio.TestPlatform.CommandLine.Internal.ConsoleLogger., took 0 ms.
TpTrace Verbose: 0 : 60304, 4, 2023/09/22, 15:27:56.481, 6584539573442, vstest.console.dll, MulticastDelegateUtilities.SafeInvoke: InternalTestLoggerEvents.SendTestResult: Invoking callback 1/1 for Microsoft.VisualStudio.TestPlatform.CommandLine.Internal.ConsoleLogger., took 0 ms.
TpTrace Verbose: 0 : 60304, 4, 2023/09/22, 15:27:56.482, 6584539581912, vstest.console.dll, MulticastDelegateUtilities.SafeInvoke: InternalTestLoggerEvents.SendTestResult: Invoking callback 1/1 for Microsoft.VisualStudio.TestPlatform.CommandLine.Internal.ConsoleLogger., took 0 ms.
TpTrace Verbose: 0 : 60304, 4, 2023/09/22, 15:27:56.482, 6584539583142, vstest.console.dll, MulticastDelegateUtilities.SafeInvoke: InternalTestLoggerEvents.SendTestResult: Invoking callback 1/1 for Microsoft.VisualStudio.TestPlatform.CommandLine.Internal.ConsoleLogger., took 0 ms.
TpTrace Verbose: 0 : 60304, 4, 2023/09/22, 15:27:56.482, 6584539583950, vstest.console.dll, MulticastDelegateUtilities.SafeInvoke: InternalTestLoggerEvents.SendTestResult: Invoking callback 1/1 for Microsoft.VisualStudio.TestPlatform.CommandLine.Internal.ConsoleLogger., took 0 ms.
TpTrace Verbose: 0 : 60304, 4, 2023/09/22, 15:27:56.483, 6584539584445, vstest.console.dll, MulticastDelegateUtilities.SafeInvoke: InternalTestLoggerEvents.SendTestResult: Invoking callback 1/1 for Microsoft.VisualStudio.TestPlatform.CommandLine.Internal.ConsoleLogger., took 0 ms.
TpTrace Verbose: 0 : 60304, 7, 2023/09/22, 15:27:56.510, 6584539858254, vstest.console.dll, TcpClientExtensions.MessageLoopAsync: NotifyDataAvailable remoteEndPoint: 127.0.0.1:56658 localEndPoint: 127.0.0.1:56657
TpTrace Verbose: 0 : 60304, 7, 2023/09/22, 15:27:56.510, 6584539861825, vstest.console.dll, TestRequestSender.OnExecutionMessageReceived: Received message: {"Version":7,"MessageType":"TestExecution.Completed","Payload":{"TestRunCompleteArgs":{"TestRunStatistics":{"ExecutedTests":26,"Stats":{"Passed":26}},"IsCanceled":false,"IsAborted":false,"Error":null,"AttachmentSets":[],"InvokedDataCollectors":[],"ElapsedTimeInRunningTests":"00:00:00.2988450","Metrics":{},"DiscoveredExtensions":{"TestDiscoverers":["Microsoft.VisualStudio.TestPlatform.MSTest.TestAdapter.MSTestDiscoverer, Microsoft.VisualStudio.TestPlatform.MSTest.TestAdapter, Version=14.0.0.0, Culture=neutral, PublicKeyToken=b03f5f7f11d50a3a"],"TestExecutors":["executor://MSTestAdapter/v2"],"TestExecutors2":[],"TestSettingsProviders":[]}},"LastRunTests":{"NewTestResults":[{"TestCase":{"Id":"b7017631-dfaa-fc65-69ad-b8dbf06a8a37","FullyQualifiedName":"ScooterRental.Tests.ScooterServiceTests.AddScooter_AddScooterWithBlankId_ThrowsBlankScooterIdExcetpion","DisplayName":"AddScooter_AddScooterWithBlankId_ThrowsBlankScooterIdExcetpion","ExecutorUri":"executor://MSTestAdapter/v2","Source":"C:\\Users\\eriks\\Desktop\\repos\\Kympu\\codelex-exercises\\csharp-basics\\exercises\\UnitTesting\\ScooterRental.Tests\\bin\\Debug\\net7.0\\fine-code-coverage\\build-output\\ScooterRental.Tests.dll","CodeFilePath":null,"LineNumber":-1,"Properties":[{"Key":{"Id":"TestCase.ManagedType","Label":"ManagedType","Category":"","Description":"","Attributes":1,"ValueType":"System.String"},"Value":"ScooterRental.Tests.ScooterServiceTests"},{"Key":{"Id":"TestCase.ManagedMethod","Label":"ManagedMethod","Category":"","Description":"","Attributes":1,"ValueType":"System.String"},"Value":"AddScooter_AddScooterWithBlankId_ThrowsBlankScooterIdExcetpion"},{"Key":{"Id":"MSTestDiscoverer.TestClassName","Label":"ClassName","Category":"","Description":"","Attributes":1,"ValueType":"System.String"},"Value":"ScooterRental.Tests.ScooterServiceTests"},{"Key":{"Id":"TestCase.Hierarchy","Label":"Hierarchy","Category":"","Description":"","Attributes":2,"ValueType":"System.String[]"},"Value":["ScooterRental.Tests","ScooterServiceTests"]},{"Key":{"Id":"TestObject.Traits","Label":"Traits","Category":"","Description":"","Attributes":5,"ValueType":"System.Collections.Generic.KeyValuePair`2[[System.String],[System.String]][]"},"Value":[]}]},"Attachments":[],"Outcome":1,"ErrorMessage":null,"ErrorStackTrace":null,"DisplayName":"AddScooter_AddScooterWithBlankId_ThrowsBlankScooterIdExcetpion","Messages":[],"ComputerName":null,"Duration":"00:00:00.0006274","StartTime":"2023-09-22T15:27:56.461412+03:00","EndTime":"2023-09-22T15:27:56.4622898+03:00","Properties":[{"Key":{"Id":"ExecutionId","Label":"ExecutionId","Category":"","Description":"","Attributes":1,"ValueType":"System.Guid"},"Value":"00000000-0000-0000-0000-000000000000"},{"Key":{"Id":"ParentExecId","Label":"ParentExecId","Category":"","Description":"","Attributes":1,"ValueType":"System.Guid"},"Value":"00000000-0000-0000-0000-000000000000"},{"Key":{"Id":"InnerResultsCount","Label":"InnerResultsCount","Category":"","Description":"","Attributes":1,"ValueType":"System.Int32"},"Value":0}]},{"TestCase":{"Id":"ffc6ef64-6e4f-6836-445f-a64cb6fddeea","FullyQualifiedName":"ScooterRental.Tests.ScooterServiceTests.GetScooterById_AddScooterWithId_ReturnScooterSameWithId","DisplayName":"GetScooterById_AddScooterWithId_ReturnScooterSameWithId","ExecutorUri":"executor://MSTestAdapter/v2","Source":"C:\\Users\\eriks\\Desktop\\repos\\Kympu\\codelex-exercises\\csharp-basics\\exercises\\UnitTesting\\ScooterRental.Tests\\bin\\Debug\\net7.0\\fine-code-coverage\\build-output\\ScooterRental.Tests.dll","CodeFilePath":null,"LineNumber":-1,"Properties":[{"Key":{"Id":"TestCase.ManagedType","Label":"ManagedType","Category":"","Description":"","Attributes":1,"ValueType":"System.String"},"Value":"ScooterRental.Tests.ScooterServiceTests"},{"Key":{"Id":"TestCase.ManagedMethod","Label":"ManagedMethod","Category":"","Description":"","Attributes":1,"ValueType":"System.String"},"Value":"GetScooterById_AddScooterWithId_ReturnScooterSameWithId"},{"Key":{"Id":"MSTestDiscoverer.TestClassName","Label":"ClassName","Category":"","Description":"","Attributes":1,"ValueType":"System.String"},"Value":"ScooterRental.Tests.ScooterServiceTests"},{"Key":{"Id":"TestCase.Hierarchy","Label":"Hierarchy","Category":"","Description":"","Attributes":2,"ValueType":"System.String[]"},"Value":["ScooterRental.Tests","ScooterServiceTests"]},{"Key":{"Id":"TestObject.Traits","Label":"Traits","Category":"","Description":"","Attributes":5,"ValueType":"System.Collections.Generic.KeyValuePair`2[[System.String],[System.String]][]"},"Value":[]}]},"Attachments":[],"Outcome":1,"ErrorMessage":null,"ErrorStackTrace":null,"DisplayName":"GetScooterById_AddScooterWithId_ReturnScooterSameWithId","Messages":[],"ComputerName":null,"Duration":"00:00:00.0002461","StartTime":"2023-09-22T15:27:56.4650182+03:00","EndTime":"2023-09-22T15:27:56.4655328+03:00","Properties":[{"Key":{"Id":"ExecutionId","Label":"ExecutionId","Category":"","Description":"","Attributes":1,"ValueType":"System.Guid"},"Value":"00000000-0000-0000-0000-000000000000"},{"Key":{"Id":"ParentExecId","Label":"ParentExecId","Category":"","Description":"","Attributes":1,"ValueType":"System.Guid"},"Value":"00000000-0000-0000-0000-000000000000"},{"Key":{"Id":"InnerResultsCount","Label":"InnerResultsCount","Category":"","Description":"","Attributes":1,"ValueType":"System.Int32"},"Value":0}]},{"TestCase":{"Id":"63461172-020b-501b-ecbc-ac01d4731c7c","FullyQualifiedName":"ScooterRental.Tests.ScooterServiceTests.GetScooterById_AddScooterWithIdAndSearchDifferentId_ThrowsInvalidScooterIdExceptionExcetion","DisplayName":"GetScooterById_AddScooterWithIdAndSearchDifferentId_ThrowsInvalidScooterIdExceptionExcetion","ExecutorUri":"executor://MSTestAdapter/v2","Source":"C:\\Users\\eriks\\Desktop\\repos\\Kympu\\codelex-exercises\\csharp-basics\\exercises\\UnitTesting\\ScooterRental.Tests\\bin\\Debug\\net7.0\\fine-code-coverage\\build-output\\ScooterRental.Tests.dll","CodeFilePath":null,"LineNumber":-1,"Properties":[{"Key":{"Id":"TestCase.ManagedType","Label":"ManagedType","Category":"","Description":"","Attributes":1,"ValueType":"System.String"},"Value":"ScooterRental.Tests.ScooterServiceTests"},{"Key":{"Id":"TestCase.ManagedMethod","Label":"ManagedMethod","Category":"","Description":"","Attributes":1,"ValueType":"System.String"},"Value":"GetScooterById_AddScooterWithIdAndSearchDifferentId_ThrowsInvalidScooterIdExceptionExcetion"},{"Key":{"Id":"MSTestDiscoverer.TestClassName","Label":"ClassName","Category":"","Description":"","Attributes":1,"ValueType":"System.String"},"Value":"ScooterRental.Tests.ScooterServiceTests"},{"Key":{"Id":"TestCase.Hierarchy","Label":"Hierarchy","Category":"","Description":"","Attributes":2,"ValueType":"System.String[]"},"Value":["ScooterRental.Tests","ScooterServiceTests"]},{"Key":{"Id":"TestObject.Traits","Label":"Traits","Category":"","Description":"","Attributes":5,"ValueType":"System.Collections.Generic.KeyValuePair`2[[System.String],[System.String]][]"},"Value":[]}]},"Attachments":[],"Outcome":1,"ErrorMessage":null,"ErrorStackTrace":null,"DisplayName":"GetScooterById_AddScooterWithIdAndSearchDifferentId_ThrowsInvalidScooterIdExceptionExcetion","Messages":[],"ComputerName":null,"Duration":"00:00:00.0005562","StartTime":"2023-09-22T15:27:56.46826+03:00","EndTime":"2023-09-22T15:27:56.4690515+03:00","Properties":[{"Key":{"Id":"ExecutionId","Label":"ExecutionId","Category":"","Description":"","Attributes":1,"ValueType":"System.Guid"},"Value":"00000000-0000-0000-0000-000000000000"},{"Key":{"Id":"ParentExecId","Label":"ParentExecId","Category":"","Description":"","Attributes":1,"ValueType":"System.Guid"},"Value":"00000000-0000-0000-0000-000000000000"},{"Key":{"Id":"InnerResultsCount","Label":"InnerResultsCount","Category":"","Description":"","Attributes":1,"ValueType":"System.Int32"},"Value":0}]},{"TestCase":{"Id":"7ac71461-39b1-4fca-bb8d-d31c821a8be2","FullyQualifiedName":"ScooterRental.Tests.ScooterServiceTests.GetScooters_AddScootersToTheList_CopyListAndDisplayScooterCount","DisplayName":"GetScooters_AddScootersToTheList_CopyListAndDisplayScooterCount","ExecutorUri":"executor://MSTestAdapter/v2","Source":"C:\\Users\\eriks\\Desktop\\repos\\Kympu\\codelex-exercises\\csharp-basics\\exercises\\UnitTesting\\ScooterRental.Tests\\bin\\Debug\\net7.0\\fine-code-coverage\\build-output\\ScooterRental.Tests.dll","CodeFilePath":null,"LineNumber":-1,"Properties":[{"Key":{"Id":"TestCase.ManagedType","Label":"ManagedType","Category":"","Description":"","Attributes":1,"ValueType":"System.String"},"Value":"ScooterRental.Tests.ScooterServiceTests"},{"Key":{"Id":"TestCase.ManagedMethod","Label":"ManagedMethod","Category":"","Description":"","Attributes":1,"ValueType":"System.String"},"Value":"GetScooters_AddScootersToTheList_CopyListAndDisplayScooterCount"},{"Key":{"Id":"MSTestDiscoverer.TestClassName","Label":"ClassName","Category":"","Description":"","Attributes":1,"ValueType":"System.String"},"Value":"ScooterRental.Tests.ScooterServiceTests"},{"Key":{"Id":"TestCase.Hierarchy","Label":"Hierarchy","Category":"","Description":"","Attributes":2,"ValueType":"System.String[]"},"Value":["ScooterRental.Tests","ScooterServiceTests"]},{"Key":{"Id":"TestObject.Traits","Label":"Traits","Category":"","Description":"","Attributes":5,"ValueType":"System.Collections.Generic.KeyValuePair`2[[System.String],[System.String]][]"},"Value":[]}]},"Attachments":[],"Outcome":1,"ErrorMessage":null,"ErrorStackTrace":null,"DisplayName":"GetScooters_AddScootersToTheList_CopyListAndDisplayScooterCount","Messages":[],"ComputerName":null,"Duration":"00:00:00.0004335","StartTime":"2023-09-22T15:27:56.471615+03:00","EndTime":"2023-09-22T15:27:56.4723015+03:00","Properties":[{"Key":{"Id":"ExecutionId","Label":"ExecutionId","Category":"","Description":"","Attributes":1,"ValueType":"System.Guid"},"Value":"00000000-0000-0000-0000-000000000000"},{"Key":{"Id":"ParentExecId","Label":"ParentExecId","Category":"","Description":"","Attributes":1,"ValueType":"System.Guid"},"Value":"00000000-0000-0000-0000-000000000000"},{"Key":{"Id":"InnerResultsCount","Label":"InnerResultsCount","Category":"","Description":"","Attributes":1,"ValueType":"System.Int32"},"Value":0}]},{"TestCase":{"Id":"69bb5424-d0d6-9ab2-9c16-1a0946b9cfda","FullyQualifiedName":"ScooterRental.Tests.ScooterServiceTests.RemoveScooter_AddScootersToList_RemoveScooterByIdAndGetListSize","DisplayName":"RemoveScooter_AddScootersToList_RemoveScooterByIdAndGetListSize","ExecutorUri":"executor://MSTestAdapter/v2","Source":"C:\\Users\\eriks\\Desktop\\repos\\Kympu\\codelex-exercises\\csharp-basics\\exercises\\UnitTesting\\ScooterRental.Tests\\bin\\Debug\\net7.0\\fine-code-coverage\\build-output\\ScooterRental.Tests.dll","CodeFilePath":null,"LineNumber":-1,"Properties":[{"Key":{"Id":"TestCase.ManagedType","Label":"ManagedType","Category":"","Description":"","Attributes":1,"ValueType":"System.String"},"Value":"ScooterRental.Tests.ScooterServiceTests"},{"Key":{"Id":"TestCase.ManagedMethod","Label":"ManagedMethod","Category":"","Description":"","Attributes":1,"ValueType":"System.String"},"Value":"RemoveScooter_AddScootersToList_RemoveScooterByIdAndGetListSize"},{"Key":{"Id":"MSTestDiscoverer.TestClassName","Label":"ClassName","Category":"","Description":"","Attributes":1,"ValueType":"System.String"},"Value":"ScooterRental.Tests.ScooterServiceTests"},{"Key":{"Id":"TestCase.Hierarchy","Label":"Hierarchy","Category":"","Description":"","Attributes":2,"ValueType":"System.String[]"},"Value":["ScooterRental.Tests","ScooterServiceTests"]},{"Key":{"Id":"TestObject.Traits","Label":"Traits","Category":"","Description":"","Attributes":5,"ValueType":"System.Collections.Generic.KeyValuePair`2[[System.String],[System.String]][]"},"Value":[]}]},"Attachments":[],"Outcome":1,"ErrorMessage":null,"ErrorStackTrace":null,"DisplayName":"RemoveScooter_AddScootersToList_RemoveScooterByIdAndGetListSize","Messages":[],"ComputerName":null,"Duration":"00:00:00.0004683","StartTime":"2023-09-22T15:27:56.4757892+03:00","EndTime":"2023-09-22T15:27:56.4764844+03:00","Properties":[{"Key":{"Id":"ExecutionId","Label":"ExecutionId","Category":"","Description":"","Attributes":1,"ValueType":"System.Guid"},"Value":"00000000-0000-0000-0000-000000000000"},{"Key":{"Id":"ParentExecId","Label":"ParentExecId","Category":"","Description":"","Attributes":1,"ValueType":"System.Guid"},"Value":"00000000-0000-0000-0000-000000000000"},{"Key":{"Id":"InnerResultsCount","Label":"InnerResultsCount","Category":"","Description":"","Attributes":1,"ValueType":"System.Int32"},"Value":0}]},{"TestCase":{"Id":"a8dc11fa-b5d2-0a9f-ff76-77b3a3ea77d9","FullyQualifiedName":"ScooterRental.Tests.ScooterServiceTests.RemoveScooter_AddScootersToListRemoveOneAndCheckIfIdIsRemoved_ThrowInvalidScooterIdExcetpion","DisplayName":"RemoveScooter_AddScootersToListRemoveOneAndCheckIfIdIsRemoved_ThrowInvalidScooterIdExcetpion","ExecutorUri":"executor://MSTestAdapter/v2","Source":"C:\\Users\\eriks\\Desktop\\repos\\Kympu\\codelex-exercises\\csharp-basics\\exercises\\UnitTesting\\ScooterRental.Tests\\bin\\Debug\\net7.0\\fine-code-coverage\\build-output\\ScooterRental.Tests.dll","CodeFilePath":null,"LineNumber":-1,"Properties":[{"Key":{"Id":"TestCase.ManagedType","Label":"ManagedType","Category":"","Description":"","Attributes":1,"ValueType":"System.String"},"Value":"ScooterRental.Tests.ScooterServiceTests"},{"Key":{"Id":"TestCase.ManagedMethod","Label":"ManagedMethod","Category":"","Description":"","Attributes":1,"ValueType":"System.String"},"Value":"RemoveScooter_AddScootersToListRemoveOneAndCheckIfIdIsRemoved_ThrowInvalidScooterIdExcetpion"},{"Key":{"Id":"MSTestDiscoverer.TestClassName","Label":"ClassName","Category":"","Description":"","Attributes":1,"ValueType":"System.String"},"Value":"ScooterRental.Tests.ScooterServiceTests"},{"Key":{"Id":"TestCase.Hierarchy","Label":"Hierarchy","Category":"","Description":"","Attributes":2,"ValueType":"System.String[]"},"Value":["ScooterRental.Tests","ScooterServiceTests"]},{"Key":{"Id":"TestObject.Traits","Label":"Traits","Category":"","Description":"","Attributes":5,"ValueType":"System.Collections.Generic.KeyValuePair`2[[System.String],[System.String]][]"},"Value":[]}]},"Attachments":[],"Outcome":1,"ErrorMessage":null,"ErrorStackTrace":null,"DisplayName":"RemoveScooter_AddScootersToListRemoveOneAndCheckIfIdIsRemoved_ThrowInvalidScooterIdExcetpion","Messages":[],"ComputerName":null,"Duration":"00:00:00.0005201","StartTime":"2023-09-22T15:27:56.479474+03:00","EndTime":"2023-09-22T15:27:56.4803487+03:00","Properties":[{"Key":{"Id":"ExecutionId","Label":"ExecutionId","Category":"","Description":"","Attributes":1,"ValueType":"System.Guid"},"Value":"00000000-0000-0000-0000-000000000000"},{"Key":{"Id":"ParentExecId","Label":"ParentExecId","Category":"","Description":"","Attributes":1,"ValueType":"System.Guid"},"Value":"00000000-0000-0000-0000-000000000000"},{"Key":{"Id":"InnerResultsCount","Label":"InnerResultsCount","Category":"","Description":"","Attributes":1,"ValueType":"System.Int32"},"Value":0}]},{"TestCase":{"Id":"2bcf7c58-96be-b239-6ada-927dd3d1e3f9","FullyQualifiedName":"ScooterRental.Tests.ScooterServiceTests.RemoveScooter_AddScootersToListAndSetWrongScooterId_ThrowInvalidScooterIdException","DisplayName":"RemoveScooter_AddScootersToListAndSetWrongScooterId_ThrowInvalidScooterIdException","ExecutorUri":"executor://MSTestAdapter/v2","Source":"C:\\Users\\eriks\\Desktop\\repos\\Kympu\\codelex-exercises\\csharp-basics\\exercises\\UnitTesting\\ScooterRental.Tests\\bin\\Debug\\net7.0\\fine-code-coverage\\build-output\\ScooterRental.Tests.dll","CodeFilePath":null,"LineNumber":-1,"Properties":[{"Key":{"Id":"TestCase.ManagedType","Label":"ManagedType","Category":"","Description":"","Attributes":1,"ValueType":"System.String"},"Value":"ScooterRental.Tests.ScooterServiceTests"},{"Key":{"Id":"TestCase.ManagedMethod","Label":"ManagedMethod","Category":"","Description":"","Attributes":1,"ValueType":"System.String"},"Value":"RemoveScooter_AddScootersToListAndSetWrongScooterId_ThrowInvalidScooterIdException"},{"Key":{"Id":"MSTestDiscoverer.TestClassName","Label":"ClassName","Category":"","Description":"","Attributes":1,"ValueType":"System.String"},"Value":"ScooterRental.Tests.ScooterServiceTests"},{"Key":{"Id":"TestCase.Hierarchy","Label":"Hierarchy","Category":"","Description":"","Attributes":2,"ValueType":"System.String[]"},"Value":["ScooterRental.Tests","ScooterServiceTests"]},{"Key":{"Id":"TestObject.Traits","Label":"Traits","Category":"","Description":"","Attributes":5,"ValueType":"System.Collections.Generic.KeyValuePair`2[[System.String],[System.String]][]"},"Value":[]}]},"Attachments":[],"Outcome":1,"ErrorMessage":null,"ErrorStackTrace":null,"DisplayName":"RemoveScooter_AddScootersToListAndSetWrongScooterId_ThrowInvalidScooterIdException","Messages":[],"ComputerName":null,"Duration":"00:00:00.0004512","StartTime":"2023-09-22T15:27:56.4829748+03:00","EndTime":"2023-09-22T15:27:56.4836568+03:00","Properties":[{"Key":{"Id":"ExecutionId","Label":"ExecutionId","Category":"","Description":"","Attributes":1,"ValueType":"System.Guid"},"Value":"00000000-0000-0000-0000-000000000000"},{"Key":{"Id":"ParentExecId","Label":"ParentExecId","Category":"","Description":"","Attributes":1,"ValueType":"System.Guid"},"Value":"00000000-0000-0000-0000-000000000000"},{"Key":{"Id":"InnerResultsCount","Label":"InnerResultsCount","Category":"","Description":"","Attributes":1,"ValueType":"System.Int32"},"Value":0}]},{"TestCase":{"Id":"fb802de8-6837-6ba0-9a5b-56ca37c8db9c","FullyQualifiedName":"ScooterRental.Tests.ScooterServiceTests.RemoveScooter_AddScootersToListAndSetBlankScooterId_ThrowBlankScooterIdException","DisplayName":"RemoveScooter_AddScootersToListAndSetBlankScooterId_ThrowBlankScooterIdException","ExecutorUri":"executor://MSTestAdapter/v2","Source":"C:\\Users\\eriks\\Desktop\\repos\\Kympu\\codelex-exercises\\csharp-basics\\exercises\\UnitTesting\\ScooterRental.Tests\\bin\\Debug\\net7.0\\fine-code-coverage\\build-output\\ScooterRental.Tests.dll","CodeFilePath":null,"LineNumber":-1,"Properties":[{"Key":{"Id":"TestCase.ManagedType","Label":"ManagedType","Category":"","Description":"","Attributes":1,"ValueType":"System.String"},"Value":"ScooterRental.Tests.ScooterServiceTests"},{"Key":{"Id":"TestCase.ManagedMethod","Label":"ManagedMethod","Category":"","Description":"","Attributes":1,"ValueType":"System.String"},"Value":"RemoveScooter_AddScootersToListAndSetBlankScooterId_ThrowBlankScooterIdException"},{"Key":{"Id":"MSTestDiscoverer.TestClassName","Label":"ClassName","Category":"","Description":"","Attributes":1,"ValueType":"System.String"},"Value":"ScooterRental.Tests.ScooterServiceTests"},{"Key":{"Id":"TestCase.Hierarchy","Label":"Hierarchy","Category":"","Description":"","Attributes":2,"ValueType":"System.String[]"},"Value":["ScooterRental.Tests","ScooterServiceTests"]},{"Key":{"Id":"TestObject.Traits","Label":"Traits","Category":"","Description":"","Attributes":5,"ValueType":"System.Collections.Generic.KeyValuePair`2[[System.String],[System.String]][]"},"Value":[]}]},"Attachments":[],"Outcome":1,"ErrorMessage":null,"ErrorStackTrace":null,"DisplayName":"RemoveScooter_AddScootersToListAndSetBlankScooterId_ThrowBlankScooterIdException","Messages":[],"ComputerName":null,"Duration":"00:00:00.0005047","StartTime":"2023-09-22T15:27:56.4858362+03:00","EndTime":"2023-09-22T15:27:56.4865496+03:00","Properties":[{"Key":{"Id":"ExecutionId","Label":"ExecutionId","Category":"","Description":"","Attributes":1,"ValueType":"System.Guid"},"Value":"00000000-0000-0000-0000-000000000000"},{"Key":{"Id":"ParentExecId","Label":"ParentExecId","Category":"","Description":"","Attributes":1,"ValueType":"System.Guid"},"Value":"00000000-0000-0000-0000-000000000000"},{"Key":{"Id":"InnerResultsCount","Label":"InnerResultsCount","Category":"","Description":"","Attributes":1,"ValueType":"System.Int32"},"Value":0}]}],"TestRunStatistics":{"ExecutedTests":26,"Stats":{"Passed":26}},"ActiveTests":[]},"RunAttachments":[],"ExecutorUris":["executor://mstestadapter/v2"]}}
TpTrace Verbose: 0 : 60304, 7, 2023/09/22, 15:27:56.511, 6584539864463, vstest.console.dll, TestRequestSender.EndSession: Sending end session.
TpTrace Verbose: 0 : 60304, 7, 2023/09/22, 15:27:56.511, 6584539865895, vstest.console.dll, ProxyOperationManager.Close: waiting for test host to exit for 100 ms
TpTrace Warning: 0 : 60304, 11, 2023/09/22, 15:27:56.529, 6584540047372, vstest.console.dll, TestHostManagerCallbacks.ErrorReceivedCallback Test host standard error line: 
TpTrace Verbose: 0 : 60304, 11, 2023/09/22, 15:27:56.535, 6584540113923, vstest.console.dll, TestHostProvider.ExitCallBack: Host exited starting callback.
TpTrace Information: 0 : 60304, 11, 2023/09/22, 15:27:56.536, 6584540115593, vstest.console.dll, TestHostManagerCallbacks.ExitCallBack: Testhost processId: 8684 exited with exitcode: 0 error: ''
TpTrace Verbose: 0 : 60304, 11, 2023/09/22, 15:27:56.536, 6584540116035, vstest.console.dll, DotnetTestHostManager.OnHostExited: invoking OnHostExited callback
TpTrace Verbose: 0 : 60304, 11, 2023/09/22, 15:27:56.536, 6584540116528, vstest.console.dll, CrossPlatEngine.TestHostManagerHostExited: calling on client process exit callback.
TpTrace Information: 0 : 60304, 11, 2023/09/22, 15:27:56.536, 6584540116993, vstest.console.dll, TestRequestSender.OnClientProcessExit: Test host process exited. Standard error: 
TpTrace Information: 0 : 60304, 11, 2023/09/22, 15:27:56.536, 6584540117396, vstest.console.dll, SocketServer.Stop: Stop server endPoint: 127.0.0.1:56657
TpTrace Information: 0 : 60304, 11, 2023/09/22, 15:27:56.536, 6584540117688, vstest.console.dll, SocketServer.Stop: Cancellation requested. Stopping message loop.
TpTrace Information: 0 : 60304, 7, 2023/09/22, 15:27:56.536, 6584540117665, vstest.console.dll, SocketServer.Stop: Stop server endPoint: 127.0.0.1:56657
TpTrace Information: 0 : 60304, 7, 2023/09/22, 15:27:56.536, 6584540118428, vstest.console.dll, SocketServer.Stop: Cancellation requested. Stopping message loop.
TpTrace Verbose: 0 : 60304, 11, 2023/09/22, 15:27:56.536, 6584540118418, vstest.console.dll, MulticastDelegateUtilities.SafeInvoke: HostProviderEvents.OnHostExited: Invoking callback 1/1 for Microsoft.VisualStudio.TestPlatform.CrossPlatEngine.Client.ProxyOperationManager., took 0 ms.
TpTrace Information: 0 : 60304, 7, 2023/09/22, 15:27:56.536, 6584540118884, vstest.console.dll, Closing the connection
TpTrace Verbose: 0 : 60304, 7, 2023/09/22, 15:27:56.536, 6584540121689, vstest.console.dll, ProxyDataCollectionManager.InvokeDataCollectionServiceAction: Starting.
TpTrace Information: 0 : 60304, 7, 2023/09/22, 15:27:56.536, 6584540122294, vstest.console.dll, ProxyDataCollectionManager.AfterTestRunEnd: Get attachment set and invoked data collectors processId: 52364 port: 56654
TpTrace Verbose: 0 : 60304, 7, 2023/09/22, 15:27:56.536, 6584540122786, vstest.console.dll, DataCollectionRequestSender.SendAfterTestRunStartAndGetResult: Send AfterTestRunEnd message with isCancelled: False
TpTrace Verbose: 0 : 60304, 7, 2023/09/22, 15:27:56.543, 6584540185942, vstest.console.dll, DataCollectionRequestSender.SendAfterTestRunStartAndGetResult: Received message: (DataCollection.AfterTestRunEndResult) -> {"MessageType":"DataCollection.AfterTestRunEndResult","Payload":{"AttachmentSets":[],"InvokedDataCollectors":[{"Uri":"datacollector://Microsoft/TestPlatform/Extensions/Blame/v1","FriendlyName":"Blame","AssemblyQualifiedName":"Microsoft.TestPlatform.Extensions.BlameDataCollector.BlameCollector, Microsoft.TestPlatform.Extensions.BlameDataCollector, Version=15.0.0.0, Culture=neutral, PublicKeyToken=b03f5f7f11d50a3a","FilePath":"C:\\Program Files\\dotnet\\sdk\\7.0.306\\Extensions\\Microsoft.TestPlatform.Extensions.BlameDataCollector.dll","HasAttachmentProcessor":false}],"Metrics":{}}}
TpTrace Warning: 0 : 60304, 10, 2023/09/22, 15:27:56.545, 6584540214290, vstest.console.dll, DataCollectionLauncher.ErrorReceivedCallback datacollector standard error line: 
TpTrace Information: 0 : 60304, 7, 2023/09/22, 15:27:56.548, 6584540239376, vstest.console.dll, ProxyDataCollectionManager.InvokeDataCollectionServiceAction: Completed.
TpTrace Information: 0 : 60304, 10, 2023/09/22, 15:27:56.551, 6584540269385, vstest.console.dll, DataCollectionLauncher.ExitCallBack: Data collector exited with exitcode: 0 error: ''
TpTrace Verbose: 0 : 60304, 7, 2023/09/22, 15:27:56.594, 6584540697563, vstest.console.dll, TestRunRequest:SendTestRunStatsChange: Starting.
TpTrace Verbose: 0 : 60304, 7, 2023/09/22, 15:27:56.594, 6584540699183, vstest.console.dll, MulticastDelegateUtilities.SafeInvoke: TestRun.RunStatsChanged: Invoking callbacks was skipped because there are no subscribers.
TpTrace Information: 0 : 60304, 7, 2023/09/22, 15:27:56.594, 6584540699576, vstest.console.dll, TestRunRequest:SendTestRunStatsChange: Completed.
TpTrace Verbose: 0 : 60304, 4, 2023/09/22, 15:27:56.594, 6584540699631, vstest.console.dll, MulticastDelegateUtilities.SafeInvoke: InternalTestLoggerEvents.SendTestResult: Invoking callback 1/1 for Microsoft.VisualStudio.TestPlatform.CommandLine.Internal.ConsoleLogger., took 0 ms.
TpTrace Verbose: 0 : 60304, 4, 2023/09/22, 15:27:56.594, 6584540700617, vstest.console.dll, MulticastDelegateUtilities.SafeInvoke: InternalTestLoggerEvents.SendTestResult: Invoking callback 1/1 for Microsoft.VisualStudio.TestPlatform.CommandLine.Internal.ConsoleLogger., took 0 ms.
TpTrace Verbose: 0 : 60304, 4, 2023/09/22, 15:27:56.594, 6584540701139, vstest.console.dll, MulticastDelegateUtilities.SafeInvoke: InternalTestLoggerEvents.SendTestResult: Invoking callback 1/1 for Microsoft.VisualStudio.TestPlatform.CommandLine.Internal.ConsoleLogger., took 0 ms.
TpTrace Verbose: 0 : 60304, 4, 2023/09/22, 15:27:56.594, 6584540701626, vstest.console.dll, MulticastDelegateUtilities.SafeInvoke: InternalTestLoggerEvents.SendTestResult: Invoking callback 1/1 for Microsoft.VisualStudio.TestPlatform.CommandLine.Internal.ConsoleLogger., took 0 ms.
TpTrace Verbose: 0 : 60304, 4, 2023/09/22, 15:27:56.594, 6584540702071, vstest.console.dll, MulticastDelegateUtilities.SafeInvoke: InternalTestLoggerEvents.SendTestResult: Invoking callback 1/1 for Microsoft.VisualStudio.TestPlatform.CommandLine.Internal.ConsoleLogger., took 0 ms.
TpTrace Verbose: 0 : 60304, 4, 2023/09/22, 15:27:56.594, 6584540702514, vstest.console.dll, MulticastDelegateUtilities.SafeInvoke: InternalTestLoggerEvents.SendTestResult: Invoking callback 1/1 for Microsoft.VisualStudio.TestPlatform.CommandLine.Internal.ConsoleLogger., took 0 ms.
TpTrace Verbose: 0 : 60304, 4, 2023/09/22, 15:27:56.594, 6584540702959, vstest.console.dll, MulticastDelegateUtilities.SafeInvoke: InternalTestLoggerEvents.SendTestResult: Invoking callback 1/1 for Microsoft.VisualStudio.TestPlatform.CommandLine.Internal.ConsoleLogger., took 0 ms.
TpTrace Verbose: 0 : 60304, 7, 2023/09/22, 15:27:56.594, 6584540703184, vstest.console.dll, ParallelProxyExecutionManager: HandlePartialRunComplete: Total completed clients = 1, Run complete = True, Run canceled: False.
TpTrace Verbose: 0 : 60304, 4, 2023/09/22, 15:27:56.594, 6584540703442, vstest.console.dll, MulticastDelegateUtilities.SafeInvoke: InternalTestLoggerEvents.SendTestResult: Invoking callback 1/1 for Microsoft.VisualStudio.TestPlatform.CommandLine.Internal.ConsoleLogger., took 0 ms.
TpTrace Verbose: 0 : 60304, 4, 2023/09/22, 15:27:56.602, 6584540778842, vstest.console.dll, MulticastDelegateUtilities.SafeInvoke: InternalTestLoggerEvents.SendTestRunComplete: Invoking callback 1/2 for Microsoft.TestPlatform.Extensions.BlameDataCollector.BlameLogger., took 0 ms.
TpTrace Verbose: 0 : 60304, 4, 2023/09/22, 15:27:56.606, 6584540821493, vstest.console.dll, MulticastDelegateUtilities.SafeInvoke: InternalTestLoggerEvents.SendTestRunComplete: Invoking callback 2/2 for Microsoft.VisualStudio.TestPlatform.CommandLine.Internal.ConsoleLogger., took 4 ms.
TpTrace Verbose: 0 : 60304, 7, 2023/09/22, 15:27:56.606, 6584540823752, vstest.console.dll, TestRunRequest:TestRunComplete: Starting. IsAborted:False IsCanceled:False.
TpTrace Verbose: 0 : 60304, 7, 2023/09/22, 15:27:56.608, 6584540834949, vstest.console.dll, TestLoggerManager.HandleTestRunComplete: Ignoring as the object is disposed.
TpTrace Verbose: 0 : 60304, 7, 2023/09/22, 15:27:56.608, 6584540836650, vstest.console.dll, MulticastDelegateUtilities.SafeInvoke: TestRun.TestRunComplete: Invoking callback 1/2 for Microsoft.VisualStudio.TestPlatform.CommandLine.TestRunResultAggregator., took 0 ms.
TpTrace Verbose: 0 : 60304, 7, 2023/09/22, 15:27:56.608, 6584540837812, vstest.console.dll, MulticastDelegateUtilities.SafeInvoke: TestRun.TestRunComplete: Invoking callback 2/2 for Microsoft.VisualStudio.TestPlatform.CommandLine.Processors.RunTestsArgumentExecutor+TestRunRequestEventsRegistrar., took 0 ms.
TpTrace Information: 0 : 60304, 7, 2023/09/22, 15:27:56.608, 6584540838590, vstest.console.dll, TestRunRequest:TestRunComplete: Completed.
TpTrace Verbose: 0 : 60304, 7, 2023/09/22, 15:27:56.608, 6584540838974, vstest.console.dll, TestRequestSender.SetOperationComplete: Setting operation complete.
TpTrace Information: 0 : 60304, 7, 2023/09/22, 15:27:56.608, 6584540839268, vstest.console.dll, SocketServer.Stop: Stop server endPoint: 127.0.0.1:56657
TpTrace Verbose: 0 : 60304, 1, 2023/09/22, 15:27:56.608, 6584540839215, vstest.console.dll, TestRunRequest.Dispose: Starting.
TpTrace Information: 0 : 60304, 1, 2023/09/22, 15:27:56.608, 6584540840052, vstest.console.dll, TestRunRequest.Dispose: Completed.
TpTrace Information: 0 : 60304, 1, 2023/09/22, 15:27:56.608, 6584540840476, vstest.console.dll, TestRequestManager.RunTests: run tests completed.
TpTrace Information: 0 : 60304, 7, 2023/09/22, 15:27:56.608, 6584540839530, vstest.console.dll, SocketServer.Stop: Cancellation requested. Stopping message loop.
TpTrace Information: 0 : 60304, 1, 2023/09/22, 15:27:56.608, 6584540841995, vstest.console.dll, RunTestsArgumentProcessor:Execute: Test run is completed.
TpTrace Verbose: 0 : 60304, 7, 2023/09/22, 15:27:56.608, 6584540842110, vstest.console.dll, MulticastDelegateUtilities.SafeInvoke: LengthPrefixCommunicationChannel: MessageReceived: Invoking callback 1/1 for Microsoft.VisualStudio.TestPlatform.CommunicationUtilities.TestRequestSender+<>c__DisplayClass34_0., took 98 ms.
TpTrace Information: 0 : 60304, 7, 2023/09/22, 15:27:56.608, 6584540842685, vstest.console.dll, SocketServer.PrivateStop: Stopping server endPoint: 127.0.0.1:56657 error: 
TpTrace Verbose: 0 : 60304, 1, 2023/09/22, 15:27:56.608, 6584540843680, vstest.console.dll, Executor.Execute: Exiting with exit code of 0
TpTrace Verbose: 0 : 60304, 7, 2023/09/22, 15:27:56.609, 6584540845474, vstest.console.dll, LengthPrefixCommunicationChannel.Dispose: Dispose reader and writer.
TpTrace Information: 0 : 60304, 7, 2023/09/22, 15:27:56.609, 6584540846078, vstest.console.dll, SocketServer.Stop: Raise disconnected event endPoint: 127.0.0.1:56657 error: 
TpTrace Verbose: 0 : 60304, 7, 2023/09/22, 15:27:56.609, 6584540846689, vstest.console.dll, TestRequestSender: OnTestRunAbort: Operation is already complete. Skip error message.
TpTrace Verbose: 0 : 60304, 7, 2023/09/22, 15:27:56.609, 6584540847059, vstest.console.dll, MulticastDelegateUtilities.SafeInvoke: SocketServer: ClientDisconnected: Invoking callback 1/1 for Microsoft.VisualStudio.TestPlatform.CommunicationUtilities.TestRequestSender., took 0 ms.
