<?xml version="1.0" encoding="utf-8"?>
<coverage line-rate="0.9858" branch-rate="0.9" version="1.9" timestamp="1695385676" lines-covered="348" lines-valid="353" branches-covered="27" branches-valid="30">
  <sources>
    <source>C:\Users\eriks\</source>
  </sources>
  <packages>
    <package name="ScooterRental" line-rate="0.9821" branch-rate="0.9" complexity="55">
      <classes>
        <class name="ScooterRental.Accounting" filename="Desktop\repos\Kympu\codelex-exercises\csharp-basics\exercises\UnitTesting\ScooterRental\Accounting.cs" line-rate="1" branch-rate="1" complexity="4">
          <methods>
            <method name="CalculateCost" signature="(System.DateTime,System.DateTime,System.Decimal,System.Decimal)" line-rate="1" branch-rate="1" complexity="2">
              <lines>
                <line number="6" hits="21" branch="False" />
                <line number="7" hits="21" branch="False" />
                <line number="10" hits="21" branch="True" condition-coverage="100% (2/2)">
                  <conditions>
                    <condition number="37" type="jump" coverage="100%" />
                  </conditions>
                </line>
                <line number="11" hits="19" branch="False" />
                <line number="12" hits="19" branch="False" />
                <line number="13" hits="19" branch="False" />
                <line number="15" hits="2" branch="False" />
                <line number="16" hits="2" branch="False" />
                <line number="17" hits="2" branch="False" />
                <line number="19" hits="21" branch="False" />
                <line number="20" hits="21" branch="False" />
              </lines>
            </method>
            <method name="CalculateMultipleDays" signature="(System.DateTime,System.DateTime,System.Decimal,System.Double,System.Decimal)" line-rate="1" branch-rate="1" complexity="1">
              <lines>
                <line number="23" hits="19" branch="False" />
                <line number="24" hits="19" branch="False" />
                <line number="26" hits="19" branch="False" />
                <line number="27" hits="19" branch="False" />
                <line number="28" hits="19" branch="False" />
                <line number="30" hits="19" branch="False" />
                <line number="31" hits="19" branch="False" />
                <line number="32" hits="19" branch="False" />
                <line number="34" hits="19" branch="False" />
                <line number="35" hits="19" branch="False" />
              </lines>
            </method>
            <method name="CalculateSingleDay" signature="(System.DateTime,System.DateTime,System.Decimal,System.Double,System.Decimal)" line-rate="1" branch-rate="1" complexity="1">
              <lines>
                <line number="38" hits="2" branch="False" />
                <line number="39" hits="2" branch="False" />
                <line number="40" hits="2" branch="False" />
                <line number="42" hits="2" branch="False" />
                <line number="43" hits="2" branch="False" />
              </lines>
            </method>
          </methods>
          <lines>
            <line number="6" hits="21" branch="False" />
            <line number="7" hits="21" branch="False" />
            <line number="10" hits="21" branch="True" condition-coverage="100% (2/2)">
              <conditions>
                <condition number="37" type="jump" coverage="100%" />
              </conditions>
            </line>
            <line number="11" hits="19" branch="False" />
            <line number="12" hits="19" branch="False" />
            <line number="13" hits="19" branch="False" />
            <line number="15" hits="2" branch="False" />
            <line number="16" hits="2" branch="False" />
            <line number="17" hits="2" branch="False" />
            <line number="19" hits="21" branch="False" />
            <line number="20" hits="21" branch="False" />
            <line number="23" hits="19" branch="False" />
            <line number="24" hits="19" branch="False" />
            <line number="26" hits="19" branch="False" />
            <line number="27" hits="19" branch="False" />
            <line number="28" hits="19" branch="False" />
            <line number="30" hits="19" branch="False" />
            <line number="31" hits="19" branch="False" />
            <line number="32" hits="19" branch="False" />
            <line number="34" hits="19" branch="False" />
            <line number="35" hits="19" branch="False" />
            <line number="38" hits="2" branch="False" />
            <line number="39" hits="2" branch="False" />
            <line number="40" hits="2" branch="False" />
            <line number="42" hits="2" branch="False" />
            <line number="43" hits="2" branch="False" />
          </lines>
        </class>
        <class name="ScooterRental.RentalCompany" filename="Desktop\repos\Kympu\codelex-exercises\csharp-basics\exercises\UnitTesting\ScooterRental\RentalCompany.cs" line-rate="1" branch-rate="0.85" complexity="22">
          <methods>
            <method name="get_Name" signature="()" line-rate="1" branch-rate="1" complexity="1">
              <lines>
                <line number="18" hits="1" branch="False" />
              </lines>
            </method>
            <method name="StartRent" signature="(System.String)" line-rate="1" branch-rate="1" complexity="2">
              <lines>
                <line number="21" hits="4" branch="False" />
                <line number="22" hits="4" branch="False" />
                <line number="24" hits="3" branch="True" condition-coverage="100% (2/2)">
                  <conditions>
                    <condition number="22" type="jump" coverage="100%" />
                  </conditions>
                </line>
                <line number="25" hits="1" branch="False" />
                <line number="26" hits="1" branch="False" />
                <line number="29" hits="2" branch="False" />
                <line number="30" hits="2" branch="False" />
                <line number="31" hits="2" branch="False" />
              </lines>
            </method>
            <method name="EndRent" signature="(System.String)" line-rate="1" branch-rate="0.8332999999999999" complexity="6">
              <lines>
                <line number="34" hits="22" branch="False" />
                <line number="35" hits="22" branch="False" />
                <line number="36" hits="21" branch="False" />
                <line number="37" hits="60" branch="True" condition-coverage="100% (2/2)">
                  <conditions>
                    <condition number="22" type="jump" coverage="100%" />
                  </conditions>
                </line>
                <line number="39" hits="21" branch="False" />
                <line number="40" hits="21" branch="False" />
                <line number="42" hits="21" branch="True" condition-coverage="100% (2/2)">
                  <conditions>
                    <condition number="92" type="jump" coverage="100%" />
                  </conditions>
                </line>
                <line number="43" hits="1" branch="False" />
                <line number="44" hits="1" branch="False" />
                <line number="45" hits="1" branch="False" />
                <line number="47" hits="21" branch="True" condition-coverage="50% (1/2)">
                  <conditions>
                    <condition number="136" type="jump" coverage="50%" />
                  </conditions>
                </line>
                <line number="49" hits="21" branch="False" />
                <line number="50" hits="21" branch="False" />
                <line number="52" hits="21" branch="False" />
                <line number="53" hits="21" branch="False" />
                <line number="55" hits="21" branch="False" />
                <line number="56" hits="21" branch="False" />
              </lines>
            </method>
            <method name="CalculateIncome" signature="(System.Nullable`1&lt;System.Int32&gt;,System.Boolean)" line-rate="1" branch-rate="0.8332999999999999" complexity="12">
              <lines>
                <line number="59" hits="5" branch="False" />
                <line number="60" hits="5" branch="False" />
                <line number="61" hits="5" branch="False" />
                <line number="63" hits="5" branch="True" condition-coverage="100% (2/2)">
                  <conditions>
                    <condition number="47" type="jump" coverage="100%" />
                  </conditions>
                </line>
                <line number="64" hits="1" branch="False" />
                <line number="65" hits="1" branch="False" />
                <line number="68" hits="4" branch="True" condition-coverage="100% (2/2)">
                  <conditions>
                    <condition number="61" type="jump" coverage="100%" />
                  </conditions>
                </line>
                <line number="69" hits="2" branch="False" />
                <line number="70" hits="2" branch="False" />
                <line number="71" hits="5" branch="False" />
                <line number="72" hits="2" branch="False" />
                <line number="73" hits="2" branch="False" />
                <line number="74" hits="1" branch="False" />
                <line number="75" hits="1" branch="False" />
                <line number="76" hits="1" branch="False" />
                <line number="77" hits="3" branch="False" />
                <line number="78" hits="2" branch="False" />
                <line number="80" hits="4" branch="True" condition-coverage="100% (2/2)">
                  <conditions>
                    <condition number="140" type="jump" coverage="100%" />
                  </conditions>
                </line>
                <line number="81" hits="2" branch="False" />
                <line number="82" hits="6" branch="True" condition-coverage="75% (3/4)">
                  <conditions>
                    <condition number="168" type="jump" coverage="100%" />
                    <condition number="14" type="jump" coverage="50%" />
                  </conditions>
                </line>
                <line number="83" hits="1" branch="False" />
                <line number="84" hits="1" branch="False" />
                <line number="87" hits="1" branch="False" />
                <line number="88" hits="3" branch="True" condition-coverage="50% (1/2)">
                  <conditions>
                    <condition number="14" type="jump" coverage="50%" />
                  </conditions>
                </line>
                <line number="89" hits="3" branch="False" />
                <line number="90" hits="1" branch="False" />
                <line number="92" hits="2" branch="False" />
                <line number="93" hits="12" branch="False" />
                <line number="94" hits="2" branch="False" />
                <line number="96" hits="3" branch="False" />
                <line number="97" hits="3" branch="False" />
              </lines>
            </method>
            <method name=".ctor" signature="(System.String,ScooterRental.IScooterService,System.Collections.Generic.List`1&lt;ScooterRental.RentedScooter&gt;)" line-rate="1" branch-rate="1" complexity="1">
              <lines>
                <line number="9" hits="14" branch="False" />
                <line number="11" hits="14" branch="False" />
                <line number="12" hits="14" branch="False" />
                <line number="13" hits="14" branch="False" />
                <line number="14" hits="14" branch="False" />
                <line number="15" hits="14" branch="False" />
                <line number="16" hits="14" branch="False" />
              </lines>
            </method>
          </methods>
          <lines>
            <line number="18" hits="1" branch="False" />
            <line number="21" hits="4" branch="False" />
            <line number="22" hits="4" branch="False" />
            <line number="24" hits="3" branch="True" condition-coverage="100% (2/2)">
              <conditions>
                <condition number="22" type="jump" coverage="100%" />
              </conditions>
            </line>
            <line number="25" hits="1" branch="False" />
            <line number="26" hits="1" branch="False" />
            <line number="29" hits="2" branch="False" />
            <line number="30" hits="2" branch="False" />
            <line number="31" hits="2" branch="False" />
            <line number="34" hits="22" branch="False" />
            <line number="35" hits="22" branch="False" />
            <line number="36" hits="21" branch="False" />
            <line number="37" hits="60" branch="True" condition-coverage="100% (2/2)">
              <conditions>
                <condition number="22" type="jump" coverage="100%" />
              </conditions>
            </line>
            <line number="39" hits="21" branch="False" />
            <line number="40" hits="21" branch="False" />
            <line number="42" hits="21" branch="True" condition-coverage="100% (2/2)">
              <conditions>
                <condition number="92" type="jump" coverage="100%" />
              </conditions>
            </line>
            <line number="43" hits="1" branch="False" />
            <line number="44" hits="1" branch="False" />
            <line number="45" hits="1" branch="False" />
            <line number="47" hits="21" branch="True" condition-coverage="50% (1/2)">
              <conditions>
                <condition number="136" type="jump" coverage="50%" />
              </conditions>
            </line>
            <line number="49" hits="21" branch="False" />
            <line number="50" hits="21" branch="False" />
            <line number="52" hits="21" branch="False" />
            <line number="53" hits="21" branch="False" />
            <line number="55" hits="21" branch="False" />
            <line number="56" hits="21" branch="False" />
            <line number="59" hits="5" branch="False" />
            <line number="60" hits="5" branch="False" />
            <line number="61" hits="5" branch="False" />
            <line number="63" hits="5" branch="True" condition-coverage="100% (2/2)">
              <conditions>
                <condition number="47" type="jump" coverage="100%" />
              </conditions>
            </line>
            <line number="64" hits="1" branch="False" />
            <line number="65" hits="1" branch="False" />
            <line number="68" hits="4" branch="True" condition-coverage="100% (2/2)">
              <conditions>
                <condition number="61" type="jump" coverage="100%" />
              </conditions>
            </line>
            <line number="69" hits="2" branch="False" />
            <line number="70" hits="2" branch="False" />
            <line number="71" hits="5" branch="False" />
            <line number="72" hits="2" branch="False" />
            <line number="73" hits="2" branch="False" />
            <line number="74" hits="1" branch="False" />
            <line number="75" hits="1" branch="False" />
            <line number="76" hits="1" branch="False" />
            <line number="77" hits="3" branch="False" />
            <line number="78" hits="2" branch="False" />
            <line number="80" hits="4" branch="True" condition-coverage="100% (2/2)">
              <conditions>
                <condition number="140" type="jump" coverage="100%" />
              </conditions>
            </line>
            <line number="81" hits="2" branch="False" />
            <line number="82" hits="6" branch="True" condition-coverage="75% (3/4)">
              <conditions>
                <condition number="168" type="jump" coverage="100%" />
                <condition number="14" type="jump" coverage="50%" />
              </conditions>
            </line>
            <line number="83" hits="1" branch="False" />
            <line number="84" hits="1" branch="False" />
            <line number="87" hits="1" branch="False" />
            <line number="88" hits="3" branch="True" condition-coverage="50% (1/2)">
              <conditions>
                <condition number="14" type="jump" coverage="50%" />
              </conditions>
            </line>
            <line number="89" hits="3" branch="False" />
            <line number="90" hits="1" branch="False" />
            <line number="92" hits="2" branch="False" />
            <line number="93" hits="12" branch="False" />
            <line number="94" hits="2" branch="False" />
            <line number="96" hits="3" branch="False" />
            <line number="97" hits="3" branch="False" />
            <line number="9" hits="14" branch="False" />
            <line number="11" hits="14" branch="False" />
            <line number="12" hits="14" branch="False" />
            <line number="13" hits="14" branch="False" />
            <line number="14" hits="14" branch="False" />
            <line number="15" hits="14" branch="False" />
            <line number="16" hits="14" branch="False" />
          </lines>
        </class>
        <class name="ScooterRental.RentedScooter" filename="Desktop\repos\Kympu\codelex-exercises\csharp-basics\exercises\UnitTesting\ScooterRental\RentedScooter.cs" line-rate="1" branch-rate="1" complexity="5">
          <methods>
            <method name="get_Id" signature="()" line-rate="1" branch-rate="1" complexity="1">
              <lines>
                <line number="5" hits="55" branch="False" />
              </lines>
            </method>
            <method name="get_RentStart" signature="()" line-rate="1" branch-rate="1" complexity="1">
              <lines>
                <line number="6" hits="42" branch="False" />
              </lines>
            </method>
            <method name="get_RentEnd" signature="()" line-rate="1" branch-rate="1" complexity="1">
              <lines>
                <line number="7" hits="103" branch="False" />
              </lines>
            </method>
            <method name="get_TotalRentPrice" signature="()" line-rate="1" branch-rate="1" complexity="1">
              <lines>
                <line number="8" hits="55" branch="False" />
              </lines>
            </method>
            <method name=".ctor" signature="(System.String,System.DateTime)" line-rate="1" branch-rate="1" complexity="1">
              <lines>
                <line number="10" hits="23" branch="False" />
                <line number="11" hits="23" branch="False" />
                <line number="12" hits="23" branch="False" />
                <line number="13" hits="23" branch="False" />
                <line number="14" hits="23" branch="False" />
              </lines>
            </method>
          </methods>
          <lines>
            <line number="5" hits="55" branch="False" />
            <line number="6" hits="42" branch="False" />
            <line number="7" hits="103" branch="False" />
            <line number="8" hits="55" branch="False" />
            <line number="10" hits="23" branch="False" />
            <line number="11" hits="23" branch="False" />
            <line number="12" hits="23" branch="False" />
            <line number="13" hits="23" branch="False" />
            <line number="14" hits="23" branch="False" />
          </lines>
        </class>
        <class name="ScooterRental.Scooter" filename="Desktop\repos\Kympu\codelex-exercises\csharp-basics\exercises\UnitTesting\ScooterRental\Scooter.cs" line-rate="1" branch-rate="1" complexity="4">
          <methods>
            <method name="get_Id" signature="()" line-rate="1" branch-rate="1" complexity="1">
              <lines>
                <line number="18" hits="172" branch="False" />
              </lines>
            </method>
            <method name="get_PricePerMinute" signature="()" line-rate="1" branch-rate="1" complexity="1">
              <lines>
                <line number="22" hits="43" branch="False" />
              </lines>
            </method>
            <method name="get_IsRented" signature="()" line-rate="1" branch-rate="1" complexity="1">
              <lines>
                <line number="26" hits="28" branch="False" />
              </lines>
            </method>
            <method name=".ctor" signature="(System.String,System.Decimal)" line-rate="1" branch-rate="1" complexity="1">
              <lines>
                <line number="10" hits="45" branch="False" />
                <line number="11" hits="45" branch="False" />
                <line number="12" hits="45" branch="False" />
                <line number="13" hits="45" branch="False" />
                <line number="14" hits="45" branch="False" />
              </lines>
            </method>
          </methods>
          <lines>
            <line number="18" hits="172" branch="False" />
            <line number="22" hits="43" branch="False" />
            <line number="26" hits="28" branch="False" />
            <line number="10" hits="45" branch="False" />
            <line number="11" hits="45" branch="False" />
            <line number="12" hits="45" branch="False" />
            <line number="13" hits="45" branch="False" />
            <line number="14" hits="45" branch="False" />
          </lines>
        </class>
        <class name="ScooterRental.ScooterService" filename="Desktop\repos\Kympu\codelex-exercises\csharp-basics\exercises\UnitTesting\ScooterRental\ScooterService.cs" line-rate="1" branch-rate="1" complexity="12">
          <methods>
            <method name="AddScooter" signature="(System.String,System.Decimal)" line-rate="1" branch-rate="1" complexity="4">
              <lines>
                <line number="15" hits="22" branch="False" />
                <line number="16" hits="38" branch="True" condition-coverage="100% (2/2)">
                  <conditions>
                    <condition number="39" type="jump" coverage="100%" />
                  </conditions>
                </line>
                <line number="17" hits="1" branch="False" />
                <line number="18" hits="1" branch="False" />
                <line number="21" hits="21" branch="True" condition-coverage="100% (2/2)">
                  <conditions>
                    <condition number="61" type="jump" coverage="100%" />
                  </conditions>
                </line>
                <line number="22" hits="1" branch="False" />
                <line number="23" hits="1" branch="False" />
                <line number="26" hits="20" branch="False" />
                <line number="28" hits="19" branch="False" />
                <line number="29" hits="19" branch="False" />
              </lines>
            </method>
            <method name="GetScooterById" signature="(System.String)" line-rate="1" branch-rate="1" complexity="1">
              <lines>
                <line number="32" hits="32" branch="False" />
                <line number="33" hits="32" branch="False" />
                <line number="35" hits="32" branch="False" />
                <line number="37" hits="76" branch="False" />
                <line number="38" hits="29" branch="False" />
              </lines>
            </method>
            <method name="GetScooters" signature="()" line-rate="1" branch-rate="1" complexity="1">
              <lines>
                <line number="41" hits="1" branch="False" />
                <line number="42" hits="1" branch="False" />
                <line number="43" hits="1" branch="False" />
              </lines>
            </method>
            <method name="RemoveScooter" signature="(System.String)" line-rate="1" branch-rate="1" complexity="1">
              <lines>
                <line number="46" hits="5" branch="False" />
                <line number="47" hits="5" branch="False" />
                <line number="49" hits="4" branch="False" />
                <line number="51" hits="8" branch="False" />
                <line number="52" hits="2" branch="False" />
              </lines>
            </method>
            <method name="ValidateScooterId" signature="(System.String)" line-rate="1" branch-rate="1" complexity="2">
              <lines>
                <line number="55" hits="57" branch="False" />
                <line number="56" hits="57" branch="True" condition-coverage="100% (2/2)">
                  <conditions>
                    <condition number="9" type="jump" coverage="100%" />
                  </conditions>
                </line>
                <line number="57" hits="2" branch="False" />
                <line number="58" hits="2" branch="False" />
                <line number="60" hits="55" branch="False" />
              </lines>
            </method>
            <method name="ValidateScooterExistance" signature="(System.String)" line-rate="1" branch-rate="1" complexity="2">
              <lines>
                <line number="63" hits="36" branch="False" />
                <line number="64" hits="95" branch="True" condition-coverage="100% (2/2)">
                  <conditions>
                    <condition number="42" type="jump" coverage="100%" />
                  </conditions>
                </line>
                <line number="65" hits="5" branch="False" />
                <line number="66" hits="5" branch="False" />
                <line number="68" hits="31" branch="False" />
              </lines>
            </method>
            <method name=".ctor" signature="(System.Collections.Generic.List`1&lt;ScooterRental.Scooter&gt;)" line-rate="1" branch-rate="1" complexity="1">
              <lines>
                <line number="9" hits="35" branch="False" />
                <line number="10" hits="35" branch="False" />
                <line number="11" hits="35" branch="False" />
                <line number="12" hits="35" branch="False" />
              </lines>
            </method>
          </methods>
          <lines>
            <line number="15" hits="22" branch="False" />
            <line number="16" hits="38" branch="True" condition-coverage="100% (2/2)">
              <conditions>
                <condition number="39" type="jump" coverage="100%" />
              </conditions>
            </line>
            <line number="17" hits="1" branch="False" />
            <line number="18" hits="1" branch="False" />
            <line number="21" hits="21" branch="True" condition-coverage="100% (2/2)">
              <conditions>
                <condition number="61" type="jump" coverage="100%" />
              </conditions>
            </line>
            <line number="22" hits="1" branch="False" />
            <line number="23" hits="1" branch="False" />
            <line number="26" hits="20" branch="False" />
            <line number="28" hits="19" branch="False" />
            <line number="29" hits="19" branch="False" />
            <line number="32" hits="32" branch="False" />
            <line number="33" hits="32" branch="False" />
            <line number="35" hits="32" branch="False" />
            <line number="37" hits="76" branch="False" />
            <line number="38" hits="29" branch="False" />
            <line number="41" hits="1" branch="False" />
            <line number="42" hits="1" branch="False" />
            <line number="43" hits="1" branch="False" />
            <line number="46" hits="5" branch="False" />
            <line number="47" hits="5" branch="False" />
            <line number="49" hits="4" branch="False" />
            <line number="51" hits="8" branch="False" />
            <line number="52" hits="2" branch="False" />
            <line number="55" hits="57" branch="False" />
            <line number="56" hits="57" branch="True" condition-coverage="100% (2/2)">
              <conditions>
                <condition number="9" type="jump" coverage="100%" />
              </conditions>
            </line>
            <line number="57" hits="2" branch="False" />
            <line number="58" hits="2" branch="False" />
            <line number="60" hits="55" branch="False" />
            <line number="63" hits="36" branch="False" />
            <line number="64" hits="95" branch="True" condition-coverage="100% (2/2)">
              <conditions>
                <condition number="42" type="jump" coverage="100%" />
              </conditions>
            </line>
            <line number="65" hits="5" branch="False" />
            <line number="66" hits="5" branch="False" />
            <line number="68" hits="31" branch="False" />
            <line number="9" hits="35" branch="False" />
            <line number="10" hits="35" branch="False" />
            <line number="11" hits="35" branch="False" />
            <line number="12" hits="35" branch="False" />
          </lines>
        </class>
        <class name="ScooterRental.Exceptions.BlankScooterIdException" filename="Desktop\repos\Kympu\codelex-exercises\csharp-basics\exercises\UnitTesting\ScooterRental\Exceptions\BlankScooterIdException.cs" line-rate="1" branch-rate="1" complexity="1">
          <methods>
            <method name=".ctor" signature="()" line-rate="1" branch-rate="1" complexity="1">
              <lines>
                <line number="5" hits="2" branch="False" />
                <line number="6" hits="2" branch="False" />
                <line number="7" hits="2" branch="False" />
              </lines>
            </method>
          </methods>
          <lines>
            <line number="5" hits="2" branch="False" />
            <line number="6" hits="2" branch="False" />
            <line number="7" hits="2" branch="False" />
          </lines>
        </class>
        <class name="ScooterRental.Exceptions.DuplicateScooterExcetpion" filename="Desktop\repos\Kympu\codelex-exercises\csharp-basics\exercises\UnitTesting\ScooterRental\Exceptions\DuplicateScooterExcetpion.cs" line-rate="1" branch-rate="1" complexity="1">
          <methods>
            <method name=".ctor" signature="()" line-rate="1" branch-rate="1" complexity="1">
              <lines>
                <line number="5" hits="1" branch="False" />
                <line number="6" hits="1" branch="False" />
                <line number="7" hits="1" branch="False" />
              </lines>
            </method>
          </methods>
          <lines>
            <line number="5" hits="1" branch="False" />
            <line number="6" hits="1" branch="False" />
            <line number="7" hits="1" branch="False" />
          </lines>
        </class>
        <class name="ScooterRental.Exceptions.InvalidScooterIdException" filename="Desktop\repos\Kympu\codelex-exercises\csharp-basics\exercises\UnitTesting\ScooterRental\Exceptions\InvalidScooterIdException.cs" line-rate="1" branch-rate="1" complexity="1">
          <methods>
            <method name=".ctor" signature="()" line-rate="1" branch-rate="1" complexity="1">
              <lines>
                <line number="5" hits="5" branch="False" />
                <line number="6" hits="5" branch="False" />
                <line number="7" hits="5" branch="False" />
              </lines>
            </method>
          </methods>
          <lines>
            <line number="5" hits="5" branch="False" />
            <line number="6" hits="5" branch="False" />
            <line number="7" hits="5" branch="False" />
          </lines>
        </class>
        <class name="ScooterRental.Exceptions.NegativeScooterPriceException" filename="Desktop\repos\Kympu\codelex-exercises\csharp-basics\exercises\UnitTesting\ScooterRental\Exceptions\NegativeScooterPriceException.cs" line-rate="1" branch-rate="1" complexity="1">
          <methods>
            <method name=".ctor" signature="()" line-rate="1" branch-rate="1" complexity="1">
              <lines>
                <line number="5" hits="1" branch="False" />
                <line number="6" hits="1" branch="False" />
                <line number="7" hits="1" branch="False" />
              </lines>
            </method>
          </methods>
          <lines>
            <line number="5" hits="1" branch="False" />
            <line number="6" hits="1" branch="False" />
            <line number="7" hits="1" branch="False" />
          </lines>
        </class>
        <class name="ScooterRental.Exceptions.NoScootersFoundInYearException" filename="Desktop\repos\Kympu\codelex-exercises\csharp-basics\exercises\UnitTesting\ScooterRental\Exceptions\NoScootersFoundInYearException.cs" line-rate="1" branch-rate="1" complexity="1">
          <methods>
            <method name=".ctor" signature="(System.Int32)" line-rate="1" branch-rate="1" complexity="1">
              <lines>
                <line number="5" hits="1" branch="False" />
                <line number="6" hits="1" branch="False" />
                <line number="7" hits="1" branch="False" />
              </lines>
            </method>
          </methods>
          <lines>
            <line number="5" hits="1" branch="False" />
            <line number="6" hits="1" branch="False" />
            <line number="7" hits="1" branch="False" />
          </lines>
        </class>
        <class name="ScooterRental.Exceptions.RentedScooterListIsEmptyException" filename="Desktop\repos\Kympu\codelex-exercises\csharp-basics\exercises\UnitTesting\ScooterRental\Exceptions\RentedScooterListIsEmptyException.cs" line-rate="1" branch-rate="1" complexity="1">
          <methods>
            <method name=".ctor" signature="()" line-rate="1" branch-rate="1" complexity="1">
              <lines>
                <line number="5" hits="1" branch="False" />
                <line number="6" hits="1" branch="False" />
                <line number="7" hits="1" branch="False" />
              </lines>
            </method>
          </methods>
          <lines>
            <line number="5" hits="1" branch="False" />
            <line number="6" hits="1" branch="False" />
            <line number="7" hits="1" branch="False" />
          </lines>
        </class>
        <class name="ScooterRental.Exceptions.ScooterAlreadyRentedException" filename="Desktop\repos\Kympu\codelex-exercises\csharp-basics\exercises\UnitTesting\ScooterRental\Exceptions\ScooterAlreadyRentedException.cs" line-rate="1" branch-rate="1" complexity="1">
          <methods>
            <method name=".ctor" signature="()" line-rate="1" branch-rate="1" complexity="1">
              <lines>
                <line number="5" hits="1" branch="False" />
                <line number="6" hits="1" branch="False" />
                <line number="7" hits="1" branch="False" />
              </lines>
            </method>
          </methods>
          <lines>
            <line number="5" hits="1" branch="False" />
            <line number="6" hits="1" branch="False" />
            <line number="7" hits="1" branch="False" />
          </lines>
        </class>
        <class name="ScooterRental.Exceptions.ScooterNotRentedException" filename="Desktop\repos\Kympu\codelex-exercises\csharp-basics\exercises\UnitTesting\ScooterRental\Exceptions\ScooterNotRentedException.cs" line-rate="0" branch-rate="1" complexity="1">
          <methods>
            <method name=".ctor" signature="()" line-rate="0" branch-rate="1" complexity="1">
              <lines>
                <line number="5" hits="0" branch="False" />
                <line number="6" hits="0" branch="False" />
                <line number="7" hits="0" branch="False" />
              </lines>
            </method>
          </methods>
          <lines>
            <line number="5" hits="0" branch="False" />
            <line number="6" hits="0" branch="False" />
            <line number="7" hits="0" branch="False" />
          </lines>
        </class>
      </classes>
    </package>
    <package name="ScooterRental.Tests" line-rate="0.9891" branch-rate="1" complexity="33">
      <classes>
        <class name="AutoGeneratedProgram" filename=".nuget\packages\microsoft.net.test.sdk\17.5.0\build\netcoreapp3.1\Microsoft.NET.Test.Sdk.Program.cs" line-rate="0" branch-rate="1" complexity="1">
          <methods>
            <method name="Main" signature="(System.String[])" line-rate="0" branch-rate="1" complexity="1">
              <lines>
                <line number="4" hits="0" branch="False" />
              </lines>
            </method>
          </methods>
          <lines>
            <line number="4" hits="0" branch="False" />
          </lines>
        </class>
        <class name="ScooterRental.Tests.AccountingTests" filename="Desktop\repos\Kympu\codelex-exercises\csharp-basics\exercises\UnitTesting\ScooterRental.Tests\AccountingTests.cs" line-rate="1" branch-rate="1" complexity="6">
          <methods>
            <method name="Initialize" signature="()" line-rate="1" branch-rate="1" complexity="1">
              <lines>
                <line number="17" hits="5" branch="False" />
                <line number="18" hits="5" branch="False" />
                <line number="19" hits="5" branch="False" />
                <line number="20" hits="5" branch="False" />
                <line number="21" hits="5" branch="False" />
                <line number="22" hits="5" branch="False" />
                <line number="23" hits="5" branch="False" />
                <line number="25" hits="5" branch="False" />
                <line number="26" hits="5" branch="False" />
                <line number="27" hits="5" branch="False" />
                <line number="28" hits="5" branch="False" />
                <line number="29" hits="5" branch="False" />
                <line number="30" hits="5" branch="False" />
                <line number="32" hits="5" branch="False" />
                <line number="33" hits="5" branch="False" />
                <line number="34" hits="5" branch="False" />
                <line number="35" hits="5" branch="False" />
                <line number="37" hits="20" branch="False" />
                <line number="38" hits="5" branch="False" />
              </lines>
            </method>
            <method name="CalculateIncome_ScootersRentedin2021_CorrectProfit43_2" signature="()" line-rate="1" branch-rate="1" complexity="1">
              <lines>
                <line number="42" hits="1" branch="False" />
                <line number="43" hits="1" branch="False" />
                <line number="45" hits="1" branch="False" />
                <line number="46" hits="1" branch="False" />
              </lines>
            </method>
            <method name="CalculateIncome_NoScootersFoundInYear_ThrowsNoScooterFoundThisYearException" signature="()" line-rate="1" branch-rate="1" complexity="1">
              <lines>
                <line number="50" hits="1" branch="False" />
                <line number="51" hits="1" branch="False" />
                <line number="53" hits="2" branch="False" />
                <line number="55" hits="1" branch="False" />
                <line number="56" hits="1" branch="False" />
              </lines>
            </method>
            <method name="CalculateIncome_NoScootersFound_ThrowsScooterListIsEmtpyException" signature="()" line-rate="1" branch-rate="1" complexity="1">
              <lines>
                <line number="60" hits="1" branch="False" />
                <line number="61" hits="1" branch="False" />
                <line number="63" hits="2" branch="False" />
                <line number="65" hits="1" branch="False" />
                <line number="66" hits="1" branch="False" />
              </lines>
            </method>
            <method name="CalculateIncome_includeNotCompletedRentalsIsTrue_ValueOfAllScooters" signature="()" line-rate="1" branch-rate="1" complexity="1">
              <lines>
                <line number="70" hits="1" branch="False" />
                <line number="71" hits="1" branch="False" />
                <line number="72" hits="1" branch="False" />
                <line number="74" hits="1" branch="False" />
                <line number="75" hits="1" branch="False" />
                <line number="77" hits="1" branch="False" />
                <line number="79" hits="1" branch="False" />
                <line number="80" hits="1" branch="False" />
              </lines>
            </method>
            <method name="CalculateIncome_RentAScooterAgain_ProfitFromAllScooters" signature="()" line-rate="1" branch-rate="1" complexity="1">
              <lines>
                <line number="84" hits="1" branch="False" />
                <line number="85" hits="1" branch="False" />
                <line number="86" hits="1" branch="False" />
                <line number="88" hits="1" branch="False" />
                <line number="89" hits="1" branch="False" />
                <line number="91" hits="1" branch="False" />
                <line number="93" hits="1" branch="False" />
                <line number="94" hits="1" branch="False" />
              </lines>
            </method>
          </methods>
          <lines>
            <line number="17" hits="5" branch="False" />
            <line number="18" hits="5" branch="False" />
            <line number="19" hits="5" branch="False" />
            <line number="20" hits="5" branch="False" />
            <line number="21" hits="5" branch="False" />
            <line number="22" hits="5" branch="False" />
            <line number="23" hits="5" branch="False" />
            <line number="25" hits="5" branch="False" />
            <line number="26" hits="5" branch="False" />
            <line number="27" hits="5" branch="False" />
            <line number="28" hits="5" branch="False" />
            <line number="29" hits="5" branch="False" />
            <line number="30" hits="5" branch="False" />
            <line number="32" hits="5" branch="False" />
            <line number="33" hits="5" branch="False" />
            <line number="34" hits="5" branch="False" />
            <line number="35" hits="5" branch="False" />
            <line number="37" hits="20" branch="False" />
            <line number="38" hits="5" branch="False" />
            <line number="42" hits="1" branch="False" />
            <line number="43" hits="1" branch="False" />
            <line number="45" hits="1" branch="False" />
            <line number="46" hits="1" branch="False" />
            <line number="50" hits="1" branch="False" />
            <line number="51" hits="1" branch="False" />
            <line number="53" hits="2" branch="False" />
            <line number="55" hits="1" branch="False" />
            <line number="56" hits="1" branch="False" />
            <line number="60" hits="1" branch="False" />
            <line number="61" hits="1" branch="False" />
            <line number="63" hits="2" branch="False" />
            <line number="65" hits="1" branch="False" />
            <line number="66" hits="1" branch="False" />
            <line number="70" hits="1" branch="False" />
            <line number="71" hits="1" branch="False" />
            <line number="72" hits="1" branch="False" />
            <line number="74" hits="1" branch="False" />
            <line number="75" hits="1" branch="False" />
            <line number="77" hits="1" branch="False" />
            <line number="79" hits="1" branch="False" />
            <line number="80" hits="1" branch="False" />
            <line number="84" hits="1" branch="False" />
            <line number="85" hits="1" branch="False" />
            <line number="86" hits="1" branch="False" />
            <line number="88" hits="1" branch="False" />
            <line number="89" hits="1" branch="False" />
            <line number="91" hits="1" branch="False" />
            <line number="93" hits="1" branch="False" />
            <line number="94" hits="1" branch="False" />
          </lines>
        </class>
        <class name="ScooterRental.Tests.RentalCompanyTests" filename="Desktop\repos\Kympu\codelex-exercises\csharp-basics\exercises\UnitTesting\ScooterRental.Tests\RentalCompanyTests.cs" line-rate="1" branch-rate="1" complexity="11">
          <methods>
            <method name="Initialize" signature="()" line-rate="1" branch-rate="1" complexity="1">
              <lines>
                <line number="18" hits="9" branch="False" />
                <line number="19" hits="9" branch="False" />
                <line number="20" hits="9" branch="False" />
                <line number="21" hits="9" branch="False" />
                <line number="22" hits="9" branch="False" />
                <line number="23" hits="9" branch="False" />
                <line number="24" hits="9" branch="False" />
                <line number="25" hits="9" branch="False" />
                <line number="27" hits="9" branch="False" />
                <line number="28" hits="9" branch="False" />
              </lines>
            </method>
            <method name="Name_GetCompanyName_SetToBeDefault" signature="()" line-rate="1" branch-rate="1" complexity="1">
              <lines>
                <line number="32" hits="1" branch="False" />
                <line number="33" hits="1" branch="False" />
                <line number="34" hits="1" branch="False" />
              </lines>
            </method>
            <method name="StartRent_ScooterId_RentedIsTrue" signature="()" line-rate="1" branch-rate="1" complexity="1">
              <lines>
                <line number="38" hits="1" branch="False" />
                <line number="39" hits="1" branch="False" />
                <line number="41" hits="1" branch="False" />
                <line number="43" hits="1" branch="False" />
                <line number="44" hits="1" branch="False" />
              </lines>
            </method>
            <method name="StartRent_WrongScooterId_ThrowsInvalidScooterIdException" signature="()" line-rate="1" branch-rate="1" complexity="1">
              <lines>
                <line number="48" hits="1" branch="False" />
                <line number="49" hits="1" branch="False" />
                <line number="51" hits="2" branch="False" />
                <line number="53" hits="1" branch="False" />
                <line number="54" hits="1" branch="False" />
              </lines>
            </method>
            <method name="StartRent_RentARentedScooter_ThorwsScooterAlreadyRentedExcetpion" signature="()" line-rate="1" branch-rate="1" complexity="1">
              <lines>
                <line number="58" hits="1" branch="False" />
                <line number="59" hits="1" branch="False" />
                <line number="60" hits="2" branch="False" />
                <line number="62" hits="1" branch="False" />
                <line number="63" hits="1" branch="False" />
              </lines>
            </method>
            <method name="EndRent_ScooterId_RentedIsFalse" signature="()" line-rate="1" branch-rate="1" complexity="1">
              <lines>
                <line number="67" hits="1" branch="False" />
                <line number="68" hits="1" branch="False" />
                <line number="70" hits="1" branch="False" />
                <line number="71" hits="1" branch="False" />
                <line number="73" hits="1" branch="False" />
                <line number="74" hits="1" branch="False" />
              </lines>
            </method>
            <method name="EndRent_WrongScooterId_ThrowsInvalidScooterIdException" signature="()" line-rate="1" branch-rate="1" complexity="1">
              <lines>
                <line number="78" hits="1" branch="False" />
                <line number="79" hits="1" branch="False" />
                <line number="81" hits="2" branch="False" />
                <line number="83" hits="1" branch="False" />
                <line number="84" hits="1" branch="False" />
              </lines>
            </method>
            <method name="EndRent_RentFor2Hours_Returns20" signature="()" line-rate="1" branch-rate="1" complexity="1">
              <lines>
                <line number="88" hits="1" branch="False" />
                <line number="89" hits="1" branch="False" />
                <line number="90" hits="1" branch="False" />
                <line number="92" hits="1" branch="False" />
                <line number="94" hits="1" branch="False" />
                <line number="96" hits="1" branch="False" />
                <line number="97" hits="1" branch="False" />
              </lines>
            </method>
            <method name="EndRent_RentFor26HoursAnd12MinutesBetween3Days_Returns42point3" signature="()" line-rate="1" branch-rate="1" complexity="1">
              <lines>
                <line number="101" hits="1" branch="False" />
                <line number="102" hits="1" branch="False" />
                <line number="103" hits="1" branch="False" />
                <line number="105" hits="1" branch="False" />
                <line number="107" hits="1" branch="False" />
                <line number="109" hits="1" branch="False" />
                <line number="110" hits="1" branch="False" />
              </lines>
            </method>
            <method name="EndRent_RentFor74HoursAnd36Minutes_Returns79point2" signature="()" line-rate="1" branch-rate="1" complexity="1">
              <lines>
                <line number="114" hits="1" branch="False" />
                <line number="115" hits="1" branch="False" />
                <line number="116" hits="1" branch="False" />
                <line number="118" hits="1" branch="False" />
                <line number="120" hits="1" branch="False" />
                <line number="122" hits="1" branch="False" />
                <line number="123" hits="1" branch="False" />
              </lines>
            </method>
            <method name=".ctor" signature="()" line-rate="1" branch-rate="1" complexity="1">
              <lines>
                <line number="14" hits="9" branch="False" />
              </lines>
            </method>
          </methods>
          <lines>
            <line number="18" hits="9" branch="False" />
            <line number="19" hits="9" branch="False" />
            <line number="20" hits="9" branch="False" />
            <line number="21" hits="9" branch="False" />
            <line number="22" hits="9" branch="False" />
            <line number="23" hits="9" branch="False" />
            <line number="24" hits="9" branch="False" />
            <line number="25" hits="9" branch="False" />
            <line number="27" hits="9" branch="False" />
            <line number="28" hits="9" branch="False" />
            <line number="32" hits="1" branch="False" />
            <line number="33" hits="1" branch="False" />
            <line number="34" hits="1" branch="False" />
            <line number="38" hits="1" branch="False" />
            <line number="39" hits="1" branch="False" />
            <line number="41" hits="1" branch="False" />
            <line number="43" hits="1" branch="False" />
            <line number="44" hits="1" branch="False" />
            <line number="48" hits="1" branch="False" />
            <line number="49" hits="1" branch="False" />
            <line number="51" hits="2" branch="False" />
            <line number="53" hits="1" branch="False" />
            <line number="54" hits="1" branch="False" />
            <line number="58" hits="1" branch="False" />
            <line number="59" hits="1" branch="False" />
            <line number="60" hits="2" branch="False" />
            <line number="62" hits="1" branch="False" />
            <line number="63" hits="1" branch="False" />
            <line number="67" hits="1" branch="False" />
            <line number="68" hits="1" branch="False" />
            <line number="70" hits="1" branch="False" />
            <line number="71" hits="1" branch="False" />
            <line number="73" hits="1" branch="False" />
            <line number="74" hits="1" branch="False" />
            <line number="78" hits="1" branch="False" />
            <line number="79" hits="1" branch="False" />
            <line number="81" hits="2" branch="False" />
            <line number="83" hits="1" branch="False" />
            <line number="84" hits="1" branch="False" />
            <line number="88" hits="1" branch="False" />
            <line number="89" hits="1" branch="False" />
            <line number="90" hits="1" branch="False" />
            <line number="92" hits="1" branch="False" />
            <line number="94" hits="1" branch="False" />
            <line number="96" hits="1" branch="False" />
            <line number="97" hits="1" branch="False" />
            <line number="101" hits="1" branch="False" />
            <line number="102" hits="1" branch="False" />
            <line number="103" hits="1" branch="False" />
            <line number="105" hits="1" branch="False" />
            <line number="107" hits="1" branch="False" />
            <line number="109" hits="1" branch="False" />
            <line number="110" hits="1" branch="False" />
            <line number="114" hits="1" branch="False" />
            <line number="115" hits="1" branch="False" />
            <line number="116" hits="1" branch="False" />
            <line number="118" hits="1" branch="False" />
            <line number="120" hits="1" branch="False" />
            <line number="122" hits="1" branch="False" />
            <line number="123" hits="1" branch="False" />
            <line number="14" hits="9" branch="False" />
          </lines>
        </class>
        <class name="ScooterRental.Tests.ScooterServiceTests" filename="Desktop\repos\Kympu\codelex-exercises\csharp-basics\exercises\UnitTesting\ScooterRental.Tests\ScooterServiceTests.cs" line-rate="0.9864" branch-rate="1" complexity="15">
          <methods>
            <method name="Initialize" signature="()" line-rate="1" branch-rate="1" complexity="1">
              <lines>
                <line number="16" hits="12" branch="False" />
                <line number="17" hits="12" branch="False" />
                <line number="18" hits="12" branch="False" />
                <line number="19" hits="12" branch="False" />
              </lines>
            </method>
            <method name="AddScooter_WithIdAndPricePerMinute_ScooterAdded" signature="()" line-rate="1" branch-rate="1" complexity="1">
              <lines>
                <line number="23" hits="1" branch="False" />
                <line number="24" hits="1" branch="False" />
                <line number="26" hits="1" branch="False" />
                <line number="27" hits="1" branch="False" />
              </lines>
            </method>
            <method name="AddScooter_WithId1AndPricePerMinute1_ScooterAddedWithId1andPricePerMinute1" signature="()" line-rate="1" branch-rate="1" complexity="1">
              <lines>
                <line number="31" hits="1" branch="False" />
                <line number="32" hits="1" branch="False" />
                <line number="34" hits="1" branch="False" />
                <line number="36" hits="1" branch="False" />
                <line number="37" hits="1" branch="False" />
                <line number="38" hits="1" branch="False" />
              </lines>
            </method>
            <method name="AddScooter_AddDuplicateScooter_ThrowsDuplicateScooterExcetpion" signature="()" line-rate="1" branch-rate="1" complexity="1">
              <lines>
                <line number="42" hits="1" branch="False" />
                <line number="43" hits="1" branch="False" />
                <line number="45" hits="2" branch="False" />
                <line number="47" hits="1" branch="False" />
                <line number="48" hits="1" branch="False" />
              </lines>
            </method>
            <method name="AddScooter_AddScooterWithNegativePrice_ThrowsNegativeScooterPriceExcetpion" signature="()" line-rate="1" branch-rate="1" complexity="1">
              <lines>
                <line number="52" hits="1" branch="False" />
                <line number="53" hits="2" branch="False" />
                <line number="55" hits="1" branch="False" />
                <line number="56" hits="1" branch="False" />
              </lines>
            </method>
            <method name="AddScooter_AddScooterWithBlankId_ThrowsBlankScooterIdExcetpion" signature="()" line-rate="1" branch-rate="1" complexity="1">
              <lines>
                <line number="60" hits="1" branch="False" />
                <line number="61" hits="2" branch="False" />
                <line number="63" hits="1" branch="False" />
                <line number="64" hits="1" branch="False" />
              </lines>
            </method>
            <method name="GetScooterById_AddScooterWithId_ReturnScooterSameWithId" signature="()" line-rate="1" branch-rate="1" complexity="1">
              <lines>
                <line number="68" hits="1" branch="False" />
                <line number="69" hits="1" branch="False" />
                <line number="70" hits="1" branch="False" />
                <line number="72" hits="1" branch="False" />
                <line number="73" hits="1" branch="False" />
              </lines>
            </method>
            <method name="GetScooterById_AddScooterWithIdAndSearchDifferentId_ThrowsInvalidScooterIdExceptionExcetion" signature="()" line-rate="1" branch-rate="1" complexity="1">
              <lines>
                <line number="77" hits="1" branch="False" />
                <line number="78" hits="1" branch="False" />
                <line number="80" hits="1" branch="False" />
                <line number="81" hits="2" branch="False" />
                <line number="83" hits="1" branch="False" />
                <line number="84" hits="1" branch="False" />
              </lines>
            </method>
            <method name="GetScooters_AddScootersToTheList_CopyListAndDisplayScooterCount" signature="()" line-rate="1" branch-rate="1" complexity="1">
              <lines>
                <line number="88" hits="1" branch="False" />
                <line number="89" hits="1" branch="False" />
                <line number="91" hits="1" branch="False" />
                <line number="93" hits="1" branch="False" />
                <line number="94" hits="1" branch="False" />
              </lines>
            </method>
            <method name="RemoveScooter_AddScootersToList_RemoveScooterByIdAndGetListSize" signature="()" line-rate="1" branch-rate="1" complexity="1">
              <lines>
                <line number="98" hits="1" branch="False" />
                <line number="99" hits="1" branch="False" />
                <line number="100" hits="1" branch="False" />
                <line number="102" hits="1" branch="False" />
                <line number="104" hits="1" branch="False" />
                <line number="105" hits="1" branch="False" />
              </lines>
            </method>
            <method name="RemoveScooter_AddScootersToListRemoveOneAndCheckIfIdIsRemoved_ThrowInvalidScooterIdExcetpion" signature="()" line-rate="1" branch-rate="1" complexity="1">
              <lines>
                <line number="109" hits="1" branch="False" />
                <line number="110" hits="1" branch="False" />
                <line number="111" hits="1" branch="False" />
                <line number="113" hits="1" branch="False" />
                <line number="114" hits="2" branch="False" />
                <line number="116" hits="1" branch="False" />
                <line number="117" hits="1" branch="False" />
              </lines>
            </method>
            <method name="RemoveScooter_AddScootersToListAndSetWrongScooterId_ThrowInvalidScooterIdException" signature="()" line-rate="1" branch-rate="1" complexity="1">
              <lines>
                <line number="121" hits="1" branch="False" />
                <line number="122" hits="1" branch="False" />
                <line number="123" hits="1" branch="False" />
                <line number="125" hits="2" branch="False" />
                <line number="127" hits="1" branch="False" />
                <line number="128" hits="1" branch="False" />
              </lines>
            </method>
            <method name="RemoveScooter_AddScootersToListAndSetBlankScooterId_ThrowBlankScooterIdException" signature="()" line-rate="1" branch-rate="1" complexity="1">
              <lines>
                <line number="132" hits="1" branch="False" />
                <line number="133" hits="1" branch="False" />
                <line number="134" hits="1" branch="False" />
                <line number="136" hits="2" branch="False" />
                <line number="138" hits="1" branch="False" />
                <line number="139" hits="1" branch="False" />
              </lines>
            </method>
            <method name="AddThreeScooters" signature="()" line-rate="1" branch-rate="1" complexity="1">
              <lines>
                <line number="142" hits="5" branch="False" />
                <line number="143" hits="5" branch="False" />
                <line number="144" hits="5" branch="False" />
                <line number="145" hits="5" branch="False" />
                <line number="146" hits="5" branch="False" />
              </lines>
            </method>
            <method name=".cctor" signature="()" line-rate="0" branch-rate="1" complexity="1">
              <lines>
                <line number="12" hits="0" branch="False" />
              </lines>
            </method>
          </methods>
          <lines>
            <line number="16" hits="12" branch="False" />
            <line number="17" hits="12" branch="False" />
            <line number="18" hits="12" branch="False" />
            <line number="19" hits="12" branch="False" />
            <line number="23" hits="1" branch="False" />
            <line number="24" hits="1" branch="False" />
            <line number="26" hits="1" branch="False" />
            <line number="27" hits="1" branch="False" />
            <line number="31" hits="1" branch="False" />
            <line number="32" hits="1" branch="False" />
            <line number="34" hits="1" branch="False" />
            <line number="36" hits="1" branch="False" />
            <line number="37" hits="1" branch="False" />
            <line number="38" hits="1" branch="False" />
            <line number="42" hits="1" branch="False" />
            <line number="43" hits="1" branch="False" />
            <line number="45" hits="2" branch="False" />
            <line number="47" hits="1" branch="False" />
            <line number="48" hits="1" branch="False" />
            <line number="52" hits="1" branch="False" />
            <line number="53" hits="2" branch="False" />
            <line number="55" hits="1" branch="False" />
            <line number="56" hits="1" branch="False" />
            <line number="60" hits="1" branch="False" />
            <line number="61" hits="2" branch="False" />
            <line number="63" hits="1" branch="False" />
            <line number="64" hits="1" branch="False" />
            <line number="68" hits="1" branch="False" />
            <line number="69" hits="1" branch="False" />
            <line number="70" hits="1" branch="False" />
            <line number="72" hits="1" branch="False" />
            <line number="73" hits="1" branch="False" />
            <line number="77" hits="1" branch="False" />
            <line number="78" hits="1" branch="False" />
            <line number="80" hits="1" branch="False" />
            <line number="81" hits="2" branch="False" />
            <line number="83" hits="1" branch="False" />
            <line number="84" hits="1" branch="False" />
            <line number="88" hits="1" branch="False" />
            <line number="89" hits="1" branch="False" />
            <line number="91" hits="1" branch="False" />
            <line number="93" hits="1" branch="False" />
            <line number="94" hits="1" branch="False" />
            <line number="98" hits="1" branch="False" />
            <line number="99" hits="1" branch="False" />
            <line number="100" hits="1" branch="False" />
            <line number="102" hits="1" branch="False" />
            <line number="104" hits="1" branch="False" />
            <line number="105" hits="1" branch="False" />
            <line number="109" hits="1" branch="False" />
            <line number="110" hits="1" branch="False" />
            <line number="111" hits="1" branch="False" />
            <line number="113" hits="1" branch="False" />
            <line number="114" hits="2" branch="False" />
            <line number="116" hits="1" branch="False" />
            <line number="117" hits="1" branch="False" />
            <line number="121" hits="1" branch="False" />
            <line number="122" hits="1" branch="False" />
            <line number="123" hits="1" branch="False" />
            <line number="125" hits="2" branch="False" />
            <line number="127" hits="1" branch="False" />
            <line number="128" hits="1" branch="False" />
            <line number="132" hits="1" branch="False" />
            <line number="133" hits="1" branch="False" />
            <line number="134" hits="1" branch="False" />
            <line number="136" hits="2" branch="False" />
            <line number="138" hits="1" branch="False" />
            <line number="139" hits="1" branch="False" />
            <line number="142" hits="5" branch="False" />
            <line number="143" hits="5" branch="False" />
            <line number="144" hits="5" branch="False" />
            <line number="145" hits="5" branch="False" />
            <line number="146" hits="5" branch="False" />
            <line number="12" hits="0" branch="False" />
          </lines>
        </class>
      </classes>
    </package>
  </packages>
</coverage>